[0.056s] DEBUG:colcon:Command line arguments: ['/usr/bin/colcon', 'build', '--symlink-install']
[0.056s] DEBUG:colcon:Parsed command line arguments: Namespace(log_base=None, log_level=None, verb_name='build', build_base='build', install_base='install', merge_install=False, symlink_install=True, test_result_base=None, continue_on_error=False, executor='parallel', parallel_workers=24, event_handlers=None, ignore_user_meta=False, metas=['./colcon.meta'], base_paths=['.'], packages_ignore=None, packages_ignore_regex=None, paths=None, packages_up_to=None, packages_up_to_regex=None, packages_above=None, packages_above_and_dependencies=None, packages_above_depth=None, packages_select_by_dep=None, packages_skip_by_dep=None, packages_skip_up_to=None, packages_select_build_failed=False, packages_skip_build_finished=False, packages_select_test_failures=False, packages_skip_test_passed=False, packages_select=None, packages_skip=None, packages_select_regex=None, packages_skip_regex=None, packages_start=None, packages_end=None, allow_overriding=[], cmake_args=None, cmake_target=None, cmake_target_skip_unavailable=False, cmake_clean_cache=False, cmake_clean_first=False, cmake_force_configure=False, ament_cmake_args=None, catkin_cmake_args=None, catkin_skip_building_tests=False, mixin_files=None, mixin=None, verb_parser=<colcon_mixin.mixin.mixin_argument.MixinArgumentDecorator object at 0x7372c71015a0>, verb_extension=<colcon_core.verb.build.BuildVerb object at 0x7372c7282a40>, main=<bound method BuildVerb.main of <colcon_core.verb.build.BuildVerb object at 0x7372c7282a40>>, mixin_verb=('build',))
[0.123s] Level 1:colcon.colcon_core.package_discovery:discover_packages(colcon_meta) check parameters
[0.123s] Level 1:colcon.colcon_core.package_discovery:discover_packages(recursive) check parameters
[0.123s] Level 1:colcon.colcon_core.package_discovery:discover_packages(ignore) check parameters
[0.123s] Level 1:colcon.colcon_core.package_discovery:discover_packages(path) check parameters
[0.123s] Level 1:colcon.colcon_core.package_discovery:discover_packages(colcon_meta) discover
[0.123s] Level 1:colcon.colcon_core.package_discovery:discover_packages(recursive) discover
[0.123s] INFO:colcon.colcon_core.package_discovery:Crawling recursively for packages in '/home/rosrunner/DrawMeMaybe/ros2_ws'
[0.123s] Level 1:colcon.colcon_core.package_identification:_identify(.) by extensions ['ignore', 'ignore_ament_install']
[0.123s] Level 1:colcon.colcon_core.package_identification:_identify(.) by extension 'ignore'
[0.123s] Level 1:colcon.colcon_core.package_identification:_identify(.) by extension 'ignore_ament_install'
[0.123s] Level 1:colcon.colcon_core.package_identification:_identify(.) by extensions ['colcon_pkg']
[0.123s] Level 1:colcon.colcon_core.package_identification:_identify(.) by extension 'colcon_pkg'
[0.123s] Level 1:colcon.colcon_core.package_identification:_identify(.) by extensions ['colcon_meta']
[0.123s] Level 1:colcon.colcon_core.package_identification:_identify(.) by extension 'colcon_meta'
[0.123s] Level 1:colcon.colcon_core.package_identification:_identify(.) by extensions ['ros']
[0.123s] Level 1:colcon.colcon_core.package_identification:_identify(.) by extension 'ros'
[0.127s] Level 1:colcon.colcon_core.package_identification:_identify(.) by extensions ['cmake', 'python']
[0.127s] Level 1:colcon.colcon_core.package_identification:_identify(.) by extension 'cmake'
[0.127s] Level 1:colcon.colcon_core.package_identification:_identify(.) by extension 'python'
[0.127s] Level 1:colcon.colcon_core.package_identification:_identify(.) by extensions ['python_setup_py']
[0.127s] Level 1:colcon.colcon_core.package_identification:_identify(.) by extension 'python_setup_py'
[0.127s] Level 1:colcon.colcon_core.package_identification:_identify(build) by extensions ['ignore', 'ignore_ament_install']
[0.128s] Level 1:colcon.colcon_core.package_identification:_identify(build) by extension 'ignore'
[0.128s] Level 1:colcon.colcon_core.package_identification:_identify(build) ignored
[0.128s] Level 1:colcon.colcon_core.package_identification:_identify(install) by extensions ['ignore', 'ignore_ament_install']
[0.128s] Level 1:colcon.colcon_core.package_identification:_identify(install) by extension 'ignore'
[0.128s] Level 1:colcon.colcon_core.package_identification:_identify(install) ignored
[0.128s] Level 1:colcon.colcon_core.package_identification:_identify(log) by extensions ['ignore', 'ignore_ament_install']
[0.128s] Level 1:colcon.colcon_core.package_identification:_identify(log) by extension 'ignore'
[0.128s] Level 1:colcon.colcon_core.package_identification:_identify(log) ignored
[0.128s] Level 1:colcon.colcon_core.package_identification:_identify(src) by extensions ['ignore', 'ignore_ament_install']
[0.128s] Level 1:colcon.colcon_core.package_identification:_identify(src) by extension 'ignore'
[0.128s] Level 1:colcon.colcon_core.package_identification:_identify(src) by extension 'ignore_ament_install'
[0.128s] Level 1:colcon.colcon_core.package_identification:_identify(src) by extensions ['colcon_pkg']
[0.128s] Level 1:colcon.colcon_core.package_identification:_identify(src) by extension 'colcon_pkg'
[0.128s] Level 1:colcon.colcon_core.package_identification:_identify(src) by extensions ['colcon_meta']
[0.128s] Level 1:colcon.colcon_core.package_identification:_identify(src) by extension 'colcon_meta'
[0.128s] Level 1:colcon.colcon_core.package_identification:_identify(src) by extensions ['ros']
[0.128s] Level 1:colcon.colcon_core.package_identification:_identify(src) by extension 'ros'
[0.128s] Level 1:colcon.colcon_core.package_identification:_identify(src) by extensions ['cmake', 'python']
[0.128s] Level 1:colcon.colcon_core.package_identification:_identify(src) by extension 'cmake'
[0.128s] Level 1:colcon.colcon_core.package_identification:_identify(src) by extension 'python'
[0.128s] Level 1:colcon.colcon_core.package_identification:_identify(src) by extensions ['python_setup_py']
[0.128s] Level 1:colcon.colcon_core.package_identification:_identify(src) by extension 'python_setup_py'
[0.128s] Level 1:colcon.colcon_core.package_identification:_identify(src/ur_description) by extensions ['ignore', 'ignore_ament_install']
[0.128s] Level 1:colcon.colcon_core.package_identification:_identify(src/ur_description) by extension 'ignore'
[0.128s] Level 1:colcon.colcon_core.package_identification:_identify(src/ur_description) by extension 'ignore_ament_install'
[0.128s] Level 1:colcon.colcon_core.package_identification:_identify(src/ur_description) by extensions ['colcon_pkg']
[0.128s] Level 1:colcon.colcon_core.package_identification:_identify(src/ur_description) by extension 'colcon_pkg'
[0.128s] Level 1:colcon.colcon_core.package_identification:_identify(src/ur_description) by extensions ['colcon_meta']
[0.128s] Level 1:colcon.colcon_core.package_identification:_identify(src/ur_description) by extension 'colcon_meta'
[0.128s] Level 1:colcon.colcon_core.package_identification:_identify(src/ur_description) by extensions ['ros']
[0.128s] Level 1:colcon.colcon_core.package_identification:_identify(src/ur_description) by extension 'ros'
[0.129s] DEBUG:colcon.colcon_core.package_identification:Package 'src/ur_description' with type 'ros.ament_cmake' and name 'ur_description'
[0.129s] Level 1:colcon.colcon_core.package_identification:_identify(src/ur_ros2_driver) by extensions ['ignore', 'ignore_ament_install']
[0.129s] Level 1:colcon.colcon_core.package_identification:_identify(src/ur_ros2_driver) by extension 'ignore'
[0.129s] Level 1:colcon.colcon_core.package_identification:_identify(src/ur_ros2_driver) by extension 'ignore_ament_install'
[0.129s] Level 1:colcon.colcon_core.package_identification:_identify(src/ur_ros2_driver) by extensions ['colcon_pkg']
[0.129s] Level 1:colcon.colcon_core.package_identification:_identify(src/ur_ros2_driver) by extension 'colcon_pkg'
[0.129s] Level 1:colcon.colcon_core.package_identification:_identify(src/ur_ros2_driver) by extensions ['colcon_meta']
[0.129s] Level 1:colcon.colcon_core.package_identification:_identify(src/ur_ros2_driver) by extension 'colcon_meta'
[0.129s] Level 1:colcon.colcon_core.package_identification:_identify(src/ur_ros2_driver) by extensions ['ros']
[0.129s] Level 1:colcon.colcon_core.package_identification:_identify(src/ur_ros2_driver) by extension 'ros'
[0.129s] Level 1:colcon.colcon_core.package_identification:_identify(src/ur_ros2_driver) by extensions ['cmake', 'python']
[0.129s] Level 1:colcon.colcon_core.package_identification:_identify(src/ur_ros2_driver) by extension 'cmake'
[0.129s] Level 1:colcon.colcon_core.package_identification:_identify(src/ur_ros2_driver) by extension 'python'
[0.129s] Level 1:colcon.colcon_core.package_identification:_identify(src/ur_ros2_driver) by extensions ['python_setup_py']
[0.129s] Level 1:colcon.colcon_core.package_identification:_identify(src/ur_ros2_driver) by extension 'python_setup_py'
[0.129s] Level 1:colcon.colcon_core.package_identification:_identify(src/ur_ros2_driver/ur) by extensions ['ignore', 'ignore_ament_install']
[0.129s] Level 1:colcon.colcon_core.package_identification:_identify(src/ur_ros2_driver/ur) by extension 'ignore'
[0.129s] Level 1:colcon.colcon_core.package_identification:_identify(src/ur_ros2_driver/ur) by extension 'ignore_ament_install'
[0.130s] Level 1:colcon.colcon_core.package_identification:_identify(src/ur_ros2_driver/ur) by extensions ['colcon_pkg']
[0.130s] Level 1:colcon.colcon_core.package_identification:_identify(src/ur_ros2_driver/ur) by extension 'colcon_pkg'
[0.130s] Level 1:colcon.colcon_core.package_identification:_identify(src/ur_ros2_driver/ur) by extensions ['colcon_meta']
[0.130s] Level 1:colcon.colcon_core.package_identification:_identify(src/ur_ros2_driver/ur) by extension 'colcon_meta'
[0.130s] Level 1:colcon.colcon_core.package_identification:_identify(src/ur_ros2_driver/ur) by extensions ['ros']
[0.130s] Level 1:colcon.colcon_core.package_identification:_identify(src/ur_ros2_driver/ur) by extension 'ros'
[0.130s] DEBUG:colcon.colcon_core.package_identification:Package 'src/ur_ros2_driver/ur' with type 'ros.ament_cmake' and name 'ur'
[0.130s] Level 1:colcon.colcon_core.package_identification:_identify(src/ur_ros2_driver/ur_bringup) by extensions ['ignore', 'ignore_ament_install']
[0.130s] Level 1:colcon.colcon_core.package_identification:_identify(src/ur_ros2_driver/ur_bringup) by extension 'ignore'
[0.130s] Level 1:colcon.colcon_core.package_identification:_identify(src/ur_ros2_driver/ur_bringup) by extension 'ignore_ament_install'
[0.130s] Level 1:colcon.colcon_core.package_identification:_identify(src/ur_ros2_driver/ur_bringup) by extensions ['colcon_pkg']
[0.130s] Level 1:colcon.colcon_core.package_identification:_identify(src/ur_ros2_driver/ur_bringup) by extension 'colcon_pkg'
[0.130s] Level 1:colcon.colcon_core.package_identification:_identify(src/ur_ros2_driver/ur_bringup) by extensions ['colcon_meta']
[0.130s] Level 1:colcon.colcon_core.package_identification:_identify(src/ur_ros2_driver/ur_bringup) by extension 'colcon_meta'
[0.130s] Level 1:colcon.colcon_core.package_identification:_identify(src/ur_ros2_driver/ur_bringup) by extensions ['ros']
[0.130s] Level 1:colcon.colcon_core.package_identification:_identify(src/ur_ros2_driver/ur_bringup) by extension 'ros'
[0.130s] DEBUG:colcon.colcon_core.package_identification:Package 'src/ur_ros2_driver/ur_bringup' with type 'ros.ament_cmake' and name 'ur_bringup'
[0.130s] Level 1:colcon.colcon_core.package_identification:_identify(src/ur_ros2_driver/ur_calibration) by extensions ['ignore', 'ignore_ament_install']
[0.130s] Level 1:colcon.colcon_core.package_identification:_identify(src/ur_ros2_driver/ur_calibration) by extension 'ignore'
[0.130s] Level 1:colcon.colcon_core.package_identification:_identify(src/ur_ros2_driver/ur_calibration) by extension 'ignore_ament_install'
[0.130s] Level 1:colcon.colcon_core.package_identification:_identify(src/ur_ros2_driver/ur_calibration) by extensions ['colcon_pkg']
[0.130s] Level 1:colcon.colcon_core.package_identification:_identify(src/ur_ros2_driver/ur_calibration) by extension 'colcon_pkg'
[0.130s] Level 1:colcon.colcon_core.package_identification:_identify(src/ur_ros2_driver/ur_calibration) by extensions ['colcon_meta']
[0.130s] Level 1:colcon.colcon_core.package_identification:_identify(src/ur_ros2_driver/ur_calibration) by extension 'colcon_meta'
[0.130s] Level 1:colcon.colcon_core.package_identification:_identify(src/ur_ros2_driver/ur_calibration) by extensions ['ros']
[0.130s] Level 1:colcon.colcon_core.package_identification:_identify(src/ur_ros2_driver/ur_calibration) by extension 'ros'
[0.131s] DEBUG:colcon.colcon_core.package_identification:Package 'src/ur_ros2_driver/ur_calibration' with type 'ros.ament_cmake' and name 'ur_calibration'
[0.131s] Level 1:colcon.colcon_core.package_identification:_identify(src/ur_ros2_driver/ur_controllers) by extensions ['ignore', 'ignore_ament_install']
[0.131s] Level 1:colcon.colcon_core.package_identification:_identify(src/ur_ros2_driver/ur_controllers) by extension 'ignore'
[0.131s] Level 1:colcon.colcon_core.package_identification:_identify(src/ur_ros2_driver/ur_controllers) by extension 'ignore_ament_install'
[0.131s] Level 1:colcon.colcon_core.package_identification:_identify(src/ur_ros2_driver/ur_controllers) by extensions ['colcon_pkg']
[0.131s] Level 1:colcon.colcon_core.package_identification:_identify(src/ur_ros2_driver/ur_controllers) by extension 'colcon_pkg'
[0.131s] Level 1:colcon.colcon_core.package_identification:_identify(src/ur_ros2_driver/ur_controllers) by extensions ['colcon_meta']
[0.131s] Level 1:colcon.colcon_core.package_identification:_identify(src/ur_ros2_driver/ur_controllers) by extension 'colcon_meta'
[0.131s] Level 1:colcon.colcon_core.package_identification:_identify(src/ur_ros2_driver/ur_controllers) by extensions ['ros']
[0.131s] Level 1:colcon.colcon_core.package_identification:_identify(src/ur_ros2_driver/ur_controllers) by extension 'ros'
[0.132s] DEBUG:colcon.colcon_core.package_identification:Package 'src/ur_ros2_driver/ur_controllers' with type 'ros.ament_cmake' and name 'ur_controllers'
[0.132s] Level 1:colcon.colcon_core.package_identification:_identify(src/ur_ros2_driver/ur_dashboard_msgs) by extensions ['ignore', 'ignore_ament_install']
[0.132s] Level 1:colcon.colcon_core.package_identification:_identify(src/ur_ros2_driver/ur_dashboard_msgs) by extension 'ignore'
[0.132s] Level 1:colcon.colcon_core.package_identification:_identify(src/ur_ros2_driver/ur_dashboard_msgs) by extension 'ignore_ament_install'
[0.132s] Level 1:colcon.colcon_core.package_identification:_identify(src/ur_ros2_driver/ur_dashboard_msgs) by extensions ['colcon_pkg']
[0.132s] Level 1:colcon.colcon_core.package_identification:_identify(src/ur_ros2_driver/ur_dashboard_msgs) by extension 'colcon_pkg'
[0.132s] Level 1:colcon.colcon_core.package_identification:_identify(src/ur_ros2_driver/ur_dashboard_msgs) by extensions ['colcon_meta']
[0.132s] Level 1:colcon.colcon_core.package_identification:_identify(src/ur_ros2_driver/ur_dashboard_msgs) by extension 'colcon_meta'
[0.132s] Level 1:colcon.colcon_core.package_identification:_identify(src/ur_ros2_driver/ur_dashboard_msgs) by extensions ['ros']
[0.132s] Level 1:colcon.colcon_core.package_identification:_identify(src/ur_ros2_driver/ur_dashboard_msgs) by extension 'ros'
[0.132s] DEBUG:colcon.colcon_core.package_identification:Package 'src/ur_ros2_driver/ur_dashboard_msgs' with type 'ros.ament_cmake' and name 'ur_dashboard_msgs'
[0.132s] Level 1:colcon.colcon_core.package_identification:_identify(src/ur_ros2_driver/ur_moveit_config) by extensions ['ignore', 'ignore_ament_install']
[0.132s] Level 1:colcon.colcon_core.package_identification:_identify(src/ur_ros2_driver/ur_moveit_config) by extension 'ignore'
[0.132s] Level 1:colcon.colcon_core.package_identification:_identify(src/ur_ros2_driver/ur_moveit_config) by extension 'ignore_ament_install'
[0.132s] Level 1:colcon.colcon_core.package_identification:_identify(src/ur_ros2_driver/ur_moveit_config) by extensions ['colcon_pkg']
[0.132s] Level 1:colcon.colcon_core.package_identification:_identify(src/ur_ros2_driver/ur_moveit_config) by extension 'colcon_pkg'
[0.132s] Level 1:colcon.colcon_core.package_identification:_identify(src/ur_ros2_driver/ur_moveit_config) by extensions ['colcon_meta']
[0.132s] Level 1:colcon.colcon_core.package_identification:_identify(src/ur_ros2_driver/ur_moveit_config) by extension 'colcon_meta'
[0.132s] Level 1:colcon.colcon_core.package_identification:_identify(src/ur_ros2_driver/ur_moveit_config) by extensions ['ros']
[0.132s] Level 1:colcon.colcon_core.package_identification:_identify(src/ur_ros2_driver/ur_moveit_config) by extension 'ros'
[0.132s] DEBUG:colcon.colcon_core.package_identification:Package 'src/ur_ros2_driver/ur_moveit_config' with type 'ros.ament_cmake' and name 'ur_moveit_config'
[0.133s] Level 1:colcon.colcon_core.package_identification:_identify(src/ur_ros2_driver/ur_robot_driver) by extensions ['ignore', 'ignore_ament_install']
[0.133s] Level 1:colcon.colcon_core.package_identification:_identify(src/ur_ros2_driver/ur_robot_driver) by extension 'ignore'
[0.133s] Level 1:colcon.colcon_core.package_identification:_identify(src/ur_ros2_driver/ur_robot_driver) by extension 'ignore_ament_install'
[0.133s] Level 1:colcon.colcon_core.package_identification:_identify(src/ur_ros2_driver/ur_robot_driver) by extensions ['colcon_pkg']
[0.133s] Level 1:colcon.colcon_core.package_identification:_identify(src/ur_ros2_driver/ur_robot_driver) by extension 'colcon_pkg'
[0.133s] Level 1:colcon.colcon_core.package_identification:_identify(src/ur_ros2_driver/ur_robot_driver) by extensions ['colcon_meta']
[0.133s] Level 1:colcon.colcon_core.package_identification:_identify(src/ur_ros2_driver/ur_robot_driver) by extension 'colcon_meta'
[0.133s] Level 1:colcon.colcon_core.package_identification:_identify(src/ur_ros2_driver/ur_robot_driver) by extensions ['ros']
[0.133s] Level 1:colcon.colcon_core.package_identification:_identify(src/ur_ros2_driver/ur_robot_driver) by extension 'ros'
[0.133s] DEBUG:colcon.colcon_core.package_identification:Package 'src/ur_ros2_driver/ur_robot_driver' with type 'ros.ament_cmake' and name 'ur_robot_driver'
[0.133s] Level 1:colcon.colcon_core.package_discovery:discover_packages(recursive) using defaults
[0.134s] Level 1:colcon.colcon_core.package_discovery:discover_packages(ignore) discover
[0.134s] Level 1:colcon.colcon_core.package_discovery:discover_packages(ignore) using defaults
[0.134s] Level 1:colcon.colcon_core.package_discovery:discover_packages(path) discover
[0.134s] Level 1:colcon.colcon_core.package_discovery:discover_packages(path) using defaults
[0.146s] Level 1:colcon.colcon_core.package_discovery:discover_packages(prefix_path) check parameters
[0.146s] Level 1:colcon.colcon_core.package_discovery:discover_packages(prefix_path) discover
[0.146s] DEBUG:colcon.colcon_installed_package_information.package_discovery:Found 1 installed packages in /home/rosrunner/DrawMeMaybe/ros2_ws/install
[0.147s] DEBUG:colcon.colcon_installed_package_information.package_discovery:Found 272 installed packages in /opt/ros/humble
[0.147s] Level 1:colcon.colcon_core.package_discovery:discover_packages(prefix_path) using defaults
[0.160s] Level 5:colcon.colcon_core.verb:set package 'ur_dashboard_msgs' build argument 'cmake_args' from command line to 'None'
[0.160s] Level 5:colcon.colcon_core.verb:set package 'ur_dashboard_msgs' build argument 'cmake_target' from command line to 'None'
[0.160s] Level 5:colcon.colcon_core.verb:set package 'ur_dashboard_msgs' build argument 'cmake_target_skip_unavailable' from command line to 'False'
[0.160s] Level 5:colcon.colcon_core.verb:set package 'ur_dashboard_msgs' build argument 'cmake_clean_cache' from command line to 'False'
[0.160s] Level 5:colcon.colcon_core.verb:set package 'ur_dashboard_msgs' build argument 'cmake_clean_first' from command line to 'False'
[0.160s] Level 5:colcon.colcon_core.verb:set package 'ur_dashboard_msgs' build argument 'cmake_force_configure' from command line to 'False'
[0.160s] Level 5:colcon.colcon_core.verb:set package 'ur_dashboard_msgs' build argument 'ament_cmake_args' from command line to 'None'
[0.160s] Level 5:colcon.colcon_core.verb:set package 'ur_dashboard_msgs' build argument 'catkin_cmake_args' from command line to 'None'
[0.160s] Level 5:colcon.colcon_core.verb:set package 'ur_dashboard_msgs' build argument 'catkin_skip_building_tests' from command line to 'False'
[0.160s] DEBUG:colcon.colcon_core.verb:Building package 'ur_dashboard_msgs' with the following arguments: {'ament_cmake_args': None, 'build_base': '/home/rosrunner/DrawMeMaybe/ros2_ws/build/ur_dashboard_msgs', 'catkin_cmake_args': None, 'catkin_skip_building_tests': False, 'cmake_args': None, 'cmake_clean_cache': False, 'cmake_clean_first': False, 'cmake_force_configure': False, 'cmake_target': None, 'cmake_target_skip_unavailable': False, 'install_base': '/home/rosrunner/DrawMeMaybe/ros2_ws/install/ur_dashboard_msgs', 'merge_install': False, 'path': '/home/rosrunner/DrawMeMaybe/ros2_ws/src/ur_ros2_driver/ur_dashboard_msgs', 'symlink_install': True, 'test_result_base': None}
[0.160s] Level 5:colcon.colcon_core.verb:set package 'ur_description' build argument 'cmake_args' from command line to 'None'
[0.160s] Level 5:colcon.colcon_core.verb:set package 'ur_description' build argument 'cmake_target' from command line to 'None'
[0.160s] Level 5:colcon.colcon_core.verb:set package 'ur_description' build argument 'cmake_target_skip_unavailable' from command line to 'False'
[0.160s] Level 5:colcon.colcon_core.verb:set package 'ur_description' build argument 'cmake_clean_cache' from command line to 'False'
[0.160s] Level 5:colcon.colcon_core.verb:set package 'ur_description' build argument 'cmake_clean_first' from command line to 'False'
[0.160s] Level 5:colcon.colcon_core.verb:set package 'ur_description' build argument 'cmake_force_configure' from command line to 'False'
[0.160s] Level 5:colcon.colcon_core.verb:set package 'ur_description' build argument 'ament_cmake_args' from command line to 'None'
[0.160s] Level 5:colcon.colcon_core.verb:set package 'ur_description' build argument 'catkin_cmake_args' from command line to 'None'
[0.160s] Level 5:colcon.colcon_core.verb:set package 'ur_description' build argument 'catkin_skip_building_tests' from command line to 'False'
[0.160s] DEBUG:colcon.colcon_core.verb:Building package 'ur_description' with the following arguments: {'ament_cmake_args': None, 'build_base': '/home/rosrunner/DrawMeMaybe/ros2_ws/build/ur_description', 'catkin_cmake_args': None, 'catkin_skip_building_tests': False, 'cmake_args': None, 'cmake_clean_cache': False, 'cmake_clean_first': False, 'cmake_force_configure': False, 'cmake_target': None, 'cmake_target_skip_unavailable': False, 'install_base': '/home/rosrunner/DrawMeMaybe/ros2_ws/install/ur_description', 'merge_install': False, 'path': '/home/rosrunner/DrawMeMaybe/ros2_ws/src/ur_description', 'symlink_install': True, 'test_result_base': None}
[0.160s] Level 5:colcon.colcon_core.verb:set package 'ur_controllers' build argument 'cmake_args' from command line to 'None'
[0.160s] Level 5:colcon.colcon_core.verb:set package 'ur_controllers' build argument 'cmake_target' from command line to 'None'
[0.160s] Level 5:colcon.colcon_core.verb:set package 'ur_controllers' build argument 'cmake_target_skip_unavailable' from command line to 'False'
[0.160s] Level 5:colcon.colcon_core.verb:set package 'ur_controllers' build argument 'cmake_clean_cache' from command line to 'False'
[0.160s] Level 5:colcon.colcon_core.verb:set package 'ur_controllers' build argument 'cmake_clean_first' from command line to 'False'
[0.160s] Level 5:colcon.colcon_core.verb:set package 'ur_controllers' build argument 'cmake_force_configure' from command line to 'False'
[0.160s] Level 5:colcon.colcon_core.verb:set package 'ur_controllers' build argument 'ament_cmake_args' from command line to 'None'
[0.160s] Level 5:colcon.colcon_core.verb:set package 'ur_controllers' build argument 'catkin_cmake_args' from command line to 'None'
[0.160s] Level 5:colcon.colcon_core.verb:set package 'ur_controllers' build argument 'catkin_skip_building_tests' from command line to 'False'
[0.160s] DEBUG:colcon.colcon_core.verb:Building package 'ur_controllers' with the following arguments: {'ament_cmake_args': None, 'build_base': '/home/rosrunner/DrawMeMaybe/ros2_ws/build/ur_controllers', 'catkin_cmake_args': None, 'catkin_skip_building_tests': False, 'cmake_args': None, 'cmake_clean_cache': False, 'cmake_clean_first': False, 'cmake_force_configure': False, 'cmake_target': None, 'cmake_target_skip_unavailable': False, 'install_base': '/home/rosrunner/DrawMeMaybe/ros2_ws/install/ur_controllers', 'merge_install': False, 'path': '/home/rosrunner/DrawMeMaybe/ros2_ws/src/ur_ros2_driver/ur_controllers', 'symlink_install': True, 'test_result_base': None}
[0.160s] Level 5:colcon.colcon_core.verb:set package 'ur_moveit_config' build argument 'cmake_args' from command line to 'None'
[0.160s] Level 5:colcon.colcon_core.verb:set package 'ur_moveit_config' build argument 'cmake_target' from command line to 'None'
[0.160s] Level 5:colcon.colcon_core.verb:set package 'ur_moveit_config' build argument 'cmake_target_skip_unavailable' from command line to 'False'
[0.160s] Level 5:colcon.colcon_core.verb:set package 'ur_moveit_config' build argument 'cmake_clean_cache' from command line to 'False'
[0.160s] Level 5:colcon.colcon_core.verb:set package 'ur_moveit_config' build argument 'cmake_clean_first' from command line to 'False'
[0.160s] Level 5:colcon.colcon_core.verb:set package 'ur_moveit_config' build argument 'cmake_force_configure' from command line to 'False'
[0.160s] Level 5:colcon.colcon_core.verb:set package 'ur_moveit_config' build argument 'ament_cmake_args' from command line to 'None'
[0.160s] Level 5:colcon.colcon_core.verb:set package 'ur_moveit_config' build argument 'catkin_cmake_args' from command line to 'None'
[0.160s] Level 5:colcon.colcon_core.verb:set package 'ur_moveit_config' build argument 'catkin_skip_building_tests' from command line to 'False'
[0.160s] DEBUG:colcon.colcon_core.verb:Building package 'ur_moveit_config' with the following arguments: {'ament_cmake_args': None, 'build_base': '/home/rosrunner/DrawMeMaybe/ros2_ws/build/ur_moveit_config', 'catkin_cmake_args': None, 'catkin_skip_building_tests': False, 'cmake_args': None, 'cmake_clean_cache': False, 'cmake_clean_first': False, 'cmake_force_configure': False, 'cmake_target': None, 'cmake_target_skip_unavailable': False, 'install_base': '/home/rosrunner/DrawMeMaybe/ros2_ws/install/ur_moveit_config', 'merge_install': False, 'path': '/home/rosrunner/DrawMeMaybe/ros2_ws/src/ur_ros2_driver/ur_moveit_config', 'symlink_install': True, 'test_result_base': None}
[0.160s] Level 5:colcon.colcon_core.verb:set package 'ur_bringup' build argument 'cmake_args' from command line to 'None'
[0.160s] Level 5:colcon.colcon_core.verb:set package 'ur_bringup' build argument 'cmake_target' from command line to 'None'
[0.161s] Level 5:colcon.colcon_core.verb:set package 'ur_bringup' build argument 'cmake_target_skip_unavailable' from command line to 'False'
[0.161s] Level 5:colcon.colcon_core.verb:set package 'ur_bringup' build argument 'cmake_clean_cache' from command line to 'False'
[0.161s] Level 5:colcon.colcon_core.verb:set package 'ur_bringup' build argument 'cmake_clean_first' from command line to 'False'
[0.161s] Level 5:colcon.colcon_core.verb:set package 'ur_bringup' build argument 'cmake_force_configure' from command line to 'False'
[0.161s] Level 5:colcon.colcon_core.verb:set package 'ur_bringup' build argument 'ament_cmake_args' from command line to 'None'
[0.161s] Level 5:colcon.colcon_core.verb:set package 'ur_bringup' build argument 'catkin_cmake_args' from command line to 'None'
[0.161s] Level 5:colcon.colcon_core.verb:set package 'ur_bringup' build argument 'catkin_skip_building_tests' from command line to 'False'
[0.161s] DEBUG:colcon.colcon_core.verb:Building package 'ur_bringup' with the following arguments: {'ament_cmake_args': None, 'build_base': '/home/rosrunner/DrawMeMaybe/ros2_ws/build/ur_bringup', 'catkin_cmake_args': None, 'catkin_skip_building_tests': False, 'cmake_args': None, 'cmake_clean_cache': False, 'cmake_clean_first': False, 'cmake_force_configure': False, 'cmake_target': None, 'cmake_target_skip_unavailable': False, 'install_base': '/home/rosrunner/DrawMeMaybe/ros2_ws/install/ur_bringup', 'merge_install': False, 'path': '/home/rosrunner/DrawMeMaybe/ros2_ws/src/ur_ros2_driver/ur_bringup', 'symlink_install': True, 'test_result_base': None}
[0.161s] Level 5:colcon.colcon_core.verb:set package 'ur_robot_driver' build argument 'cmake_args' from command line to 'None'
[0.161s] Level 5:colcon.colcon_core.verb:set package 'ur_robot_driver' build argument 'cmake_target' from command line to 'None'
[0.161s] Level 5:colcon.colcon_core.verb:set package 'ur_robot_driver' build argument 'cmake_target_skip_unavailable' from command line to 'False'
[0.161s] Level 5:colcon.colcon_core.verb:set package 'ur_robot_driver' build argument 'cmake_clean_cache' from command line to 'False'
[0.161s] Level 5:colcon.colcon_core.verb:set package 'ur_robot_driver' build argument 'cmake_clean_first' from command line to 'False'
[0.161s] Level 5:colcon.colcon_core.verb:set package 'ur_robot_driver' build argument 'cmake_force_configure' from command line to 'False'
[0.161s] Level 5:colcon.colcon_core.verb:set package 'ur_robot_driver' build argument 'ament_cmake_args' from command line to 'None'
[0.161s] Level 5:colcon.colcon_core.verb:set package 'ur_robot_driver' build argument 'catkin_cmake_args' from command line to 'None'
[0.161s] Level 5:colcon.colcon_core.verb:set package 'ur_robot_driver' build argument 'catkin_skip_building_tests' from command line to 'False'
[0.161s] DEBUG:colcon.colcon_core.verb:Building package 'ur_robot_driver' with the following arguments: {'ament_cmake_args': None, 'build_base': '/home/rosrunner/DrawMeMaybe/ros2_ws/build/ur_robot_driver', 'catkin_cmake_args': None, 'catkin_skip_building_tests': False, 'cmake_args': None, 'cmake_clean_cache': False, 'cmake_clean_first': False, 'cmake_force_configure': False, 'cmake_target': None, 'cmake_target_skip_unavailable': False, 'install_base': '/home/rosrunner/DrawMeMaybe/ros2_ws/install/ur_robot_driver', 'merge_install': False, 'path': '/home/rosrunner/DrawMeMaybe/ros2_ws/src/ur_ros2_driver/ur_robot_driver', 'symlink_install': True, 'test_result_base': None}
[0.161s] Level 5:colcon.colcon_core.verb:set package 'ur_calibration' build argument 'cmake_args' from command line to 'None'
[0.161s] Level 5:colcon.colcon_core.verb:set package 'ur_calibration' build argument 'cmake_target' from command line to 'None'
[0.161s] Level 5:colcon.colcon_core.verb:set package 'ur_calibration' build argument 'cmake_target_skip_unavailable' from command line to 'False'
[0.161s] Level 5:colcon.colcon_core.verb:set package 'ur_calibration' build argument 'cmake_clean_cache' from command line to 'False'
[0.161s] Level 5:colcon.colcon_core.verb:set package 'ur_calibration' build argument 'cmake_clean_first' from command line to 'False'
[0.161s] Level 5:colcon.colcon_core.verb:set package 'ur_calibration' build argument 'cmake_force_configure' from command line to 'False'
[0.161s] Level 5:colcon.colcon_core.verb:set package 'ur_calibration' build argument 'ament_cmake_args' from command line to 'None'
[0.161s] Level 5:colcon.colcon_core.verb:set package 'ur_calibration' build argument 'catkin_cmake_args' from command line to 'None'
[0.161s] Level 5:colcon.colcon_core.verb:set package 'ur_calibration' build argument 'catkin_skip_building_tests' from command line to 'False'
[0.161s] DEBUG:colcon.colcon_core.verb:Building package 'ur_calibration' with the following arguments: {'ament_cmake_args': None, 'build_base': '/home/rosrunner/DrawMeMaybe/ros2_ws/build/ur_calibration', 'catkin_cmake_args': None, 'catkin_skip_building_tests': False, 'cmake_args': None, 'cmake_clean_cache': False, 'cmake_clean_first': False, 'cmake_force_configure': False, 'cmake_target': None, 'cmake_target_skip_unavailable': False, 'install_base': '/home/rosrunner/DrawMeMaybe/ros2_ws/install/ur_calibration', 'merge_install': False, 'path': '/home/rosrunner/DrawMeMaybe/ros2_ws/src/ur_ros2_driver/ur_calibration', 'symlink_install': True, 'test_result_base': None}
[0.161s] Level 5:colcon.colcon_core.verb:set package 'ur' build argument 'cmake_args' from command line to 'None'
[0.161s] Level 5:colcon.colcon_core.verb:set package 'ur' build argument 'cmake_target' from command line to 'None'
[0.161s] Level 5:colcon.colcon_core.verb:set package 'ur' build argument 'cmake_target_skip_unavailable' from command line to 'False'
[0.161s] Level 5:colcon.colcon_core.verb:set package 'ur' build argument 'cmake_clean_cache' from command line to 'False'
[0.161s] Level 5:colcon.colcon_core.verb:set package 'ur' build argument 'cmake_clean_first' from command line to 'False'
[0.161s] Level 5:colcon.colcon_core.verb:set package 'ur' build argument 'cmake_force_configure' from command line to 'False'
[0.161s] Level 5:colcon.colcon_core.verb:set package 'ur' build argument 'ament_cmake_args' from command line to 'None'
[0.161s] Level 5:colcon.colcon_core.verb:set package 'ur' build argument 'catkin_cmake_args' from command line to 'None'
[0.161s] Level 5:colcon.colcon_core.verb:set package 'ur' build argument 'catkin_skip_building_tests' from command line to 'False'
[0.161s] DEBUG:colcon.colcon_core.verb:Building package 'ur' with the following arguments: {'ament_cmake_args': None, 'build_base': '/home/rosrunner/DrawMeMaybe/ros2_ws/build/ur', 'catkin_cmake_args': None, 'catkin_skip_building_tests': False, 'cmake_args': None, 'cmake_clean_cache': False, 'cmake_clean_first': False, 'cmake_force_configure': False, 'cmake_target': None, 'cmake_target_skip_unavailable': False, 'install_base': '/home/rosrunner/DrawMeMaybe/ros2_ws/install/ur', 'merge_install': False, 'path': '/home/rosrunner/DrawMeMaybe/ros2_ws/src/ur_ros2_driver/ur', 'symlink_install': True, 'test_result_base': None}
[0.161s] INFO:colcon.colcon_core.executor:Executing jobs using 'parallel' executor
[0.162s] DEBUG:colcon.colcon_parallel_executor.executor.parallel:run_until_complete
[0.162s] INFO:colcon.colcon_ros.task.ament_cmake.build:Building ROS package in '/home/rosrunner/DrawMeMaybe/ros2_ws/src/ur_ros2_driver/ur_dashboard_msgs' with build type 'ament_cmake'
[0.162s] INFO:colcon.colcon_cmake.task.cmake.build:Building CMake package in '/home/rosrunner/DrawMeMaybe/ros2_ws/src/ur_ros2_driver/ur_dashboard_msgs'
[0.163s] INFO:colcon.colcon_core.plugin_system:Skipping extension 'colcon_core.shell.bat': Not used on non-Windows systems
[0.163s] INFO:colcon.colcon_core.shell:Skip shell extension 'powershell' for command environment: Not usable outside of PowerShell
[0.163s] DEBUG:colcon.colcon_core.shell:Skip shell extension 'dsv' for command environment
[0.164s] INFO:colcon.colcon_ros.task.ament_cmake.build:Building ROS package in '/home/rosrunner/DrawMeMaybe/ros2_ws/src/ur_description' with build type 'ament_cmake'
[0.164s] INFO:colcon.colcon_cmake.task.cmake.build:Building CMake package in '/home/rosrunner/DrawMeMaybe/ros2_ws/src/ur_description'
[0.164s] INFO:colcon.colcon_core.shell:Skip shell extension 'powershell' for command environment: Not usable outside of PowerShell
[0.164s] DEBUG:colcon.colcon_core.shell:Skip shell extension 'dsv' for command environment
[0.167s] DEBUG:colcon.colcon_core.event_handler.log_command:Invoking command in '/home/rosrunner/DrawMeMaybe/ros2_ws/build/ur_dashboard_msgs': CMAKE_PREFIX_PATH=/opt/ros/humble /usr/bin/cmake /home/rosrunner/DrawMeMaybe/ros2_ws/src/ur_ros2_driver/ur_dashboard_msgs -DAMENT_CMAKE_SYMLINK_INSTALL=1 -DCMAKE_INSTALL_PREFIX=/home/rosrunner/DrawMeMaybe/ros2_ws/install/ur_dashboard_msgs
[0.168s] DEBUG:colcon.colcon_core.event_handler.log_command:Invoking command in '/home/rosrunner/DrawMeMaybe/ros2_ws/build/ur_description': CMAKE_PREFIX_PATH=/opt/ros/humble /usr/bin/cmake /home/rosrunner/DrawMeMaybe/ros2_ws/src/ur_description -DAMENT_CMAKE_SYMLINK_INSTALL=1 -DCMAKE_INSTALL_PREFIX=/home/rosrunner/DrawMeMaybe/ros2_ws/install/ur_description
[0.601s] DEBUG:colcon.colcon_core.event_handler.log_command:Invoked command in '/home/rosrunner/DrawMeMaybe/ros2_ws/build/ur_description' returned '0': CMAKE_PREFIX_PATH=/opt/ros/humble /usr/bin/cmake /home/rosrunner/DrawMeMaybe/ros2_ws/src/ur_description -DAMENT_CMAKE_SYMLINK_INSTALL=1 -DCMAKE_INSTALL_PREFIX=/home/rosrunner/DrawMeMaybe/ros2_ws/install/ur_description
[0.602s] DEBUG:colcon.colcon_core.event_handler.log_command:Invoking command in '/home/rosrunner/DrawMeMaybe/ros2_ws/build/ur_description': CMAKE_PREFIX_PATH=/opt/ros/humble /usr/bin/cmake --build /home/rosrunner/DrawMeMaybe/ros2_ws/build/ur_description -- -j24 -l24
[0.617s] DEBUG:colcon.colcon_core.event_handler.log_command:Invoked command in '/home/rosrunner/DrawMeMaybe/ros2_ws/build/ur_description' returned '0': CMAKE_PREFIX_PATH=/opt/ros/humble /usr/bin/cmake --build /home/rosrunner/DrawMeMaybe/ros2_ws/build/ur_description -- -j24 -l24
[0.621s] DEBUG:colcon.colcon_core.event_handler.log_command:Invoking command in '/home/rosrunner/DrawMeMaybe/ros2_ws/build/ur_description': CMAKE_PREFIX_PATH=/opt/ros/humble /usr/bin/cmake --install /home/rosrunner/DrawMeMaybe/ros2_ws/build/ur_description
[0.764s] DEBUG:colcon.colcon_core.event_handler.log_command:Invoked command in '/home/rosrunner/DrawMeMaybe/ros2_ws/build/ur_dashboard_msgs' returned '0': CMAKE_PREFIX_PATH=/opt/ros/humble /usr/bin/cmake /home/rosrunner/DrawMeMaybe/ros2_ws/src/ur_ros2_driver/ur_dashboard_msgs -DAMENT_CMAKE_SYMLINK_INSTALL=1 -DCMAKE_INSTALL_PREFIX=/home/rosrunner/DrawMeMaybe/ros2_ws/install/ur_dashboard_msgs
[0.765s] DEBUG:colcon.colcon_core.event_handler.log_command:Invoking command in '/home/rosrunner/DrawMeMaybe/ros2_ws/build/ur_dashboard_msgs': CMAKE_PREFIX_PATH=/opt/ros/humble /usr/bin/cmake --build /home/rosrunner/DrawMeMaybe/ros2_ws/build/ur_dashboard_msgs -- -j24 -l24
[1.244s] Level 1:colcon.colcon_core.environment:create_environment_scripts_only(ur_description)
[1.244s] DEBUG:colcon.colcon_core.event_handler.log_command:Invoked command in '/home/rosrunner/DrawMeMaybe/ros2_ws/build/ur_description' returned '0': CMAKE_PREFIX_PATH=/opt/ros/humble /usr/bin/cmake --install /home/rosrunner/DrawMeMaybe/ros2_ws/build/ur_description
[1.245s] Level 1:colcon.colcon_core.environment:checking '/home/rosrunner/DrawMeMaybe/ros2_ws/install/ur_description' for CMake module files
[1.245s] Level 1:colcon.colcon_core.environment:checking '/home/rosrunner/DrawMeMaybe/ros2_ws/install/ur_description' for CMake config files
[1.246s] Level 1:colcon.colcon_core.shell:create_environment_hook('ur_description', 'cmake_prefix_path')
[1.246s] INFO:colcon.colcon_core.shell:Creating environment hook '/home/rosrunner/DrawMeMaybe/ros2_ws/install/ur_description/share/ur_description/hook/cmake_prefix_path.ps1'
[1.249s] INFO:colcon.colcon_core.shell:Creating environment descriptor '/home/rosrunner/DrawMeMaybe/ros2_ws/install/ur_description/share/ur_description/hook/cmake_prefix_path.dsv'
[1.250s] INFO:colcon.colcon_core.shell:Creating environment hook '/home/rosrunner/DrawMeMaybe/ros2_ws/install/ur_description/share/ur_description/hook/cmake_prefix_path.sh'
[1.250s] Level 1:colcon.colcon_core.environment:checking '/home/rosrunner/DrawMeMaybe/ros2_ws/install/ur_description/bin'
[1.250s] Level 1:colcon.colcon_core.environment:checking '/home/rosrunner/DrawMeMaybe/ros2_ws/install/ur_description/lib/pkgconfig/ur_description.pc'
[1.250s] Level 1:colcon.colcon_core.environment:checking '/home/rosrunner/DrawMeMaybe/ros2_ws/install/ur_description/lib/python3.10/site-packages'
[1.250s] Level 1:colcon.colcon_core.environment:checking '/home/rosrunner/DrawMeMaybe/ros2_ws/install/ur_description/bin'
[1.250s] INFO:colcon.colcon_core.shell:Creating package script '/home/rosrunner/DrawMeMaybe/ros2_ws/install/ur_description/share/ur_description/package.ps1'
[1.251s] INFO:colcon.colcon_core.shell:Creating package descriptor '/home/rosrunner/DrawMeMaybe/ros2_ws/install/ur_description/share/ur_description/package.dsv'
[1.251s] INFO:colcon.colcon_core.shell:Creating package script '/home/rosrunner/DrawMeMaybe/ros2_ws/install/ur_description/share/ur_description/package.sh'
[1.251s] INFO:colcon.colcon_core.shell:Creating package script '/home/rosrunner/DrawMeMaybe/ros2_ws/install/ur_description/share/ur_description/package.bash'
[1.252s] INFO:colcon.colcon_core.shell:Creating package script '/home/rosrunner/DrawMeMaybe/ros2_ws/install/ur_description/share/ur_description/package.zsh'
[1.252s] Level 1:colcon.colcon_core.environment:create_file_with_runtime_dependencies(/home/rosrunner/DrawMeMaybe/ros2_ws/install/ur_description/share/colcon-core/packages/ur_description)
[1.252s] Level 1:colcon.colcon_core.environment:create_environment_scripts_only(ur_description)
[1.252s] Level 1:colcon.colcon_core.environment:checking '/home/rosrunner/DrawMeMaybe/ros2_ws/install/ur_description' for CMake module files
[1.253s] Level 1:colcon.colcon_core.environment:checking '/home/rosrunner/DrawMeMaybe/ros2_ws/install/ur_description' for CMake config files
[1.253s] Level 1:colcon.colcon_core.shell:create_environment_hook('ur_description', 'cmake_prefix_path')
[1.253s] INFO:colcon.colcon_core.shell:Creating environment hook '/home/rosrunner/DrawMeMaybe/ros2_ws/install/ur_description/share/ur_description/hook/cmake_prefix_path.ps1'
[1.253s] INFO:colcon.colcon_core.shell:Creating environment descriptor '/home/rosrunner/DrawMeMaybe/ros2_ws/install/ur_description/share/ur_description/hook/cmake_prefix_path.dsv'
[1.253s] INFO:colcon.colcon_core.shell:Creating environment hook '/home/rosrunner/DrawMeMaybe/ros2_ws/install/ur_description/share/ur_description/hook/cmake_prefix_path.sh'
[1.253s] Level 1:colcon.colcon_core.environment:checking '/home/rosrunner/DrawMeMaybe/ros2_ws/install/ur_description/bin'
[1.253s] Level 1:colcon.colcon_core.environment:checking '/home/rosrunner/DrawMeMaybe/ros2_ws/install/ur_description/lib/pkgconfig/ur_description.pc'
[1.253s] Level 1:colcon.colcon_core.environment:checking '/home/rosrunner/DrawMeMaybe/ros2_ws/install/ur_description/lib/python3.10/site-packages'
[1.254s] Level 1:colcon.colcon_core.environment:checking '/home/rosrunner/DrawMeMaybe/ros2_ws/install/ur_description/bin'
[1.254s] INFO:colcon.colcon_core.shell:Creating package script '/home/rosrunner/DrawMeMaybe/ros2_ws/install/ur_description/share/ur_description/package.ps1'
[1.254s] INFO:colcon.colcon_core.shell:Creating package descriptor '/home/rosrunner/DrawMeMaybe/ros2_ws/install/ur_description/share/ur_description/package.dsv'
[1.254s] INFO:colcon.colcon_core.shell:Creating package script '/home/rosrunner/DrawMeMaybe/ros2_ws/install/ur_description/share/ur_description/package.sh'
[1.254s] INFO:colcon.colcon_core.shell:Creating package script '/home/rosrunner/DrawMeMaybe/ros2_ws/install/ur_description/share/ur_description/package.bash'
[1.254s] INFO:colcon.colcon_core.shell:Creating package script '/home/rosrunner/DrawMeMaybe/ros2_ws/install/ur_description/share/ur_description/package.zsh'
[1.254s] Level 1:colcon.colcon_core.environment:create_file_with_runtime_dependencies(/home/rosrunner/DrawMeMaybe/ros2_ws/install/ur_description/share/colcon-core/packages/ur_description)
[1.255s] INFO:colcon.colcon_ros.task.ament_cmake.build:Building ROS package in '/home/rosrunner/DrawMeMaybe/ros2_ws/src/ur_ros2_driver/ur_moveit_config' with build type 'ament_cmake'
[1.255s] INFO:colcon.colcon_cmake.task.cmake.build:Building CMake package in '/home/rosrunner/DrawMeMaybe/ros2_ws/src/ur_ros2_driver/ur_moveit_config'
[1.255s] INFO:colcon.colcon_core.shell:Skip shell extension 'powershell' for command environment: Not usable outside of PowerShell
[1.255s] DEBUG:colcon.colcon_core.shell:Skip shell extension 'dsv' for command environment
[1.258s] DEBUG:colcon.colcon_core.event_handler.log_command:Invoking command in '/home/rosrunner/DrawMeMaybe/ros2_ws/build/ur_moveit_config': AMENT_PREFIX_PATH=/home/rosrunner/DrawMeMaybe/ros2_ws/install/ur_description:${AMENT_PREFIX_PATH} CMAKE_PREFIX_PATH=/home/rosrunner/DrawMeMaybe/ros2_ws/install/ur_description:/opt/ros/humble /usr/bin/cmake /home/rosrunner/DrawMeMaybe/ros2_ws/src/ur_ros2_driver/ur_moveit_config -DAMENT_CMAKE_SYMLINK_INSTALL=1 -DCMAKE_INSTALL_PREFIX=/home/rosrunner/DrawMeMaybe/ros2_ws/install/ur_moveit_config
[1.545s] DEBUG:colcon.colcon_core.event_handler.log_command:Invoked command in '/home/rosrunner/DrawMeMaybe/ros2_ws/build/ur_moveit_config' returned '0': AMENT_PREFIX_PATH=/home/rosrunner/DrawMeMaybe/ros2_ws/install/ur_description:${AMENT_PREFIX_PATH} CMAKE_PREFIX_PATH=/home/rosrunner/DrawMeMaybe/ros2_ws/install/ur_description:/opt/ros/humble /usr/bin/cmake /home/rosrunner/DrawMeMaybe/ros2_ws/src/ur_ros2_driver/ur_moveit_config -DAMENT_CMAKE_SYMLINK_INSTALL=1 -DCMAKE_INSTALL_PREFIX=/home/rosrunner/DrawMeMaybe/ros2_ws/install/ur_moveit_config
[1.546s] DEBUG:colcon.colcon_core.event_handler.log_command:Invoking command in '/home/rosrunner/DrawMeMaybe/ros2_ws/build/ur_moveit_config': AMENT_PREFIX_PATH=/home/rosrunner/DrawMeMaybe/ros2_ws/install/ur_description:${AMENT_PREFIX_PATH} CMAKE_PREFIX_PATH=/home/rosrunner/DrawMeMaybe/ros2_ws/install/ur_description:/opt/ros/humble /usr/bin/cmake --build /home/rosrunner/DrawMeMaybe/ros2_ws/build/ur_moveit_config -- -j24 -l24
[1.663s] DEBUG:colcon.colcon_core.event_handler.log_command:Invoked command in '/home/rosrunner/DrawMeMaybe/ros2_ws/build/ur_moveit_config' returned '0': AMENT_PREFIX_PATH=/home/rosrunner/DrawMeMaybe/ros2_ws/install/ur_description:${AMENT_PREFIX_PATH} CMAKE_PREFIX_PATH=/home/rosrunner/DrawMeMaybe/ros2_ws/install/ur_description:/opt/ros/humble /usr/bin/cmake --build /home/rosrunner/DrawMeMaybe/ros2_ws/build/ur_moveit_config -- -j24 -l24
[1.664s] DEBUG:colcon.colcon_core.event_handler.log_command:Invoking command in '/home/rosrunner/DrawMeMaybe/ros2_ws/build/ur_moveit_config': AMENT_PREFIX_PATH=/home/rosrunner/DrawMeMaybe/ros2_ws/install/ur_description:${AMENT_PREFIX_PATH} CMAKE_PREFIX_PATH=/home/rosrunner/DrawMeMaybe/ros2_ws/install/ur_description:/opt/ros/humble /usr/bin/cmake --install /home/rosrunner/DrawMeMaybe/ros2_ws/build/ur_moveit_config
[1.827s] Level 1:colcon.colcon_core.environment:create_environment_scripts_only(ur_moveit_config)
[1.831s] Level 1:colcon.colcon_core.environment:checking '/home/rosrunner/DrawMeMaybe/ros2_ws/install/ur_moveit_config' for CMake module files
[1.831s] DEBUG:colcon.colcon_core.event_handler.log_command:Invoked command in '/home/rosrunner/DrawMeMaybe/ros2_ws/build/ur_moveit_config' returned '0': AMENT_PREFIX_PATH=/home/rosrunner/DrawMeMaybe/ros2_ws/install/ur_description:${AMENT_PREFIX_PATH} CMAKE_PREFIX_PATH=/home/rosrunner/DrawMeMaybe/ros2_ws/install/ur_description:/opt/ros/humble /usr/bin/cmake --install /home/rosrunner/DrawMeMaybe/ros2_ws/build/ur_moveit_config
[1.832s] Level 1:colcon.colcon_core.environment:checking '/home/rosrunner/DrawMeMaybe/ros2_ws/install/ur_moveit_config' for CMake config files
[1.832s] Level 1:colcon.colcon_core.shell:create_environment_hook('ur_moveit_config', 'cmake_prefix_path')
[1.832s] INFO:colcon.colcon_core.shell:Creating environment hook '/home/rosrunner/DrawMeMaybe/ros2_ws/install/ur_moveit_config/share/ur_moveit_config/hook/cmake_prefix_path.ps1'
[1.833s] INFO:colcon.colcon_core.shell:Creating environment descriptor '/home/rosrunner/DrawMeMaybe/ros2_ws/install/ur_moveit_config/share/ur_moveit_config/hook/cmake_prefix_path.dsv'
[1.833s] INFO:colcon.colcon_core.shell:Creating environment hook '/home/rosrunner/DrawMeMaybe/ros2_ws/install/ur_moveit_config/share/ur_moveit_config/hook/cmake_prefix_path.sh'
[1.833s] Level 1:colcon.colcon_core.environment:checking '/home/rosrunner/DrawMeMaybe/ros2_ws/install/ur_moveit_config/bin'
[1.833s] Level 1:colcon.colcon_core.environment:checking '/home/rosrunner/DrawMeMaybe/ros2_ws/install/ur_moveit_config/lib/pkgconfig/ur_moveit_config.pc'
[1.834s] Level 1:colcon.colcon_core.environment:checking '/home/rosrunner/DrawMeMaybe/ros2_ws/install/ur_moveit_config/lib/python3.10/site-packages'
[1.834s] Level 1:colcon.colcon_core.environment:checking '/home/rosrunner/DrawMeMaybe/ros2_ws/install/ur_moveit_config/bin'
[1.834s] INFO:colcon.colcon_core.shell:Creating package script '/home/rosrunner/DrawMeMaybe/ros2_ws/install/ur_moveit_config/share/ur_moveit_config/package.ps1'
[1.834s] INFO:colcon.colcon_core.shell:Creating package descriptor '/home/rosrunner/DrawMeMaybe/ros2_ws/install/ur_moveit_config/share/ur_moveit_config/package.dsv'
[1.835s] INFO:colcon.colcon_core.shell:Creating package script '/home/rosrunner/DrawMeMaybe/ros2_ws/install/ur_moveit_config/share/ur_moveit_config/package.sh'
[1.835s] INFO:colcon.colcon_core.shell:Creating package script '/home/rosrunner/DrawMeMaybe/ros2_ws/install/ur_moveit_config/share/ur_moveit_config/package.bash'
[1.835s] INFO:colcon.colcon_core.shell:Creating package script '/home/rosrunner/DrawMeMaybe/ros2_ws/install/ur_moveit_config/share/ur_moveit_config/package.zsh'
[1.835s] Level 1:colcon.colcon_core.environment:create_file_with_runtime_dependencies(/home/rosrunner/DrawMeMaybe/ros2_ws/install/ur_moveit_config/share/colcon-core/packages/ur_moveit_config)
[1.836s] Level 1:colcon.colcon_core.environment:create_environment_scripts_only(ur_moveit_config)
[1.836s] Level 1:colcon.colcon_core.environment:checking '/home/rosrunner/DrawMeMaybe/ros2_ws/install/ur_moveit_config' for CMake module files
[1.836s] Level 1:colcon.colcon_core.environment:checking '/home/rosrunner/DrawMeMaybe/ros2_ws/install/ur_moveit_config' for CMake config files
[1.836s] Level 1:colcon.colcon_core.shell:create_environment_hook('ur_moveit_config', 'cmake_prefix_path')
[1.836s] INFO:colcon.colcon_core.shell:Creating environment hook '/home/rosrunner/DrawMeMaybe/ros2_ws/install/ur_moveit_config/share/ur_moveit_config/hook/cmake_prefix_path.ps1'
[1.837s] INFO:colcon.colcon_core.shell:Creating environment descriptor '/home/rosrunner/DrawMeMaybe/ros2_ws/install/ur_moveit_config/share/ur_moveit_config/hook/cmake_prefix_path.dsv'
[1.837s] INFO:colcon.colcon_core.shell:Creating environment hook '/home/rosrunner/DrawMeMaybe/ros2_ws/install/ur_moveit_config/share/ur_moveit_config/hook/cmake_prefix_path.sh'
[1.837s] Level 1:colcon.colcon_core.environment:checking '/home/rosrunner/DrawMeMaybe/ros2_ws/install/ur_moveit_config/bin'
[1.837s] Level 1:colcon.colcon_core.environment:checking '/home/rosrunner/DrawMeMaybe/ros2_ws/install/ur_moveit_config/lib/pkgconfig/ur_moveit_config.pc'
[1.837s] Level 1:colcon.colcon_core.environment:checking '/home/rosrunner/DrawMeMaybe/ros2_ws/install/ur_moveit_config/lib/python3.10/site-packages'
[1.838s] Level 1:colcon.colcon_core.environment:checking '/home/rosrunner/DrawMeMaybe/ros2_ws/install/ur_moveit_config/bin'
[1.838s] INFO:colcon.colcon_core.shell:Creating package script '/home/rosrunner/DrawMeMaybe/ros2_ws/install/ur_moveit_config/share/ur_moveit_config/package.ps1'
[1.838s] INFO:colcon.colcon_core.shell:Creating package descriptor '/home/rosrunner/DrawMeMaybe/ros2_ws/install/ur_moveit_config/share/ur_moveit_config/package.dsv'
[1.838s] INFO:colcon.colcon_core.shell:Creating package script '/home/rosrunner/DrawMeMaybe/ros2_ws/install/ur_moveit_config/share/ur_moveit_config/package.sh'
[1.839s] INFO:colcon.colcon_core.shell:Creating package script '/home/rosrunner/DrawMeMaybe/ros2_ws/install/ur_moveit_config/share/ur_moveit_config/package.bash'
[1.839s] INFO:colcon.colcon_core.shell:Creating package script '/home/rosrunner/DrawMeMaybe/ros2_ws/install/ur_moveit_config/share/ur_moveit_config/package.zsh'
[1.839s] Level 1:colcon.colcon_core.environment:create_file_with_runtime_dependencies(/home/rosrunner/DrawMeMaybe/ros2_ws/install/ur_moveit_config/share/colcon-core/packages/ur_moveit_config)
[3.809s] DEBUG:colcon.colcon_core.event_handler.log_command:Invoked command in '/home/rosrunner/DrawMeMaybe/ros2_ws/build/ur_dashboard_msgs' returned '0': CMAKE_PREFIX_PATH=/opt/ros/humble /usr/bin/cmake --build /home/rosrunner/DrawMeMaybe/ros2_ws/build/ur_dashboard_msgs -- -j24 -l24
[3.810s] DEBUG:colcon.colcon_core.event_handler.log_command:Invoking command in '/home/rosrunner/DrawMeMaybe/ros2_ws/build/ur_dashboard_msgs': CMAKE_PREFIX_PATH=/opt/ros/humble /usr/bin/cmake --install /home/rosrunner/DrawMeMaybe/ros2_ws/build/ur_dashboard_msgs
[4.752s] Level 1:colcon.colcon_core.environment:create_environment_scripts_only(ur_dashboard_msgs)
[4.752s] DEBUG:colcon.colcon_core.event_handler.log_command:Invoked command in '/home/rosrunner/DrawMeMaybe/ros2_ws/build/ur_dashboard_msgs' returned '0': CMAKE_PREFIX_PATH=/opt/ros/humble /usr/bin/cmake --install /home/rosrunner/DrawMeMaybe/ros2_ws/build/ur_dashboard_msgs
[4.752s] Level 1:colcon.colcon_core.environment:checking '/home/rosrunner/DrawMeMaybe/ros2_ws/install/ur_dashboard_msgs' for CMake module files
[4.752s] Level 1:colcon.colcon_core.environment:checking '/home/rosrunner/DrawMeMaybe/ros2_ws/install/ur_dashboard_msgs' for CMake config files
[4.753s] Level 1:colcon.colcon_core.shell:create_environment_hook('ur_dashboard_msgs', 'cmake_prefix_path')
[4.753s] INFO:colcon.colcon_core.shell:Creating environment hook '/home/rosrunner/DrawMeMaybe/ros2_ws/install/ur_dashboard_msgs/share/ur_dashboard_msgs/hook/cmake_prefix_path.ps1'
[4.753s] INFO:colcon.colcon_core.shell:Creating environment descriptor '/home/rosrunner/DrawMeMaybe/ros2_ws/install/ur_dashboard_msgs/share/ur_dashboard_msgs/hook/cmake_prefix_path.dsv'
[4.753s] INFO:colcon.colcon_core.shell:Creating environment hook '/home/rosrunner/DrawMeMaybe/ros2_ws/install/ur_dashboard_msgs/share/ur_dashboard_msgs/hook/cmake_prefix_path.sh'
[4.753s] Level 1:colcon.colcon_core.environment:checking '/home/rosrunner/DrawMeMaybe/ros2_ws/install/ur_dashboard_msgs/lib'
[4.753s] Level 1:colcon.colcon_core.shell:create_environment_hook('ur_dashboard_msgs', 'ld_library_path_lib')
[4.753s] INFO:colcon.colcon_core.shell:Creating environment hook '/home/rosrunner/DrawMeMaybe/ros2_ws/install/ur_dashboard_msgs/share/ur_dashboard_msgs/hook/ld_library_path_lib.ps1'
[4.754s] INFO:colcon.colcon_core.shell:Creating environment descriptor '/home/rosrunner/DrawMeMaybe/ros2_ws/install/ur_dashboard_msgs/share/ur_dashboard_msgs/hook/ld_library_path_lib.dsv'
[4.754s] INFO:colcon.colcon_core.shell:Creating environment hook '/home/rosrunner/DrawMeMaybe/ros2_ws/install/ur_dashboard_msgs/share/ur_dashboard_msgs/hook/ld_library_path_lib.sh'
[4.754s] Level 1:colcon.colcon_core.environment:checking '/home/rosrunner/DrawMeMaybe/ros2_ws/install/ur_dashboard_msgs/bin'
[4.754s] Level 1:colcon.colcon_core.environment:checking '/home/rosrunner/DrawMeMaybe/ros2_ws/install/ur_dashboard_msgs/lib/pkgconfig/ur_dashboard_msgs.pc'
[4.754s] Level 1:colcon.colcon_core.environment:checking '/home/rosrunner/DrawMeMaybe/ros2_ws/install/ur_dashboard_msgs/lib/python3.10/site-packages'
[4.754s] Level 1:colcon.colcon_core.environment:checking '/home/rosrunner/DrawMeMaybe/ros2_ws/install/ur_dashboard_msgs/bin'
[4.754s] INFO:colcon.colcon_core.shell:Creating package script '/home/rosrunner/DrawMeMaybe/ros2_ws/install/ur_dashboard_msgs/share/ur_dashboard_msgs/package.ps1'
[4.754s] INFO:colcon.colcon_core.shell:Creating package descriptor '/home/rosrunner/DrawMeMaybe/ros2_ws/install/ur_dashboard_msgs/share/ur_dashboard_msgs/package.dsv'
[4.754s] INFO:colcon.colcon_core.shell:Creating package script '/home/rosrunner/DrawMeMaybe/ros2_ws/install/ur_dashboard_msgs/share/ur_dashboard_msgs/package.sh'
[4.755s] INFO:colcon.colcon_core.shell:Creating package script '/home/rosrunner/DrawMeMaybe/ros2_ws/install/ur_dashboard_msgs/share/ur_dashboard_msgs/package.bash'
[4.755s] INFO:colcon.colcon_core.shell:Creating package script '/home/rosrunner/DrawMeMaybe/ros2_ws/install/ur_dashboard_msgs/share/ur_dashboard_msgs/package.zsh'
[4.755s] Level 1:colcon.colcon_core.environment:create_file_with_runtime_dependencies(/home/rosrunner/DrawMeMaybe/ros2_ws/install/ur_dashboard_msgs/share/colcon-core/packages/ur_dashboard_msgs)
[4.755s] Level 1:colcon.colcon_core.environment:create_environment_scripts_only(ur_dashboard_msgs)
[4.755s] Level 1:colcon.colcon_core.environment:checking '/home/rosrunner/DrawMeMaybe/ros2_ws/install/ur_dashboard_msgs' for CMake module files
[4.755s] Level 1:colcon.colcon_core.environment:checking '/home/rosrunner/DrawMeMaybe/ros2_ws/install/ur_dashboard_msgs' for CMake config files
[4.755s] Level 1:colcon.colcon_core.shell:create_environment_hook('ur_dashboard_msgs', 'cmake_prefix_path')
[4.755s] INFO:colcon.colcon_core.shell:Creating environment hook '/home/rosrunner/DrawMeMaybe/ros2_ws/install/ur_dashboard_msgs/share/ur_dashboard_msgs/hook/cmake_prefix_path.ps1'
[4.756s] INFO:colcon.colcon_core.shell:Creating environment descriptor '/home/rosrunner/DrawMeMaybe/ros2_ws/install/ur_dashboard_msgs/share/ur_dashboard_msgs/hook/cmake_prefix_path.dsv'
[4.756s] INFO:colcon.colcon_core.shell:Creating environment hook '/home/rosrunner/DrawMeMaybe/ros2_ws/install/ur_dashboard_msgs/share/ur_dashboard_msgs/hook/cmake_prefix_path.sh'
[4.756s] Level 1:colcon.colcon_core.environment:checking '/home/rosrunner/DrawMeMaybe/ros2_ws/install/ur_dashboard_msgs/lib'
[4.756s] Level 1:colcon.colcon_core.shell:create_environment_hook('ur_dashboard_msgs', 'ld_library_path_lib')
[4.756s] INFO:colcon.colcon_core.shell:Creating environment hook '/home/rosrunner/DrawMeMaybe/ros2_ws/install/ur_dashboard_msgs/share/ur_dashboard_msgs/hook/ld_library_path_lib.ps1'
[4.756s] INFO:colcon.colcon_core.shell:Creating environment descriptor '/home/rosrunner/DrawMeMaybe/ros2_ws/install/ur_dashboard_msgs/share/ur_dashboard_msgs/hook/ld_library_path_lib.dsv'
[4.756s] INFO:colcon.colcon_core.shell:Creating environment hook '/home/rosrunner/DrawMeMaybe/ros2_ws/install/ur_dashboard_msgs/share/ur_dashboard_msgs/hook/ld_library_path_lib.sh'
[4.756s] Level 1:colcon.colcon_core.environment:checking '/home/rosrunner/DrawMeMaybe/ros2_ws/install/ur_dashboard_msgs/bin'
[4.756s] Level 1:colcon.colcon_core.environment:checking '/home/rosrunner/DrawMeMaybe/ros2_ws/install/ur_dashboard_msgs/lib/pkgconfig/ur_dashboard_msgs.pc'
[4.756s] Level 1:colcon.colcon_core.environment:checking '/home/rosrunner/DrawMeMaybe/ros2_ws/install/ur_dashboard_msgs/lib/python3.10/site-packages'
[4.756s] Level 1:colcon.colcon_core.environment:checking '/home/rosrunner/DrawMeMaybe/ros2_ws/install/ur_dashboard_msgs/bin'
[4.757s] INFO:colcon.colcon_core.shell:Creating package script '/home/rosrunner/DrawMeMaybe/ros2_ws/install/ur_dashboard_msgs/share/ur_dashboard_msgs/package.ps1'
[4.757s] INFO:colcon.colcon_core.shell:Creating package descriptor '/home/rosrunner/DrawMeMaybe/ros2_ws/install/ur_dashboard_msgs/share/ur_dashboard_msgs/package.dsv'
[4.757s] INFO:colcon.colcon_core.shell:Creating package script '/home/rosrunner/DrawMeMaybe/ros2_ws/install/ur_dashboard_msgs/share/ur_dashboard_msgs/package.sh'
[4.757s] INFO:colcon.colcon_core.shell:Creating package script '/home/rosrunner/DrawMeMaybe/ros2_ws/install/ur_dashboard_msgs/share/ur_dashboard_msgs/package.bash'
[4.757s] INFO:colcon.colcon_core.shell:Creating package script '/home/rosrunner/DrawMeMaybe/ros2_ws/install/ur_dashboard_msgs/share/ur_dashboard_msgs/package.zsh'
[4.757s] Level 1:colcon.colcon_core.environment:create_file_with_runtime_dependencies(/home/rosrunner/DrawMeMaybe/ros2_ws/install/ur_dashboard_msgs/share/colcon-core/packages/ur_dashboard_msgs)
[4.758s] INFO:colcon.colcon_ros.task.ament_cmake.build:Building ROS package in '/home/rosrunner/DrawMeMaybe/ros2_ws/src/ur_ros2_driver/ur_controllers' with build type 'ament_cmake'
[4.758s] INFO:colcon.colcon_cmake.task.cmake.build:Building CMake package in '/home/rosrunner/DrawMeMaybe/ros2_ws/src/ur_ros2_driver/ur_controllers'
[4.758s] INFO:colcon.colcon_core.shell:Skip shell extension 'powershell' for command environment: Not usable outside of PowerShell
[4.758s] DEBUG:colcon.colcon_core.shell:Skip shell extension 'dsv' for command environment
[4.761s] DEBUG:colcon.colcon_core.event_handler.log_command:Invoking command in '/home/rosrunner/DrawMeMaybe/ros2_ws/build/ur_controllers': AMENT_PREFIX_PATH=/home/rosrunner/DrawMeMaybe/ros2_ws/install/ur_dashboard_msgs:${AMENT_PREFIX_PATH} CMAKE_PREFIX_PATH=/home/rosrunner/DrawMeMaybe/ros2_ws/install/ur_dashboard_msgs:/opt/ros/humble LD_LIBRARY_PATH=/home/rosrunner/DrawMeMaybe/ros2_ws/install/ur_dashboard_msgs/lib:${LD_LIBRARY_PATH} PYTHONPATH=/home/rosrunner/DrawMeMaybe/ros2_ws/install/ur_dashboard_msgs/local/lib/python3.10/dist-packages:${PYTHONPATH} /usr/bin/cmake /home/rosrunner/DrawMeMaybe/ros2_ws/src/ur_ros2_driver/ur_controllers -DAMENT_CMAKE_SYMLINK_INSTALL=1 -DCMAKE_INSTALL_PREFIX=/home/rosrunner/DrawMeMaybe/ros2_ws/install/ur_controllers
[4.973s] DEBUG:colcon.colcon_core.event_handler.log_command:Invoked command in '/home/rosrunner/DrawMeMaybe/ros2_ws/build/ur_controllers' returned '1': AMENT_PREFIX_PATH=/home/rosrunner/DrawMeMaybe/ros2_ws/install/ur_dashboard_msgs:${AMENT_PREFIX_PATH} CMAKE_PREFIX_PATH=/home/rosrunner/DrawMeMaybe/ros2_ws/install/ur_dashboard_msgs:/opt/ros/humble LD_LIBRARY_PATH=/home/rosrunner/DrawMeMaybe/ros2_ws/install/ur_dashboard_msgs/lib:${LD_LIBRARY_PATH} PYTHONPATH=/home/rosrunner/DrawMeMaybe/ros2_ws/install/ur_dashboard_msgs/local/lib/python3.10/dist-packages:${PYTHONPATH} /usr/bin/cmake /home/rosrunner/DrawMeMaybe/ros2_ws/src/ur_ros2_driver/ur_controllers -DAMENT_CMAKE_SYMLINK_INSTALL=1 -DCMAKE_INSTALL_PREFIX=/home/rosrunner/DrawMeMaybe/ros2_ws/install/ur_controllers
[4.978s] Level 1:colcon.colcon_core.environment:create_environment_scripts_only(ur_controllers)
[4.978s] Level 1:colcon.colcon_core.environment:checking '/home/rosrunner/DrawMeMaybe/ros2_ws/install/ur_controllers' for CMake module files
[4.978s] Level 1:colcon.colcon_core.environment:checking '/home/rosrunner/DrawMeMaybe/ros2_ws/install/ur_controllers' for CMake config files
[4.978s] Level 1:colcon.colcon_core.environment:checking '/home/rosrunner/DrawMeMaybe/ros2_ws/install/ur_controllers/bin'
[4.978s] Level 1:colcon.colcon_core.environment:checking '/home/rosrunner/DrawMeMaybe/ros2_ws/install/ur_controllers/lib/pkgconfig/ur_controllers.pc'
[4.978s] Level 1:colcon.colcon_core.environment:checking '/home/rosrunner/DrawMeMaybe/ros2_ws/install/ur_controllers/lib/python3.10/site-packages'
[4.978s] Level 1:colcon.colcon_core.environment:checking '/home/rosrunner/DrawMeMaybe/ros2_ws/install/ur_controllers/bin'
[4.978s] INFO:colcon.colcon_core.shell:Creating package script '/home/rosrunner/DrawMeMaybe/ros2_ws/install/ur_controllers/share/ur_controllers/package.ps1'
[4.979s] INFO:colcon.colcon_core.shell:Creating package descriptor '/home/rosrunner/DrawMeMaybe/ros2_ws/install/ur_controllers/share/ur_controllers/package.dsv'
[4.979s] INFO:colcon.colcon_core.shell:Creating package script '/home/rosrunner/DrawMeMaybe/ros2_ws/install/ur_controllers/share/ur_controllers/package.sh'
[4.979s] INFO:colcon.colcon_core.shell:Creating package script '/home/rosrunner/DrawMeMaybe/ros2_ws/install/ur_controllers/share/ur_controllers/package.bash'
[4.979s] INFO:colcon.colcon_core.shell:Creating package script '/home/rosrunner/DrawMeMaybe/ros2_ws/install/ur_controllers/share/ur_controllers/package.zsh'
[4.979s] Level 1:colcon.colcon_core.environment:create_file_with_runtime_dependencies(/home/rosrunner/DrawMeMaybe/ros2_ws/install/ur_controllers/share/colcon-core/packages/ur_controllers)
[4.989s] DEBUG:colcon.colcon_parallel_executor.executor.parallel:closing loop
[4.989s] DEBUG:colcon.colcon_parallel_executor.executor.parallel:loop closed
[4.989s] DEBUG:colcon.colcon_parallel_executor.executor.parallel:run_until_complete finished with '1'
[4.989s] DEBUG:colcon.colcon_core.event_reactor:joining thread
[4.991s] INFO:colcon.colcon_core.plugin_system:Skipping extension 'colcon_notification.desktop_notification.terminal_notifier': Not used on non-Darwin systems
[4.991s] INFO:colcon.colcon_core.plugin_system:Skipping extension 'colcon_notification.desktop_notification.win32': Not used on non-Windows systems
[4.991s] INFO:colcon.colcon_notification.desktop_notification:Sending desktop notification using 'notify2'
[5.000s] DEBUG:colcon.colcon_core.event_reactor:joined thread
[5.000s] INFO:colcon.colcon_core.shell:Creating prefix script '/home/rosrunner/DrawMeMaybe/ros2_ws/install/local_setup.ps1'
[5.001s] INFO:colcon.colcon_core.shell:Creating prefix util module '/home/rosrunner/DrawMeMaybe/ros2_ws/install/_local_setup_util_ps1.py'
[5.002s] INFO:colcon.colcon_core.shell:Creating prefix chain script '/home/rosrunner/DrawMeMaybe/ros2_ws/install/setup.ps1'
[5.002s] INFO:colcon.colcon_core.shell:Creating prefix script '/home/rosrunner/DrawMeMaybe/ros2_ws/install/local_setup.sh'
[5.002s] INFO:colcon.colcon_core.shell:Creating prefix util module '/home/rosrunner/DrawMeMaybe/ros2_ws/install/_local_setup_util_sh.py'
[5.002s] INFO:colcon.colcon_core.shell:Creating prefix chain script '/home/rosrunner/DrawMeMaybe/ros2_ws/install/setup.sh'
[5.003s] INFO:colcon.colcon_core.shell:Creating prefix script '/home/rosrunner/DrawMeMaybe/ros2_ws/install/local_setup.bash'
[5.003s] INFO:colcon.colcon_core.shell:Creating prefix chain script '/home/rosrunner/DrawMeMaybe/ros2_ws/install/setup.bash'
[5.003s] INFO:colcon.colcon_core.shell:Creating prefix script '/home/rosrunner/DrawMeMaybe/ros2_ws/install/local_setup.zsh'
[5.003s] INFO:colcon.colcon_core.shell:Creating prefix chain script '/home/rosrunner/DrawMeMaybe/ros2_ws/install/setup.zsh'
