[0.005s] Invoking command in '/home/rosrunner/DrawMeMaybe/ros2_ws/build/ur_dashboard_msgs': /usr/bin/cmake /home/rosrunner/DrawMeMaybe/ros2_ws/src/ur_ros2_driver/ur_dashboard_msgs -DAMENT_CMAKE_SYMLINK_INSTALL=1 -DCMAKE_INSTALL_PREFIX=/home/rosrunner/DrawMeMaybe/ros2_ws/install/ur_dashboard_msgs
[0.071s] -- The C compiler identification is GNU 11.4.0
[0.112s] -- The CXX compiler identification is GNU 11.4.0
[0.117s] -- Detecting C compiler ABI info
[0.147s] -- Detecting C compiler ABI info - done
[0.150s] -- Check for working C compiler: /usr/bin/cc - skipped
[0.150s] -- Detecting C compile features
[0.150s] -- Detecting C compile features - done
[0.152s] -- Detecting CXX compiler ABI info
[0.183s] -- Detecting CXX compiler ABI info - done
[0.186s] -- Check for working CXX compiler: /usr/bin/c++ - skipped
[0.186s] -- Detecting CXX compile features
[0.186s] -- Detecting CXX compile features - done
[0.192s] [31mCMake Error at CMakeLists.txt:4 (find_package):
[0.192s]   By not providing "Findament_cmake.cmake" in CMAKE_MODULE_PATH this project
[0.192s]   has asked CMake to find a package configuration file provided by
[0.192s]   "ament_cmake", but CMake did not find one.
[0.192s] 
[0.192s]   Could not find a package configuration file provided by "ament_cmake" with
[0.192s]   any of the following names:
[0.192s] 
[0.192s]     ament_cmakeConfig.cmake
[0.192s]     ament_cmake-config.cmake
[0.192s] 
[0.192s]   Add the installation prefix of "ament_cmake" to CMAKE_PREFIX_PATH or set
[0.192s]   "ament_cmake_DIR" to a directory containing one of the above files.  If
[0.193s]   "ament_cmake" provides a separate development package or SDK, be sure it
[0.193s]   has been installed.
[0.193s] 
[0.193s] [0m
[0.193s] -- Configuring incomplete, errors occurred!
[0.193s] See also "/home/rosrunner/DrawMeMaybe/ros2_ws/build/ur_dashboard_msgs/CMakeFiles/CMakeOutput.log".
[0.194s] Invoked command in '/home/rosrunner/DrawMeMaybe/ros2_ws/build/ur_dashboard_msgs' returned '1': /usr/bin/cmake /home/rosrunner/DrawMeMaybe/ros2_ws/src/ur_ros2_driver/ur_dashboard_msgs -DAMENT_CMAKE_SYMLINK_INSTALL=1 -DCMAKE_INSTALL_PREFIX=/home/rosrunner/DrawMeMaybe/ros2_ws/install/ur_dashboard_msgs
