[0.005s] Invoking command in '/home/rosrunner/DrawMeMaybe/ros2_ws/build/ur_robot_driver': AMENT_PREFIX_PATH=/home/rosrunner/DrawMeMaybe/ros2_ws/install/ur_controllers:/home/rosrunner/DrawMeMaybe/ros2_ws/install/ur_description:/home/rosrunner/DrawMeMaybe/ros2_ws/install/ur_dashboard_msgs:${AMENT_PREFIX_PATH} CMAKE_PREFIX_PATH=/home/rosrunner/DrawMeMaybe/ros2_ws/install/ur_controllers:/home/rosrunner/DrawMeMaybe/ros2_ws/install/ur_description:/home/rosrunner/DrawMeMaybe/ros2_ws/install/ur_dashboard_msgs:/opt/ros/humble LD_LIBRARY_PATH=/home/rosrunner/DrawMeMaybe/ros2_ws/install/ur_controllers/lib:/home/rosrunner/DrawMeMaybe/ros2_ws/install/ur_dashboard_msgs/lib:${LD_LIBRARY_PATH} PYTHONPATH=/home/rosrunner/DrawMeMaybe/ros2_ws/install/ur_dashboard_msgs/local/lib/python3.10/dist-packages:${PYTHONPATH} /usr/bin/cmake /home/rosrunner/DrawMeMaybe/ros2_ws/src/ur_ros2_driver/ur_robot_driver -DCMAKE_INSTALL_PREFIX=/home/rosrunner/DrawMeMaybe/ros2_ws/install/ur_robot_driver
[0.026s] -- The C compiler identification is GNU 11.4.0
[0.047s] -- The CXX compiler identification is GNU 11.4.0
[0.050s] -- Detecting C compiler ABI info
[0.077s] -- Detecting C compiler ABI info - done
[0.080s] -- Check for working C compiler: /usr/bin/cc - skipped
[0.081s] -- Detecting C compile features
[0.081s] -- Detecting C compile features - done
[0.082s] -- Detecting CXX compiler ABI info
[0.111s] -- Detecting CXX compiler ABI info - done
[0.114s] -- Check for working CXX compiler: /usr/bin/c++ - skipped
[0.114s] -- Detecting CXX compile features
[0.114s] -- Detecting CXX compile features - done
[0.115s] [0mur_robot_driver: You did not request a specific build type: selecting 'RelWithDebInfo'.[0m
[0.115s] -- Found ament_cmake: 1.3.12 (/opt/ros/humble/share/ament_cmake/cmake)
[0.176s] -- Found Python3: /usr/bin/python3 (found version "3.10.12") found components: Interpreter 
[0.213s] -- Found controller_manager: 2.52.0 (/opt/ros/humble/share/controller_manager/cmake)
[0.228s] -- Found rosidl_generator_c: 3.1.7 (/opt/ros/humble/share/rosidl_generator_c/cmake)
[0.229s] -- Found rosidl_adapter: 3.1.7 (/opt/ros/humble/share/rosidl_adapter/cmake)
[0.232s] -- Found rosidl_generator_cpp: 3.1.7 (/opt/ros/humble/share/rosidl_generator_cpp/cmake)
[0.237s] -- Using all available rosidl_typesupport_c: rosidl_typesupport_fastrtps_c;rosidl_typesupport_introspection_c
[0.242s] -- Using all available rosidl_typesupport_cpp: rosidl_typesupport_fastrtps_cpp;rosidl_typesupport_introspection_cpp
[0.313s] -- Found rmw_implementation_cmake: 6.1.2 (/opt/ros/humble/share/rmw_implementation_cmake/cmake)
[0.314s] -- Found rmw_fastrtps_cpp: 6.2.9 (/opt/ros/humble/share/rmw_fastrtps_cpp/cmake)
[0.323s] -- Found TinyXML2 via Config file: TinyXML2_DIR-NOTFOUND
[0.349s] -- Found OpenSSL: /usr/lib/x86_64-linux-gnu/libcrypto.so (found version "3.0.2")  
[0.350s] -- Found TinyXML2 via Config file: TinyXML2_DIR-NOTFOUND
[0.355s] -- Found FastRTPS: /opt/ros/humble/include  
[0.357s] -- Found TinyXML2 via Config file: TinyXML2_DIR-NOTFOUND
[0.360s] -- Found TinyXML2 via Config file: TinyXML2_DIR-NOTFOUND
[0.364s] -- Using RMW implementation 'rmw_fastrtps_cpp' as default
[0.367s] -- Looking for pthread.h
[0.404s] -- Looking for pthread.h - found
[0.404s] -- Performing Test CMAKE_HAVE_LIBC_PTHREAD
[0.441s] -- Performing Test CMAKE_HAVE_LIBC_PTHREAD - Success
[0.442s] -- Found Threads: TRUE  
[0.473s] -- Found rclpy: 3.3.17 (/opt/ros/humble/share/rclpy/cmake)
[0.473s] -- Found std_srvs: 4.9.0 (/opt/ros/humble/share/std_srvs/cmake)
[0.477s] -- Found tf2_geometry_msgs: 0.25.16 (/opt/ros/humble/share/tf2_geometry_msgs/cmake)
[0.482s] -- Found eigen3_cmake_module: 0.1.1 (/opt/ros/humble/share/eigen3_cmake_module/cmake)
[0.482s] -- Found Eigen3: TRUE (found version "3.4.0") 
[0.482s] -- Ensuring Eigen3 include directory is part of orocos-kdl CMake target
[0.506s] [31mCMake Error at CMakeLists.txt:37 (find_package):
[0.506s]   By not providing "Findur_client_library.cmake" in CMAKE_MODULE_PATH this
[0.507s]   project has asked CMake to find a package configuration file provided by
[0.507s]   "ur_client_library", but CMake did not find one.
[0.507s] 
[0.507s]   Could not find a package configuration file provided by "ur_client_library"
[0.507s]   with any of the following names:
[0.507s] 
[0.507s]     ur_client_libraryConfig.cmake
[0.507s]     ur_client_library-config.cmake
[0.507s] 
[0.507s]   Add the installation prefix of "ur_client_library" to CMAKE_PREFIX_PATH or
[0.507s]   set "ur_client_library_DIR" to a directory containing one of the above
[0.507s]   files.  If "ur_client_library" provides a separate development package or
[0.507s]   SDK, be sure it has been installed.
[0.507s] 
[0.507s] [0m
[0.507s] -- Configuring incomplete, errors occurred!
[0.507s] See also "/home/rosrunner/DrawMeMaybe/ros2_ws/build/ur_robot_driver/CMakeFiles/CMakeOutput.log".
[0.511s] Invoked command in '/home/rosrunner/DrawMeMaybe/ros2_ws/build/ur_robot_driver' returned '1': AMENT_PREFIX_PATH=/home/rosrunner/DrawMeMaybe/ros2_ws/install/ur_controllers:/home/rosrunner/DrawMeMaybe/ros2_ws/install/ur_description:/home/rosrunner/DrawMeMaybe/ros2_ws/install/ur_dashboard_msgs:${AMENT_PREFIX_PATH} CMAKE_PREFIX_PATH=/home/rosrunner/DrawMeMaybe/ros2_ws/install/ur_controllers:/home/rosrunner/DrawMeMaybe/ros2_ws/install/ur_description:/home/rosrunner/DrawMeMaybe/ros2_ws/install/ur_dashboard_msgs:/opt/ros/humble LD_LIBRARY_PATH=/home/rosrunner/DrawMeMaybe/ros2_ws/install/ur_controllers/lib:/home/rosrunner/DrawMeMaybe/ros2_ws/install/ur_dashboard_msgs/lib:${LD_LIBRARY_PATH} PYTHONPATH=/home/rosrunner/DrawMeMaybe/ros2_ws/install/ur_dashboard_msgs/local/lib/python3.10/dist-packages:${PYTHONPATH} /usr/bin/cmake /home/rosrunner/DrawMeMaybe/ros2_ws/src/ur_ros2_driver/ur_robot_driver -DCMAKE_INSTALL_PREFIX=/home/rosrunner/DrawMeMaybe/ros2_ws/install/ur_robot_driver
