[0.042s] DEBUG:colcon:Command line arguments: ['/usr/bin/colcon', 'build']
[0.042s] DEBUG:colcon:Parsed command line arguments: Namespace(log_base=None, log_level=None, verb_name='build', build_base='build', install_base='install', merge_install=False, symlink_install=False, test_result_base=None, continue_on_error=False, executor='parallel', parallel_workers=24, event_handlers=None, ignore_user_meta=False, metas=['./colcon.meta'], base_paths=['.'], packages_ignore=None, packages_ignore_regex=None, paths=None, packages_up_to=None, packages_up_to_regex=None, packages_above=None, packages_above_and_dependencies=None, packages_above_depth=None, packages_select_by_dep=None, packages_skip_by_dep=None, packages_skip_up_to=None, packages_select_build_failed=False, packages_skip_build_finished=False, packages_select_test_failures=False, packages_skip_test_passed=False, packages_select=None, packages_skip=None, packages_select_regex=None, packages_skip_regex=None, packages_start=None, packages_end=None, allow_overriding=[], cmake_args=None, cmake_target=None, cmake_target_skip_unavailable=False, cmake_clean_cache=False, cmake_clean_first=False, cmake_force_configure=False, ament_cmake_args=None, catkin_cmake_args=None, catkin_skip_building_tests=False, mixin_files=None, mixin=None, verb_parser=<colcon_mixin.mixin.mixin_argument.MixinArgumentDecorator object at 0x7354cc74d5a0>, verb_extension=<colcon_core.verb.build.BuildVerb object at 0x7354cc8d6a40>, main=<bound method BuildVerb.main of <colcon_core.verb.build.BuildVerb object at 0x7354cc8d6a40>>, mixin_verb=('build',))
[0.095s] Level 1:colcon.colcon_core.package_discovery:discover_packages(colcon_meta) check parameters
[0.096s] Level 1:colcon.colcon_core.package_discovery:discover_packages(recursive) check parameters
[0.096s] Level 1:colcon.colcon_core.package_discovery:discover_packages(ignore) check parameters
[0.096s] Level 1:colcon.colcon_core.package_discovery:discover_packages(path) check parameters
[0.096s] Level 1:colcon.colcon_core.package_discovery:discover_packages(colcon_meta) discover
[0.096s] Level 1:colcon.colcon_core.package_discovery:discover_packages(recursive) discover
[0.096s] INFO:colcon.colcon_core.package_discovery:Crawling recursively for packages in '/home/rosrunner/DrawMeMaybe/ros2_ws'
[0.096s] Level 1:colcon.colcon_core.package_identification:_identify(.) by extensions ['ignore', 'ignore_ament_install']
[0.096s] Level 1:colcon.colcon_core.package_identification:_identify(.) by extension 'ignore'
[0.096s] Level 1:colcon.colcon_core.package_identification:_identify(.) by extension 'ignore_ament_install'
[0.096s] Level 1:colcon.colcon_core.package_identification:_identify(.) by extensions ['colcon_pkg']
[0.096s] Level 1:colcon.colcon_core.package_identification:_identify(.) by extension 'colcon_pkg'
[0.096s] Level 1:colcon.colcon_core.package_identification:_identify(.) by extensions ['colcon_meta']
[0.096s] Level 1:colcon.colcon_core.package_identification:_identify(.) by extension 'colcon_meta'
[0.096s] Level 1:colcon.colcon_core.package_identification:_identify(.) by extensions ['ros']
[0.096s] Level 1:colcon.colcon_core.package_identification:_identify(.) by extension 'ros'
[0.100s] Level 1:colcon.colcon_core.package_identification:_identify(.) by extensions ['cmake', 'python']
[0.100s] Level 1:colcon.colcon_core.package_identification:_identify(.) by extension 'cmake'
[0.100s] Level 1:colcon.colcon_core.package_identification:_identify(.) by extension 'python'
[0.100s] Level 1:colcon.colcon_core.package_identification:_identify(.) by extensions ['python_setup_py']
[0.100s] Level 1:colcon.colcon_core.package_identification:_identify(.) by extension 'python_setup_py'
[0.100s] Level 1:colcon.colcon_core.package_identification:_identify(build) by extensions ['ignore', 'ignore_ament_install']
[0.100s] Level 1:colcon.colcon_core.package_identification:_identify(build) by extension 'ignore'
[0.100s] Level 1:colcon.colcon_core.package_identification:_identify(build) ignored
[0.100s] Level 1:colcon.colcon_core.package_identification:_identify(install) by extensions ['ignore', 'ignore_ament_install']
[0.100s] Level 1:colcon.colcon_core.package_identification:_identify(install) by extension 'ignore'
[0.100s] Level 1:colcon.colcon_core.package_identification:_identify(install) ignored
[0.100s] Level 1:colcon.colcon_core.package_identification:_identify(log) by extensions ['ignore', 'ignore_ament_install']
[0.100s] Level 1:colcon.colcon_core.package_identification:_identify(log) by extension 'ignore'
[0.100s] Level 1:colcon.colcon_core.package_identification:_identify(log) ignored
[0.100s] Level 1:colcon.colcon_core.package_identification:_identify(src) by extensions ['ignore', 'ignore_ament_install']
[0.100s] Level 1:colcon.colcon_core.package_identification:_identify(src) by extension 'ignore'
[0.100s] Level 1:colcon.colcon_core.package_identification:_identify(src) by extension 'ignore_ament_install'
[0.100s] Level 1:colcon.colcon_core.package_identification:_identify(src) by extensions ['colcon_pkg']
[0.100s] Level 1:colcon.colcon_core.package_identification:_identify(src) by extension 'colcon_pkg'
[0.100s] Level 1:colcon.colcon_core.package_identification:_identify(src) by extensions ['colcon_meta']
[0.100s] Level 1:colcon.colcon_core.package_identification:_identify(src) by extension 'colcon_meta'
[0.100s] Level 1:colcon.colcon_core.package_identification:_identify(src) by extensions ['ros']
[0.100s] Level 1:colcon.colcon_core.package_identification:_identify(src) by extension 'ros'
[0.100s] Level 1:colcon.colcon_core.package_identification:_identify(src) by extensions ['cmake', 'python']
[0.100s] Level 1:colcon.colcon_core.package_identification:_identify(src) by extension 'cmake'
[0.100s] Level 1:colcon.colcon_core.package_identification:_identify(src) by extension 'python'
[0.100s] Level 1:colcon.colcon_core.package_identification:_identify(src) by extensions ['python_setup_py']
[0.100s] Level 1:colcon.colcon_core.package_identification:_identify(src) by extension 'python_setup_py'
[0.101s] Level 1:colcon.colcon_core.package_identification:_identify(src/ur_description) by extensions ['ignore', 'ignore_ament_install']
[0.101s] Level 1:colcon.colcon_core.package_identification:_identify(src/ur_description) by extension 'ignore'
[0.101s] Level 1:colcon.colcon_core.package_identification:_identify(src/ur_description) by extension 'ignore_ament_install'
[0.101s] Level 1:colcon.colcon_core.package_identification:_identify(src/ur_description) by extensions ['colcon_pkg']
[0.101s] Level 1:colcon.colcon_core.package_identification:_identify(src/ur_description) by extension 'colcon_pkg'
[0.101s] Level 1:colcon.colcon_core.package_identification:_identify(src/ur_description) by extensions ['colcon_meta']
[0.101s] Level 1:colcon.colcon_core.package_identification:_identify(src/ur_description) by extension 'colcon_meta'
[0.101s] Level 1:colcon.colcon_core.package_identification:_identify(src/ur_description) by extensions ['ros']
[0.101s] Level 1:colcon.colcon_core.package_identification:_identify(src/ur_description) by extension 'ros'
[0.102s] DEBUG:colcon.colcon_core.package_identification:Package 'src/ur_description' with type 'ros.ament_cmake' and name 'ur_description'
[0.102s] Level 1:colcon.colcon_core.package_identification:_identify(src/ur_ros2_driver) by extensions ['ignore', 'ignore_ament_install']
[0.102s] Level 1:colcon.colcon_core.package_identification:_identify(src/ur_ros2_driver) by extension 'ignore'
[0.102s] Level 1:colcon.colcon_core.package_identification:_identify(src/ur_ros2_driver) by extension 'ignore_ament_install'
[0.102s] Level 1:colcon.colcon_core.package_identification:_identify(src/ur_ros2_driver) by extensions ['colcon_pkg']
[0.102s] Level 1:colcon.colcon_core.package_identification:_identify(src/ur_ros2_driver) by extension 'colcon_pkg'
[0.102s] Level 1:colcon.colcon_core.package_identification:_identify(src/ur_ros2_driver) by extensions ['colcon_meta']
[0.102s] Level 1:colcon.colcon_core.package_identification:_identify(src/ur_ros2_driver) by extension 'colcon_meta'
[0.102s] Level 1:colcon.colcon_core.package_identification:_identify(src/ur_ros2_driver) by extensions ['ros']
[0.102s] Level 1:colcon.colcon_core.package_identification:_identify(src/ur_ros2_driver) by extension 'ros'
[0.102s] Level 1:colcon.colcon_core.package_identification:_identify(src/ur_ros2_driver) by extensions ['cmake', 'python']
[0.102s] Level 1:colcon.colcon_core.package_identification:_identify(src/ur_ros2_driver) by extension 'cmake'
[0.102s] Level 1:colcon.colcon_core.package_identification:_identify(src/ur_ros2_driver) by extension 'python'
[0.102s] Level 1:colcon.colcon_core.package_identification:_identify(src/ur_ros2_driver) by extensions ['python_setup_py']
[0.102s] Level 1:colcon.colcon_core.package_identification:_identify(src/ur_ros2_driver) by extension 'python_setup_py'
[0.102s] Level 1:colcon.colcon_core.package_identification:_identify(src/ur_ros2_driver/ur) by extensions ['ignore', 'ignore_ament_install']
[0.102s] Level 1:colcon.colcon_core.package_identification:_identify(src/ur_ros2_driver/ur) by extension 'ignore'
[0.102s] Level 1:colcon.colcon_core.package_identification:_identify(src/ur_ros2_driver/ur) by extension 'ignore_ament_install'
[0.102s] Level 1:colcon.colcon_core.package_identification:_identify(src/ur_ros2_driver/ur) by extensions ['colcon_pkg']
[0.102s] Level 1:colcon.colcon_core.package_identification:_identify(src/ur_ros2_driver/ur) by extension 'colcon_pkg'
[0.102s] Level 1:colcon.colcon_core.package_identification:_identify(src/ur_ros2_driver/ur) by extensions ['colcon_meta']
[0.102s] Level 1:colcon.colcon_core.package_identification:_identify(src/ur_ros2_driver/ur) by extension 'colcon_meta'
[0.102s] Level 1:colcon.colcon_core.package_identification:_identify(src/ur_ros2_driver/ur) by extensions ['ros']
[0.102s] Level 1:colcon.colcon_core.package_identification:_identify(src/ur_ros2_driver/ur) by extension 'ros'
[0.102s] DEBUG:colcon.colcon_core.package_identification:Package 'src/ur_ros2_driver/ur' with type 'ros.ament_cmake' and name 'ur'
[0.102s] Level 1:colcon.colcon_core.package_identification:_identify(src/ur_ros2_driver/ur_bringup) by extensions ['ignore', 'ignore_ament_install']
[0.102s] Level 1:colcon.colcon_core.package_identification:_identify(src/ur_ros2_driver/ur_bringup) by extension 'ignore'
[0.102s] Level 1:colcon.colcon_core.package_identification:_identify(src/ur_ros2_driver/ur_bringup) by extension 'ignore_ament_install'
[0.102s] Level 1:colcon.colcon_core.package_identification:_identify(src/ur_ros2_driver/ur_bringup) by extensions ['colcon_pkg']
[0.102s] Level 1:colcon.colcon_core.package_identification:_identify(src/ur_ros2_driver/ur_bringup) by extension 'colcon_pkg'
[0.102s] Level 1:colcon.colcon_core.package_identification:_identify(src/ur_ros2_driver/ur_bringup) by extensions ['colcon_meta']
[0.102s] Level 1:colcon.colcon_core.package_identification:_identify(src/ur_ros2_driver/ur_bringup) by extension 'colcon_meta'
[0.102s] Level 1:colcon.colcon_core.package_identification:_identify(src/ur_ros2_driver/ur_bringup) by extensions ['ros']
[0.103s] Level 1:colcon.colcon_core.package_identification:_identify(src/ur_ros2_driver/ur_bringup) by extension 'ros'
[0.103s] DEBUG:colcon.colcon_core.package_identification:Package 'src/ur_ros2_driver/ur_bringup' with type 'ros.ament_cmake' and name 'ur_bringup'
[0.103s] Level 1:colcon.colcon_core.package_identification:_identify(src/ur_ros2_driver/ur_calibration) by extensions ['ignore', 'ignore_ament_install']
[0.103s] Level 1:colcon.colcon_core.package_identification:_identify(src/ur_ros2_driver/ur_calibration) by extension 'ignore'
[0.103s] Level 1:colcon.colcon_core.package_identification:_identify(src/ur_ros2_driver/ur_calibration) by extension 'ignore_ament_install'
[0.103s] Level 1:colcon.colcon_core.package_identification:_identify(src/ur_ros2_driver/ur_calibration) by extensions ['colcon_pkg']
[0.103s] Level 1:colcon.colcon_core.package_identification:_identify(src/ur_ros2_driver/ur_calibration) by extension 'colcon_pkg'
[0.103s] Level 1:colcon.colcon_core.package_identification:_identify(src/ur_ros2_driver/ur_calibration) by extensions ['colcon_meta']
[0.103s] Level 1:colcon.colcon_core.package_identification:_identify(src/ur_ros2_driver/ur_calibration) by extension 'colcon_meta'
[0.103s] Level 1:colcon.colcon_core.package_identification:_identify(src/ur_ros2_driver/ur_calibration) by extensions ['ros']
[0.103s] Level 1:colcon.colcon_core.package_identification:_identify(src/ur_ros2_driver/ur_calibration) by extension 'ros'
[0.103s] DEBUG:colcon.colcon_core.package_identification:Package 'src/ur_ros2_driver/ur_calibration' with type 'ros.ament_cmake' and name 'ur_calibration'
[0.103s] Level 1:colcon.colcon_core.package_identification:_identify(src/ur_ros2_driver/ur_controllers) by extensions ['ignore', 'ignore_ament_install']
[0.103s] Level 1:colcon.colcon_core.package_identification:_identify(src/ur_ros2_driver/ur_controllers) by extension 'ignore'
[0.103s] Level 1:colcon.colcon_core.package_identification:_identify(src/ur_ros2_driver/ur_controllers) by extension 'ignore_ament_install'
[0.103s] Level 1:colcon.colcon_core.package_identification:_identify(src/ur_ros2_driver/ur_controllers) by extensions ['colcon_pkg']
[0.103s] Level 1:colcon.colcon_core.package_identification:_identify(src/ur_ros2_driver/ur_controllers) by extension 'colcon_pkg'
[0.103s] Level 1:colcon.colcon_core.package_identification:_identify(src/ur_ros2_driver/ur_controllers) by extensions ['colcon_meta']
[0.103s] Level 1:colcon.colcon_core.package_identification:_identify(src/ur_ros2_driver/ur_controllers) by extension 'colcon_meta'
[0.103s] Level 1:colcon.colcon_core.package_identification:_identify(src/ur_ros2_driver/ur_controllers) by extensions ['ros']
[0.103s] Level 1:colcon.colcon_core.package_identification:_identify(src/ur_ros2_driver/ur_controllers) by extension 'ros'
[0.104s] DEBUG:colcon.colcon_core.package_identification:Package 'src/ur_ros2_driver/ur_controllers' with type 'ros.ament_cmake' and name 'ur_controllers'
[0.104s] Level 1:colcon.colcon_core.package_identification:_identify(src/ur_ros2_driver/ur_dashboard_msgs) by extensions ['ignore', 'ignore_ament_install']
[0.104s] Level 1:colcon.colcon_core.package_identification:_identify(src/ur_ros2_driver/ur_dashboard_msgs) by extension 'ignore'
[0.104s] Level 1:colcon.colcon_core.package_identification:_identify(src/ur_ros2_driver/ur_dashboard_msgs) by extension 'ignore_ament_install'
[0.104s] Level 1:colcon.colcon_core.package_identification:_identify(src/ur_ros2_driver/ur_dashboard_msgs) by extensions ['colcon_pkg']
[0.104s] Level 1:colcon.colcon_core.package_identification:_identify(src/ur_ros2_driver/ur_dashboard_msgs) by extension 'colcon_pkg'
[0.104s] Level 1:colcon.colcon_core.package_identification:_identify(src/ur_ros2_driver/ur_dashboard_msgs) by extensions ['colcon_meta']
[0.104s] Level 1:colcon.colcon_core.package_identification:_identify(src/ur_ros2_driver/ur_dashboard_msgs) by extension 'colcon_meta'
[0.104s] Level 1:colcon.colcon_core.package_identification:_identify(src/ur_ros2_driver/ur_dashboard_msgs) by extensions ['ros']
[0.104s] Level 1:colcon.colcon_core.package_identification:_identify(src/ur_ros2_driver/ur_dashboard_msgs) by extension 'ros'
[0.105s] DEBUG:colcon.colcon_core.package_identification:Package 'src/ur_ros2_driver/ur_dashboard_msgs' with type 'ros.ament_cmake' and name 'ur_dashboard_msgs'
[0.105s] Level 1:colcon.colcon_core.package_identification:_identify(src/ur_ros2_driver/ur_moveit_config) by extensions ['ignore', 'ignore_ament_install']
[0.105s] Level 1:colcon.colcon_core.package_identification:_identify(src/ur_ros2_driver/ur_moveit_config) by extension 'ignore'
[0.105s] Level 1:colcon.colcon_core.package_identification:_identify(src/ur_ros2_driver/ur_moveit_config) by extension 'ignore_ament_install'
[0.105s] Level 1:colcon.colcon_core.package_identification:_identify(src/ur_ros2_driver/ur_moveit_config) by extensions ['colcon_pkg']
[0.105s] Level 1:colcon.colcon_core.package_identification:_identify(src/ur_ros2_driver/ur_moveit_config) by extension 'colcon_pkg'
[0.105s] Level 1:colcon.colcon_core.package_identification:_identify(src/ur_ros2_driver/ur_moveit_config) by extensions ['colcon_meta']
[0.105s] Level 1:colcon.colcon_core.package_identification:_identify(src/ur_ros2_driver/ur_moveit_config) by extension 'colcon_meta'
[0.105s] Level 1:colcon.colcon_core.package_identification:_identify(src/ur_ros2_driver/ur_moveit_config) by extensions ['ros']
[0.105s] Level 1:colcon.colcon_core.package_identification:_identify(src/ur_ros2_driver/ur_moveit_config) by extension 'ros'
[0.105s] DEBUG:colcon.colcon_core.package_identification:Package 'src/ur_ros2_driver/ur_moveit_config' with type 'ros.ament_cmake' and name 'ur_moveit_config'
[0.105s] Level 1:colcon.colcon_core.package_identification:_identify(src/ur_ros2_driver/ur_robot_driver) by extensions ['ignore', 'ignore_ament_install']
[0.105s] Level 1:colcon.colcon_core.package_identification:_identify(src/ur_ros2_driver/ur_robot_driver) by extension 'ignore'
[0.105s] Level 1:colcon.colcon_core.package_identification:_identify(src/ur_ros2_driver/ur_robot_driver) by extension 'ignore_ament_install'
[0.105s] Level 1:colcon.colcon_core.package_identification:_identify(src/ur_ros2_driver/ur_robot_driver) by extensions ['colcon_pkg']
[0.105s] Level 1:colcon.colcon_core.package_identification:_identify(src/ur_ros2_driver/ur_robot_driver) by extension 'colcon_pkg'
[0.105s] Level 1:colcon.colcon_core.package_identification:_identify(src/ur_ros2_driver/ur_robot_driver) by extensions ['colcon_meta']
[0.105s] Level 1:colcon.colcon_core.package_identification:_identify(src/ur_ros2_driver/ur_robot_driver) by extension 'colcon_meta'
[0.105s] Level 1:colcon.colcon_core.package_identification:_identify(src/ur_ros2_driver/ur_robot_driver) by extensions ['ros']
[0.105s] Level 1:colcon.colcon_core.package_identification:_identify(src/ur_ros2_driver/ur_robot_driver) by extension 'ros'
[0.106s] DEBUG:colcon.colcon_core.package_identification:Package 'src/ur_ros2_driver/ur_robot_driver' with type 'ros.ament_cmake' and name 'ur_robot_driver'
[0.106s] Level 1:colcon.colcon_core.package_discovery:discover_packages(recursive) using defaults
[0.106s] Level 1:colcon.colcon_core.package_discovery:discover_packages(ignore) discover
[0.106s] Level 1:colcon.colcon_core.package_discovery:discover_packages(ignore) using defaults
[0.106s] Level 1:colcon.colcon_core.package_discovery:discover_packages(path) discover
[0.106s] Level 1:colcon.colcon_core.package_discovery:discover_packages(path) using defaults
[0.118s] Level 1:colcon.colcon_core.package_discovery:discover_packages(prefix_path) check parameters
[0.118s] Level 1:colcon.colcon_core.package_discovery:discover_packages(prefix_path) discover
[0.119s] DEBUG:colcon.colcon_installed_package_information.package_discovery:Found 4 installed packages in /home/rosrunner/DrawMeMaybe/ros2_ws/install
[0.119s] DEBUG:colcon.colcon_installed_package_information.package_discovery:Found 272 installed packages in /opt/ros/humble
[0.120s] Level 1:colcon.colcon_core.package_discovery:discover_packages(prefix_path) using defaults
[0.132s] Level 5:colcon.colcon_core.verb:set package 'ur_dashboard_msgs' build argument 'cmake_args' from command line to 'None'
[0.132s] Level 5:colcon.colcon_core.verb:set package 'ur_dashboard_msgs' build argument 'cmake_target' from command line to 'None'
[0.132s] Level 5:colcon.colcon_core.verb:set package 'ur_dashboard_msgs' build argument 'cmake_target_skip_unavailable' from command line to 'False'
[0.132s] Level 5:colcon.colcon_core.verb:set package 'ur_dashboard_msgs' build argument 'cmake_clean_cache' from command line to 'False'
[0.132s] Level 5:colcon.colcon_core.verb:set package 'ur_dashboard_msgs' build argument 'cmake_clean_first' from command line to 'False'
[0.132s] Level 5:colcon.colcon_core.verb:set package 'ur_dashboard_msgs' build argument 'cmake_force_configure' from command line to 'False'
[0.132s] Level 5:colcon.colcon_core.verb:set package 'ur_dashboard_msgs' build argument 'ament_cmake_args' from command line to 'None'
[0.132s] Level 5:colcon.colcon_core.verb:set package 'ur_dashboard_msgs' build argument 'catkin_cmake_args' from command line to 'None'
[0.132s] Level 5:colcon.colcon_core.verb:set package 'ur_dashboard_msgs' build argument 'catkin_skip_building_tests' from command line to 'False'
[0.132s] DEBUG:colcon.colcon_core.verb:Building package 'ur_dashboard_msgs' with the following arguments: {'ament_cmake_args': None, 'build_base': '/home/rosrunner/DrawMeMaybe/ros2_ws/build/ur_dashboard_msgs', 'catkin_cmake_args': None, 'catkin_skip_building_tests': False, 'cmake_args': None, 'cmake_clean_cache': False, 'cmake_clean_first': False, 'cmake_force_configure': False, 'cmake_target': None, 'cmake_target_skip_unavailable': False, 'install_base': '/home/rosrunner/DrawMeMaybe/ros2_ws/install/ur_dashboard_msgs', 'merge_install': False, 'path': '/home/rosrunner/DrawMeMaybe/ros2_ws/src/ur_ros2_driver/ur_dashboard_msgs', 'symlink_install': False, 'test_result_base': None}
[0.132s] Level 5:colcon.colcon_core.verb:set package 'ur_description' build argument 'cmake_args' from command line to 'None'
[0.132s] Level 5:colcon.colcon_core.verb:set package 'ur_description' build argument 'cmake_target' from command line to 'None'
[0.132s] Level 5:colcon.colcon_core.verb:set package 'ur_description' build argument 'cmake_target_skip_unavailable' from command line to 'False'
[0.132s] Level 5:colcon.colcon_core.verb:set package 'ur_description' build argument 'cmake_clean_cache' from command line to 'False'
[0.132s] Level 5:colcon.colcon_core.verb:set package 'ur_description' build argument 'cmake_clean_first' from command line to 'False'
[0.132s] Level 5:colcon.colcon_core.verb:set package 'ur_description' build argument 'cmake_force_configure' from command line to 'False'
[0.133s] Level 5:colcon.colcon_core.verb:set package 'ur_description' build argument 'ament_cmake_args' from command line to 'None'
[0.133s] Level 5:colcon.colcon_core.verb:set package 'ur_description' build argument 'catkin_cmake_args' from command line to 'None'
[0.133s] Level 5:colcon.colcon_core.verb:set package 'ur_description' build argument 'catkin_skip_building_tests' from command line to 'False'
[0.133s] DEBUG:colcon.colcon_core.verb:Building package 'ur_description' with the following arguments: {'ament_cmake_args': None, 'build_base': '/home/rosrunner/DrawMeMaybe/ros2_ws/build/ur_description', 'catkin_cmake_args': None, 'catkin_skip_building_tests': False, 'cmake_args': None, 'cmake_clean_cache': False, 'cmake_clean_first': False, 'cmake_force_configure': False, 'cmake_target': None, 'cmake_target_skip_unavailable': False, 'install_base': '/home/rosrunner/DrawMeMaybe/ros2_ws/install/ur_description', 'merge_install': False, 'path': '/home/rosrunner/DrawMeMaybe/ros2_ws/src/ur_description', 'symlink_install': False, 'test_result_base': None}
[0.133s] Level 5:colcon.colcon_core.verb:set package 'ur_controllers' build argument 'cmake_args' from command line to 'None'
[0.133s] Level 5:colcon.colcon_core.verb:set package 'ur_controllers' build argument 'cmake_target' from command line to 'None'
[0.133s] Level 5:colcon.colcon_core.verb:set package 'ur_controllers' build argument 'cmake_target_skip_unavailable' from command line to 'False'
[0.133s] Level 5:colcon.colcon_core.verb:set package 'ur_controllers' build argument 'cmake_clean_cache' from command line to 'False'
[0.133s] Level 5:colcon.colcon_core.verb:set package 'ur_controllers' build argument 'cmake_clean_first' from command line to 'False'
[0.133s] Level 5:colcon.colcon_core.verb:set package 'ur_controllers' build argument 'cmake_force_configure' from command line to 'False'
[0.133s] Level 5:colcon.colcon_core.verb:set package 'ur_controllers' build argument 'ament_cmake_args' from command line to 'None'
[0.133s] Level 5:colcon.colcon_core.verb:set package 'ur_controllers' build argument 'catkin_cmake_args' from command line to 'None'
[0.133s] Level 5:colcon.colcon_core.verb:set package 'ur_controllers' build argument 'catkin_skip_building_tests' from command line to 'False'
[0.133s] DEBUG:colcon.colcon_core.verb:Building package 'ur_controllers' with the following arguments: {'ament_cmake_args': None, 'build_base': '/home/rosrunner/DrawMeMaybe/ros2_ws/build/ur_controllers', 'catkin_cmake_args': None, 'catkin_skip_building_tests': False, 'cmake_args': None, 'cmake_clean_cache': False, 'cmake_clean_first': False, 'cmake_force_configure': False, 'cmake_target': None, 'cmake_target_skip_unavailable': False, 'install_base': '/home/rosrunner/DrawMeMaybe/ros2_ws/install/ur_controllers', 'merge_install': False, 'path': '/home/rosrunner/DrawMeMaybe/ros2_ws/src/ur_ros2_driver/ur_controllers', 'symlink_install': False, 'test_result_base': None}
[0.133s] Level 5:colcon.colcon_core.verb:set package 'ur_moveit_config' build argument 'cmake_args' from command line to 'None'
[0.133s] Level 5:colcon.colcon_core.verb:set package 'ur_moveit_config' build argument 'cmake_target' from command line to 'None'
[0.133s] Level 5:colcon.colcon_core.verb:set package 'ur_moveit_config' build argument 'cmake_target_skip_unavailable' from command line to 'False'
[0.133s] Level 5:colcon.colcon_core.verb:set package 'ur_moveit_config' build argument 'cmake_clean_cache' from command line to 'False'
[0.133s] Level 5:colcon.colcon_core.verb:set package 'ur_moveit_config' build argument 'cmake_clean_first' from command line to 'False'
[0.133s] Level 5:colcon.colcon_core.verb:set package 'ur_moveit_config' build argument 'cmake_force_configure' from command line to 'False'
[0.133s] Level 5:colcon.colcon_core.verb:set package 'ur_moveit_config' build argument 'ament_cmake_args' from command line to 'None'
[0.133s] Level 5:colcon.colcon_core.verb:set package 'ur_moveit_config' build argument 'catkin_cmake_args' from command line to 'None'
[0.133s] Level 5:colcon.colcon_core.verb:set package 'ur_moveit_config' build argument 'catkin_skip_building_tests' from command line to 'False'
[0.133s] DEBUG:colcon.colcon_core.verb:Building package 'ur_moveit_config' with the following arguments: {'ament_cmake_args': None, 'build_base': '/home/rosrunner/DrawMeMaybe/ros2_ws/build/ur_moveit_config', 'catkin_cmake_args': None, 'catkin_skip_building_tests': False, 'cmake_args': None, 'cmake_clean_cache': False, 'cmake_clean_first': False, 'cmake_force_configure': False, 'cmake_target': None, 'cmake_target_skip_unavailable': False, 'install_base': '/home/rosrunner/DrawMeMaybe/ros2_ws/install/ur_moveit_config', 'merge_install': False, 'path': '/home/rosrunner/DrawMeMaybe/ros2_ws/src/ur_ros2_driver/ur_moveit_config', 'symlink_install': False, 'test_result_base': None}
[0.133s] Level 5:colcon.colcon_core.verb:set package 'ur_bringup' build argument 'cmake_args' from command line to 'None'
[0.133s] Level 5:colcon.colcon_core.verb:set package 'ur_bringup' build argument 'cmake_target' from command line to 'None'
[0.133s] Level 5:colcon.colcon_core.verb:set package 'ur_bringup' build argument 'cmake_target_skip_unavailable' from command line to 'False'
[0.133s] Level 5:colcon.colcon_core.verb:set package 'ur_bringup' build argument 'cmake_clean_cache' from command line to 'False'
[0.133s] Level 5:colcon.colcon_core.verb:set package 'ur_bringup' build argument 'cmake_clean_first' from command line to 'False'
[0.133s] Level 5:colcon.colcon_core.verb:set package 'ur_bringup' build argument 'cmake_force_configure' from command line to 'False'
[0.133s] Level 5:colcon.colcon_core.verb:set package 'ur_bringup' build argument 'ament_cmake_args' from command line to 'None'
[0.133s] Level 5:colcon.colcon_core.verb:set package 'ur_bringup' build argument 'catkin_cmake_args' from command line to 'None'
[0.133s] Level 5:colcon.colcon_core.verb:set package 'ur_bringup' build argument 'catkin_skip_building_tests' from command line to 'False'
[0.133s] DEBUG:colcon.colcon_core.verb:Building package 'ur_bringup' with the following arguments: {'ament_cmake_args': None, 'build_base': '/home/rosrunner/DrawMeMaybe/ros2_ws/build/ur_bringup', 'catkin_cmake_args': None, 'catkin_skip_building_tests': False, 'cmake_args': None, 'cmake_clean_cache': False, 'cmake_clean_first': False, 'cmake_force_configure': False, 'cmake_target': None, 'cmake_target_skip_unavailable': False, 'install_base': '/home/rosrunner/DrawMeMaybe/ros2_ws/install/ur_bringup', 'merge_install': False, 'path': '/home/rosrunner/DrawMeMaybe/ros2_ws/src/ur_ros2_driver/ur_bringup', 'symlink_install': False, 'test_result_base': None}
[0.133s] Level 5:colcon.colcon_core.verb:set package 'ur_robot_driver' build argument 'cmake_args' from command line to 'None'
[0.133s] Level 5:colcon.colcon_core.verb:set package 'ur_robot_driver' build argument 'cmake_target' from command line to 'None'
[0.133s] Level 5:colcon.colcon_core.verb:set package 'ur_robot_driver' build argument 'cmake_target_skip_unavailable' from command line to 'False'
[0.133s] Level 5:colcon.colcon_core.verb:set package 'ur_robot_driver' build argument 'cmake_clean_cache' from command line to 'False'
[0.133s] Level 5:colcon.colcon_core.verb:set package 'ur_robot_driver' build argument 'cmake_clean_first' from command line to 'False'
[0.133s] Level 5:colcon.colcon_core.verb:set package 'ur_robot_driver' build argument 'cmake_force_configure' from command line to 'False'
[0.133s] Level 5:colcon.colcon_core.verb:set package 'ur_robot_driver' build argument 'ament_cmake_args' from command line to 'None'
[0.133s] Level 5:colcon.colcon_core.verb:set package 'ur_robot_driver' build argument 'catkin_cmake_args' from command line to 'None'
[0.133s] Level 5:colcon.colcon_core.verb:set package 'ur_robot_driver' build argument 'catkin_skip_building_tests' from command line to 'False'
[0.133s] DEBUG:colcon.colcon_core.verb:Building package 'ur_robot_driver' with the following arguments: {'ament_cmake_args': None, 'build_base': '/home/rosrunner/DrawMeMaybe/ros2_ws/build/ur_robot_driver', 'catkin_cmake_args': None, 'catkin_skip_building_tests': False, 'cmake_args': None, 'cmake_clean_cache': False, 'cmake_clean_first': False, 'cmake_force_configure': False, 'cmake_target': None, 'cmake_target_skip_unavailable': False, 'install_base': '/home/rosrunner/DrawMeMaybe/ros2_ws/install/ur_robot_driver', 'merge_install': False, 'path': '/home/rosrunner/DrawMeMaybe/ros2_ws/src/ur_ros2_driver/ur_robot_driver', 'symlink_install': False, 'test_result_base': None}
[0.133s] Level 5:colcon.colcon_core.verb:set package 'ur_calibration' build argument 'cmake_args' from command line to 'None'
[0.133s] Level 5:colcon.colcon_core.verb:set package 'ur_calibration' build argument 'cmake_target' from command line to 'None'
[0.133s] Level 5:colcon.colcon_core.verb:set package 'ur_calibration' build argument 'cmake_target_skip_unavailable' from command line to 'False'
[0.133s] Level 5:colcon.colcon_core.verb:set package 'ur_calibration' build argument 'cmake_clean_cache' from command line to 'False'
[0.133s] Level 5:colcon.colcon_core.verb:set package 'ur_calibration' build argument 'cmake_clean_first' from command line to 'False'
[0.133s] Level 5:colcon.colcon_core.verb:set package 'ur_calibration' build argument 'cmake_force_configure' from command line to 'False'
[0.133s] Level 5:colcon.colcon_core.verb:set package 'ur_calibration' build argument 'ament_cmake_args' from command line to 'None'
[0.133s] Level 5:colcon.colcon_core.verb:set package 'ur_calibration' build argument 'catkin_cmake_args' from command line to 'None'
[0.133s] Level 5:colcon.colcon_core.verb:set package 'ur_calibration' build argument 'catkin_skip_building_tests' from command line to 'False'
[0.133s] DEBUG:colcon.colcon_core.verb:Building package 'ur_calibration' with the following arguments: {'ament_cmake_args': None, 'build_base': '/home/rosrunner/DrawMeMaybe/ros2_ws/build/ur_calibration', 'catkin_cmake_args': None, 'catkin_skip_building_tests': False, 'cmake_args': None, 'cmake_clean_cache': False, 'cmake_clean_first': False, 'cmake_force_configure': False, 'cmake_target': None, 'cmake_target_skip_unavailable': False, 'install_base': '/home/rosrunner/DrawMeMaybe/ros2_ws/install/ur_calibration', 'merge_install': False, 'path': '/home/rosrunner/DrawMeMaybe/ros2_ws/src/ur_ros2_driver/ur_calibration', 'symlink_install': False, 'test_result_base': None}
[0.134s] Level 5:colcon.colcon_core.verb:set package 'ur' build argument 'cmake_args' from command line to 'None'
[0.134s] Level 5:colcon.colcon_core.verb:set package 'ur' build argument 'cmake_target' from command line to 'None'
[0.134s] Level 5:colcon.colcon_core.verb:set package 'ur' build argument 'cmake_target_skip_unavailable' from command line to 'False'
[0.134s] Level 5:colcon.colcon_core.verb:set package 'ur' build argument 'cmake_clean_cache' from command line to 'False'
[0.134s] Level 5:colcon.colcon_core.verb:set package 'ur' build argument 'cmake_clean_first' from command line to 'False'
[0.134s] Level 5:colcon.colcon_core.verb:set package 'ur' build argument 'cmake_force_configure' from command line to 'False'
[0.134s] Level 5:colcon.colcon_core.verb:set package 'ur' build argument 'ament_cmake_args' from command line to 'None'
[0.134s] Level 5:colcon.colcon_core.verb:set package 'ur' build argument 'catkin_cmake_args' from command line to 'None'
[0.134s] Level 5:colcon.colcon_core.verb:set package 'ur' build argument 'catkin_skip_building_tests' from command line to 'False'
[0.134s] DEBUG:colcon.colcon_core.verb:Building package 'ur' with the following arguments: {'ament_cmake_args': None, 'build_base': '/home/rosrunner/DrawMeMaybe/ros2_ws/build/ur', 'catkin_cmake_args': None, 'catkin_skip_building_tests': False, 'cmake_args': None, 'cmake_clean_cache': False, 'cmake_clean_first': False, 'cmake_force_configure': False, 'cmake_target': None, 'cmake_target_skip_unavailable': False, 'install_base': '/home/rosrunner/DrawMeMaybe/ros2_ws/install/ur', 'merge_install': False, 'path': '/home/rosrunner/DrawMeMaybe/ros2_ws/src/ur_ros2_driver/ur', 'symlink_install': False, 'test_result_base': None}
[0.134s] INFO:colcon.colcon_core.executor:Executing jobs using 'parallel' executor
[0.134s] DEBUG:colcon.colcon_parallel_executor.executor.parallel:run_until_complete
[0.134s] INFO:colcon.colcon_ros.task.ament_cmake.build:Building ROS package in '/home/rosrunner/DrawMeMaybe/ros2_ws/src/ur_ros2_driver/ur_dashboard_msgs' with build type 'ament_cmake'
[0.134s] INFO:colcon.colcon_cmake.task.cmake.build:Building CMake package in '/home/rosrunner/DrawMeMaybe/ros2_ws/src/ur_ros2_driver/ur_dashboard_msgs'
[0.135s] INFO:colcon.colcon_core.plugin_system:Skipping extension 'colcon_core.shell.bat': Not used on non-Windows systems
[0.135s] INFO:colcon.colcon_core.shell:Skip shell extension 'powershell' for command environment: Not usable outside of PowerShell
[0.135s] DEBUG:colcon.colcon_core.shell:Skip shell extension 'dsv' for command environment
[0.136s] INFO:colcon.colcon_ros.task.ament_cmake.build:Building ROS package in '/home/rosrunner/DrawMeMaybe/ros2_ws/src/ur_description' with build type 'ament_cmake'
[0.136s] INFO:colcon.colcon_cmake.task.cmake.build:Building CMake package in '/home/rosrunner/DrawMeMaybe/ros2_ws/src/ur_description'
[0.137s] INFO:colcon.colcon_core.shell:Skip shell extension 'powershell' for command environment: Not usable outside of PowerShell
[0.137s] DEBUG:colcon.colcon_core.shell:Skip shell extension 'dsv' for command environment
[0.139s] DEBUG:colcon.colcon_core.event_handler.log_command:Invoking command in '/home/rosrunner/DrawMeMaybe/ros2_ws/build/ur_dashboard_msgs': CMAKE_PREFIX_PATH=/opt/ros/humble /usr/bin/cmake /home/rosrunner/DrawMeMaybe/ros2_ws/src/ur_ros2_driver/ur_dashboard_msgs -DCMAKE_INSTALL_PREFIX=/home/rosrunner/DrawMeMaybe/ros2_ws/install/ur_dashboard_msgs
[0.141s] DEBUG:colcon.colcon_core.event_handler.log_command:Invoking command in '/home/rosrunner/DrawMeMaybe/ros2_ws/build/ur_description': CMAKE_PREFIX_PATH=/opt/ros/humble /usr/bin/cmake /home/rosrunner/DrawMeMaybe/ros2_ws/src/ur_description -DCMAKE_INSTALL_PREFIX=/home/rosrunner/DrawMeMaybe/ros2_ws/install/ur_description
[0.460s] DEBUG:colcon.colcon_core.event_handler.log_command:Invoked command in '/home/rosrunner/DrawMeMaybe/ros2_ws/build/ur_description' returned '0': CMAKE_PREFIX_PATH=/opt/ros/humble /usr/bin/cmake /home/rosrunner/DrawMeMaybe/ros2_ws/src/ur_description -DCMAKE_INSTALL_PREFIX=/home/rosrunner/DrawMeMaybe/ros2_ws/install/ur_description
[0.461s] DEBUG:colcon.colcon_core.event_handler.log_command:Invoking command in '/home/rosrunner/DrawMeMaybe/ros2_ws/build/ur_description': CMAKE_PREFIX_PATH=/opt/ros/humble /usr/bin/cmake --build /home/rosrunner/DrawMeMaybe/ros2_ws/build/ur_description -- -j24 -l24
[0.478s] DEBUG:colcon.colcon_core.event_handler.log_command:Invoked command in '/home/rosrunner/DrawMeMaybe/ros2_ws/build/ur_description' returned '0': CMAKE_PREFIX_PATH=/opt/ros/humble /usr/bin/cmake --build /home/rosrunner/DrawMeMaybe/ros2_ws/build/ur_description -- -j24 -l24
[0.482s] DEBUG:colcon.colcon_core.event_handler.log_command:Invoking command in '/home/rosrunner/DrawMeMaybe/ros2_ws/build/ur_description': CMAKE_PREFIX_PATH=/opt/ros/humble /usr/bin/cmake --install /home/rosrunner/DrawMeMaybe/ros2_ws/build/ur_description
[0.495s] Level 1:colcon.colcon_core.environment:create_environment_scripts_only(ur_description)
[0.495s] DEBUG:colcon.colcon_core.event_handler.log_command:Invoked command in '/home/rosrunner/DrawMeMaybe/ros2_ws/build/ur_description' returned '0': CMAKE_PREFIX_PATH=/opt/ros/humble /usr/bin/cmake --install /home/rosrunner/DrawMeMaybe/ros2_ws/build/ur_description
[0.496s] Level 1:colcon.colcon_core.environment:checking '/home/rosrunner/DrawMeMaybe/ros2_ws/install/ur_description' for CMake module files
[0.496s] Level 1:colcon.colcon_core.environment:checking '/home/rosrunner/DrawMeMaybe/ros2_ws/install/ur_description' for CMake config files
[0.497s] Level 1:colcon.colcon_core.shell:create_environment_hook('ur_description', 'cmake_prefix_path')
[0.497s] INFO:colcon.colcon_core.shell:Creating environment hook '/home/rosrunner/DrawMeMaybe/ros2_ws/install/ur_description/share/ur_description/hook/cmake_prefix_path.ps1'
[0.497s] INFO:colcon.colcon_core.shell:Creating environment descriptor '/home/rosrunner/DrawMeMaybe/ros2_ws/install/ur_description/share/ur_description/hook/cmake_prefix_path.dsv'
[0.497s] INFO:colcon.colcon_core.shell:Creating environment hook '/home/rosrunner/DrawMeMaybe/ros2_ws/install/ur_description/share/ur_description/hook/cmake_prefix_path.sh'
[0.497s] Level 1:colcon.colcon_core.environment:checking '/home/rosrunner/DrawMeMaybe/ros2_ws/install/ur_description/bin'
[0.497s] Level 1:colcon.colcon_core.environment:checking '/home/rosrunner/DrawMeMaybe/ros2_ws/install/ur_description/lib/pkgconfig/ur_description.pc'
[0.498s] Level 1:colcon.colcon_core.environment:checking '/home/rosrunner/DrawMeMaybe/ros2_ws/install/ur_description/lib/python3.10/site-packages'
[0.498s] Level 1:colcon.colcon_core.environment:checking '/home/rosrunner/DrawMeMaybe/ros2_ws/install/ur_description/bin'
[0.498s] INFO:colcon.colcon_core.shell:Creating package script '/home/rosrunner/DrawMeMaybe/ros2_ws/install/ur_description/share/ur_description/package.ps1'
[0.498s] INFO:colcon.colcon_core.shell:Creating package descriptor '/home/rosrunner/DrawMeMaybe/ros2_ws/install/ur_description/share/ur_description/package.dsv'
[0.498s] INFO:colcon.colcon_core.shell:Creating package script '/home/rosrunner/DrawMeMaybe/ros2_ws/install/ur_description/share/ur_description/package.sh'
[0.499s] INFO:colcon.colcon_core.shell:Creating package script '/home/rosrunner/DrawMeMaybe/ros2_ws/install/ur_description/share/ur_description/package.bash'
[0.499s] INFO:colcon.colcon_core.shell:Creating package script '/home/rosrunner/DrawMeMaybe/ros2_ws/install/ur_description/share/ur_description/package.zsh'
[0.499s] Level 1:colcon.colcon_core.environment:create_file_with_runtime_dependencies(/home/rosrunner/DrawMeMaybe/ros2_ws/install/ur_description/share/colcon-core/packages/ur_description)
[0.499s] Level 1:colcon.colcon_core.environment:create_environment_scripts_only(ur_description)
[0.499s] Level 1:colcon.colcon_core.environment:checking '/home/rosrunner/DrawMeMaybe/ros2_ws/install/ur_description' for CMake module files
[0.499s] Level 1:colcon.colcon_core.environment:checking '/home/rosrunner/DrawMeMaybe/ros2_ws/install/ur_description' for CMake config files
[0.500s] Level 1:colcon.colcon_core.shell:create_environment_hook('ur_description', 'cmake_prefix_path')
[0.500s] INFO:colcon.colcon_core.shell:Creating environment hook '/home/rosrunner/DrawMeMaybe/ros2_ws/install/ur_description/share/ur_description/hook/cmake_prefix_path.ps1'
[0.500s] INFO:colcon.colcon_core.shell:Creating environment descriptor '/home/rosrunner/DrawMeMaybe/ros2_ws/install/ur_description/share/ur_description/hook/cmake_prefix_path.dsv'
[0.500s] INFO:colcon.colcon_core.shell:Creating environment hook '/home/rosrunner/DrawMeMaybe/ros2_ws/install/ur_description/share/ur_description/hook/cmake_prefix_path.sh'
[0.500s] Level 1:colcon.colcon_core.environment:checking '/home/rosrunner/DrawMeMaybe/ros2_ws/install/ur_description/bin'
[0.500s] Level 1:colcon.colcon_core.environment:checking '/home/rosrunner/DrawMeMaybe/ros2_ws/install/ur_description/lib/pkgconfig/ur_description.pc'
[0.500s] Level 1:colcon.colcon_core.environment:checking '/home/rosrunner/DrawMeMaybe/ros2_ws/install/ur_description/lib/python3.10/site-packages'
[0.500s] Level 1:colcon.colcon_core.environment:checking '/home/rosrunner/DrawMeMaybe/ros2_ws/install/ur_description/bin'
[0.500s] INFO:colcon.colcon_core.shell:Creating package script '/home/rosrunner/DrawMeMaybe/ros2_ws/install/ur_description/share/ur_description/package.ps1'
[0.501s] INFO:colcon.colcon_core.shell:Creating package descriptor '/home/rosrunner/DrawMeMaybe/ros2_ws/install/ur_description/share/ur_description/package.dsv'
[0.501s] INFO:colcon.colcon_core.shell:Creating package script '/home/rosrunner/DrawMeMaybe/ros2_ws/install/ur_description/share/ur_description/package.sh'
[0.501s] INFO:colcon.colcon_core.shell:Creating package script '/home/rosrunner/DrawMeMaybe/ros2_ws/install/ur_description/share/ur_description/package.bash'
[0.501s] INFO:colcon.colcon_core.shell:Creating package script '/home/rosrunner/DrawMeMaybe/ros2_ws/install/ur_description/share/ur_description/package.zsh'
[0.501s] Level 1:colcon.colcon_core.environment:create_file_with_runtime_dependencies(/home/rosrunner/DrawMeMaybe/ros2_ws/install/ur_description/share/colcon-core/packages/ur_description)
[0.501s] INFO:colcon.colcon_ros.task.ament_cmake.build:Building ROS package in '/home/rosrunner/DrawMeMaybe/ros2_ws/src/ur_ros2_driver/ur_moveit_config' with build type 'ament_cmake'
[0.501s] INFO:colcon.colcon_cmake.task.cmake.build:Building CMake package in '/home/rosrunner/DrawMeMaybe/ros2_ws/src/ur_ros2_driver/ur_moveit_config'
[0.501s] INFO:colcon.colcon_core.shell:Skip shell extension 'powershell' for command environment: Not usable outside of PowerShell
[0.501s] DEBUG:colcon.colcon_core.shell:Skip shell extension 'dsv' for command environment
[0.504s] DEBUG:colcon.colcon_core.event_handler.log_command:Invoking command in '/home/rosrunner/DrawMeMaybe/ros2_ws/build/ur_moveit_config': AMENT_PREFIX_PATH=/home/rosrunner/DrawMeMaybe/ros2_ws/install/ur_description:${AMENT_PREFIX_PATH} CMAKE_PREFIX_PATH=/home/rosrunner/DrawMeMaybe/ros2_ws/install/ur_description:/opt/ros/humble /usr/bin/cmake /home/rosrunner/DrawMeMaybe/ros2_ws/src/ur_ros2_driver/ur_moveit_config -DCMAKE_INSTALL_PREFIX=/home/rosrunner/DrawMeMaybe/ros2_ws/install/ur_moveit_config
[0.607s] DEBUG:colcon.colcon_core.event_handler.log_command:Invoked command in '/home/rosrunner/DrawMeMaybe/ros2_ws/build/ur_dashboard_msgs' returned '0': CMAKE_PREFIX_PATH=/opt/ros/humble /usr/bin/cmake /home/rosrunner/DrawMeMaybe/ros2_ws/src/ur_ros2_driver/ur_dashboard_msgs -DCMAKE_INSTALL_PREFIX=/home/rosrunner/DrawMeMaybe/ros2_ws/install/ur_dashboard_msgs
[0.607s] DEBUG:colcon.colcon_core.event_handler.log_command:Invoking command in '/home/rosrunner/DrawMeMaybe/ros2_ws/build/ur_dashboard_msgs': CMAKE_PREFIX_PATH=/opt/ros/humble /usr/bin/cmake --build /home/rosrunner/DrawMeMaybe/ros2_ws/build/ur_dashboard_msgs -- -j24 -l24
[0.615s] DEBUG:colcon.colcon_core.event_handler.log_command:Invoked command in '/home/rosrunner/DrawMeMaybe/ros2_ws/build/ur_moveit_config' returned '0': AMENT_PREFIX_PATH=/home/rosrunner/DrawMeMaybe/ros2_ws/install/ur_description:${AMENT_PREFIX_PATH} CMAKE_PREFIX_PATH=/home/rosrunner/DrawMeMaybe/ros2_ws/install/ur_description:/opt/ros/humble /usr/bin/cmake /home/rosrunner/DrawMeMaybe/ros2_ws/src/ur_ros2_driver/ur_moveit_config -DCMAKE_INSTALL_PREFIX=/home/rosrunner/DrawMeMaybe/ros2_ws/install/ur_moveit_config
[0.615s] DEBUG:colcon.colcon_core.event_handler.log_command:Invoking command in '/home/rosrunner/DrawMeMaybe/ros2_ws/build/ur_moveit_config': AMENT_PREFIX_PATH=/home/rosrunner/DrawMeMaybe/ros2_ws/install/ur_description:${AMENT_PREFIX_PATH} CMAKE_PREFIX_PATH=/home/rosrunner/DrawMeMaybe/ros2_ws/install/ur_description:/opt/ros/humble /usr/bin/cmake --build /home/rosrunner/DrawMeMaybe/ros2_ws/build/ur_moveit_config -- -j24 -l24
[0.730s] DEBUG:colcon.colcon_core.event_handler.log_command:Invoked command in '/home/rosrunner/DrawMeMaybe/ros2_ws/build/ur_dashboard_msgs' returned '0': CMAKE_PREFIX_PATH=/opt/ros/humble /usr/bin/cmake --build /home/rosrunner/DrawMeMaybe/ros2_ws/build/ur_dashboard_msgs -- -j24 -l24
[0.731s] DEBUG:colcon.colcon_core.event_handler.log_command:Invoking command in '/home/rosrunner/DrawMeMaybe/ros2_ws/build/ur_dashboard_msgs': CMAKE_PREFIX_PATH=/opt/ros/humble /usr/bin/cmake --install /home/rosrunner/DrawMeMaybe/ros2_ws/build/ur_dashboard_msgs
[0.732s] DEBUG:colcon.colcon_core.event_handler.log_command:Invoked command in '/home/rosrunner/DrawMeMaybe/ros2_ws/build/ur_moveit_config' returned '0': AMENT_PREFIX_PATH=/home/rosrunner/DrawMeMaybe/ros2_ws/install/ur_description:${AMENT_PREFIX_PATH} CMAKE_PREFIX_PATH=/home/rosrunner/DrawMeMaybe/ros2_ws/install/ur_description:/opt/ros/humble /usr/bin/cmake --build /home/rosrunner/DrawMeMaybe/ros2_ws/build/ur_moveit_config -- -j24 -l24
[0.733s] DEBUG:colcon.colcon_core.event_handler.log_command:Invoking command in '/home/rosrunner/DrawMeMaybe/ros2_ws/build/ur_moveit_config': AMENT_PREFIX_PATH=/home/rosrunner/DrawMeMaybe/ros2_ws/install/ur_description:${AMENT_PREFIX_PATH} CMAKE_PREFIX_PATH=/home/rosrunner/DrawMeMaybe/ros2_ws/install/ur_description:/opt/ros/humble /usr/bin/cmake --install /home/rosrunner/DrawMeMaybe/ros2_ws/build/ur_moveit_config
[0.767s] Level 1:colcon.colcon_core.environment:create_environment_scripts_only(ur_dashboard_msgs)
[0.767s] Level 1:colcon.colcon_core.environment:checking '/home/rosrunner/DrawMeMaybe/ros2_ws/install/ur_dashboard_msgs' for CMake module files
[0.768s] DEBUG:colcon.colcon_core.event_handler.log_command:Invoked command in '/home/rosrunner/DrawMeMaybe/ros2_ws/build/ur_dashboard_msgs' returned '0': CMAKE_PREFIX_PATH=/opt/ros/humble /usr/bin/cmake --install /home/rosrunner/DrawMeMaybe/ros2_ws/build/ur_dashboard_msgs
[0.768s] Level 1:colcon.colcon_core.environment:checking '/home/rosrunner/DrawMeMaybe/ros2_ws/install/ur_dashboard_msgs' for CMake config files
[0.768s] Level 1:colcon.colcon_core.shell:create_environment_hook('ur_dashboard_msgs', 'cmake_prefix_path')
[0.768s] INFO:colcon.colcon_core.shell:Creating environment hook '/home/rosrunner/DrawMeMaybe/ros2_ws/install/ur_dashboard_msgs/share/ur_dashboard_msgs/hook/cmake_prefix_path.ps1'
[0.768s] INFO:colcon.colcon_core.shell:Creating environment descriptor '/home/rosrunner/DrawMeMaybe/ros2_ws/install/ur_dashboard_msgs/share/ur_dashboard_msgs/hook/cmake_prefix_path.dsv'
[0.768s] INFO:colcon.colcon_core.shell:Creating environment hook '/home/rosrunner/DrawMeMaybe/ros2_ws/install/ur_dashboard_msgs/share/ur_dashboard_msgs/hook/cmake_prefix_path.sh'
[0.769s] Level 1:colcon.colcon_core.environment:checking '/home/rosrunner/DrawMeMaybe/ros2_ws/install/ur_dashboard_msgs/lib'
[0.769s] Level 1:colcon.colcon_core.shell:create_environment_hook('ur_dashboard_msgs', 'ld_library_path_lib')
[0.769s] INFO:colcon.colcon_core.shell:Creating environment hook '/home/rosrunner/DrawMeMaybe/ros2_ws/install/ur_dashboard_msgs/share/ur_dashboard_msgs/hook/ld_library_path_lib.ps1'
[0.769s] INFO:colcon.colcon_core.shell:Creating environment descriptor '/home/rosrunner/DrawMeMaybe/ros2_ws/install/ur_dashboard_msgs/share/ur_dashboard_msgs/hook/ld_library_path_lib.dsv'
[0.769s] INFO:colcon.colcon_core.shell:Creating environment hook '/home/rosrunner/DrawMeMaybe/ros2_ws/install/ur_dashboard_msgs/share/ur_dashboard_msgs/hook/ld_library_path_lib.sh'
[0.769s] Level 1:colcon.colcon_core.environment:checking '/home/rosrunner/DrawMeMaybe/ros2_ws/install/ur_dashboard_msgs/bin'
[0.769s] Level 1:colcon.colcon_core.environment:checking '/home/rosrunner/DrawMeMaybe/ros2_ws/install/ur_dashboard_msgs/lib/pkgconfig/ur_dashboard_msgs.pc'
[0.769s] Level 1:colcon.colcon_core.environment:checking '/home/rosrunner/DrawMeMaybe/ros2_ws/install/ur_dashboard_msgs/lib/python3.10/site-packages'
[0.769s] Level 1:colcon.colcon_core.environment:checking '/home/rosrunner/DrawMeMaybe/ros2_ws/install/ur_dashboard_msgs/bin'
[0.770s] INFO:colcon.colcon_core.shell:Creating package script '/home/rosrunner/DrawMeMaybe/ros2_ws/install/ur_dashboard_msgs/share/ur_dashboard_msgs/package.ps1'
[0.770s] INFO:colcon.colcon_core.shell:Creating package descriptor '/home/rosrunner/DrawMeMaybe/ros2_ws/install/ur_dashboard_msgs/share/ur_dashboard_msgs/package.dsv'
[0.770s] INFO:colcon.colcon_core.shell:Creating package script '/home/rosrunner/DrawMeMaybe/ros2_ws/install/ur_dashboard_msgs/share/ur_dashboard_msgs/package.sh'
[0.770s] INFO:colcon.colcon_core.shell:Creating package script '/home/rosrunner/DrawMeMaybe/ros2_ws/install/ur_dashboard_msgs/share/ur_dashboard_msgs/package.bash'
[0.770s] INFO:colcon.colcon_core.shell:Creating package script '/home/rosrunner/DrawMeMaybe/ros2_ws/install/ur_dashboard_msgs/share/ur_dashboard_msgs/package.zsh'
[0.770s] Level 1:colcon.colcon_core.environment:create_file_with_runtime_dependencies(/home/rosrunner/DrawMeMaybe/ros2_ws/install/ur_dashboard_msgs/share/colcon-core/packages/ur_dashboard_msgs)
[0.771s] Level 1:colcon.colcon_core.environment:create_environment_scripts_only(ur_dashboard_msgs)
[0.771s] Level 1:colcon.colcon_core.environment:checking '/home/rosrunner/DrawMeMaybe/ros2_ws/install/ur_dashboard_msgs' for CMake module files
[0.771s] Level 1:colcon.colcon_core.environment:checking '/home/rosrunner/DrawMeMaybe/ros2_ws/install/ur_dashboard_msgs' for CMake config files
[0.771s] Level 1:colcon.colcon_core.shell:create_environment_hook('ur_dashboard_msgs', 'cmake_prefix_path')
[0.771s] INFO:colcon.colcon_core.shell:Creating environment hook '/home/rosrunner/DrawMeMaybe/ros2_ws/install/ur_dashboard_msgs/share/ur_dashboard_msgs/hook/cmake_prefix_path.ps1'
[0.771s] INFO:colcon.colcon_core.shell:Creating environment descriptor '/home/rosrunner/DrawMeMaybe/ros2_ws/install/ur_dashboard_msgs/share/ur_dashboard_msgs/hook/cmake_prefix_path.dsv'
[0.771s] INFO:colcon.colcon_core.shell:Creating environment hook '/home/rosrunner/DrawMeMaybe/ros2_ws/install/ur_dashboard_msgs/share/ur_dashboard_msgs/hook/cmake_prefix_path.sh'
[0.771s] Level 1:colcon.colcon_core.environment:checking '/home/rosrunner/DrawMeMaybe/ros2_ws/install/ur_dashboard_msgs/lib'
[0.771s] Level 1:colcon.colcon_core.shell:create_environment_hook('ur_dashboard_msgs', 'ld_library_path_lib')
[0.772s] INFO:colcon.colcon_core.shell:Creating environment hook '/home/rosrunner/DrawMeMaybe/ros2_ws/install/ur_dashboard_msgs/share/ur_dashboard_msgs/hook/ld_library_path_lib.ps1'
[0.772s] INFO:colcon.colcon_core.shell:Creating environment descriptor '/home/rosrunner/DrawMeMaybe/ros2_ws/install/ur_dashboard_msgs/share/ur_dashboard_msgs/hook/ld_library_path_lib.dsv'
[0.772s] INFO:colcon.colcon_core.shell:Creating environment hook '/home/rosrunner/DrawMeMaybe/ros2_ws/install/ur_dashboard_msgs/share/ur_dashboard_msgs/hook/ld_library_path_lib.sh'
[0.772s] Level 1:colcon.colcon_core.environment:checking '/home/rosrunner/DrawMeMaybe/ros2_ws/install/ur_dashboard_msgs/bin'
[0.772s] Level 1:colcon.colcon_core.environment:checking '/home/rosrunner/DrawMeMaybe/ros2_ws/install/ur_dashboard_msgs/lib/pkgconfig/ur_dashboard_msgs.pc'
[0.772s] Level 1:colcon.colcon_core.environment:checking '/home/rosrunner/DrawMeMaybe/ros2_ws/install/ur_dashboard_msgs/lib/python3.10/site-packages'
[0.772s] Level 1:colcon.colcon_core.environment:checking '/home/rosrunner/DrawMeMaybe/ros2_ws/install/ur_dashboard_msgs/bin'
[0.772s] INFO:colcon.colcon_core.shell:Creating package script '/home/rosrunner/DrawMeMaybe/ros2_ws/install/ur_dashboard_msgs/share/ur_dashboard_msgs/package.ps1'
[0.772s] INFO:colcon.colcon_core.shell:Creating package descriptor '/home/rosrunner/DrawMeMaybe/ros2_ws/install/ur_dashboard_msgs/share/ur_dashboard_msgs/package.dsv'
[0.773s] INFO:colcon.colcon_core.shell:Creating package script '/home/rosrunner/DrawMeMaybe/ros2_ws/install/ur_dashboard_msgs/share/ur_dashboard_msgs/package.sh'
[0.773s] INFO:colcon.colcon_core.shell:Creating package script '/home/rosrunner/DrawMeMaybe/ros2_ws/install/ur_dashboard_msgs/share/ur_dashboard_msgs/package.bash'
[0.773s] INFO:colcon.colcon_core.shell:Creating package script '/home/rosrunner/DrawMeMaybe/ros2_ws/install/ur_dashboard_msgs/share/ur_dashboard_msgs/package.zsh'
[0.773s] Level 1:colcon.colcon_core.environment:create_file_with_runtime_dependencies(/home/rosrunner/DrawMeMaybe/ros2_ws/install/ur_dashboard_msgs/share/colcon-core/packages/ur_dashboard_msgs)
[0.773s] INFO:colcon.colcon_ros.task.ament_cmake.build:Building ROS package in '/home/rosrunner/DrawMeMaybe/ros2_ws/src/ur_ros2_driver/ur_controllers' with build type 'ament_cmake'
[0.773s] INFO:colcon.colcon_cmake.task.cmake.build:Building CMake package in '/home/rosrunner/DrawMeMaybe/ros2_ws/src/ur_ros2_driver/ur_controllers'
[0.773s] INFO:colcon.colcon_core.shell:Skip shell extension 'powershell' for command environment: Not usable outside of PowerShell
[0.773s] DEBUG:colcon.colcon_core.shell:Skip shell extension 'dsv' for command environment
[0.775s] Level 1:colcon.colcon_core.environment:create_environment_scripts_only(ur_moveit_config)
[0.775s] Level 1:colcon.colcon_core.environment:checking '/home/rosrunner/DrawMeMaybe/ros2_ws/install/ur_moveit_config' for CMake module files
[0.775s] DEBUG:colcon.colcon_core.event_handler.log_command:Invoked command in '/home/rosrunner/DrawMeMaybe/ros2_ws/build/ur_moveit_config' returned '0': AMENT_PREFIX_PATH=/home/rosrunner/DrawMeMaybe/ros2_ws/install/ur_description:${AMENT_PREFIX_PATH} CMAKE_PREFIX_PATH=/home/rosrunner/DrawMeMaybe/ros2_ws/install/ur_description:/opt/ros/humble /usr/bin/cmake --install /home/rosrunner/DrawMeMaybe/ros2_ws/build/ur_moveit_config
[0.775s] Level 1:colcon.colcon_core.environment:checking '/home/rosrunner/DrawMeMaybe/ros2_ws/install/ur_moveit_config' for CMake config files
[0.775s] Level 1:colcon.colcon_core.shell:create_environment_hook('ur_moveit_config', 'cmake_prefix_path')
[0.775s] INFO:colcon.colcon_core.shell:Creating environment hook '/home/rosrunner/DrawMeMaybe/ros2_ws/install/ur_moveit_config/share/ur_moveit_config/hook/cmake_prefix_path.ps1'
[0.775s] INFO:colcon.colcon_core.shell:Creating environment descriptor '/home/rosrunner/DrawMeMaybe/ros2_ws/install/ur_moveit_config/share/ur_moveit_config/hook/cmake_prefix_path.dsv'
[0.776s] INFO:colcon.colcon_core.shell:Creating environment hook '/home/rosrunner/DrawMeMaybe/ros2_ws/install/ur_moveit_config/share/ur_moveit_config/hook/cmake_prefix_path.sh'
[0.776s] Level 1:colcon.colcon_core.environment:checking '/home/rosrunner/DrawMeMaybe/ros2_ws/install/ur_moveit_config/bin'
[0.776s] Level 1:colcon.colcon_core.environment:checking '/home/rosrunner/DrawMeMaybe/ros2_ws/install/ur_moveit_config/lib/pkgconfig/ur_moveit_config.pc'
[0.776s] Level 1:colcon.colcon_core.environment:checking '/home/rosrunner/DrawMeMaybe/ros2_ws/install/ur_moveit_config/lib/python3.10/site-packages'
[0.776s] Level 1:colcon.colcon_core.environment:checking '/home/rosrunner/DrawMeMaybe/ros2_ws/install/ur_moveit_config/bin'
[0.776s] INFO:colcon.colcon_core.shell:Creating package script '/home/rosrunner/DrawMeMaybe/ros2_ws/install/ur_moveit_config/share/ur_moveit_config/package.ps1'
[0.776s] INFO:colcon.colcon_core.shell:Creating package descriptor '/home/rosrunner/DrawMeMaybe/ros2_ws/install/ur_moveit_config/share/ur_moveit_config/package.dsv'
[0.776s] INFO:colcon.colcon_core.shell:Creating package script '/home/rosrunner/DrawMeMaybe/ros2_ws/install/ur_moveit_config/share/ur_moveit_config/package.sh'
[0.776s] INFO:colcon.colcon_core.shell:Creating package script '/home/rosrunner/DrawMeMaybe/ros2_ws/install/ur_moveit_config/share/ur_moveit_config/package.bash'
[0.777s] INFO:colcon.colcon_core.shell:Creating package script '/home/rosrunner/DrawMeMaybe/ros2_ws/install/ur_moveit_config/share/ur_moveit_config/package.zsh'
[0.777s] Level 1:colcon.colcon_core.environment:create_file_with_runtime_dependencies(/home/rosrunner/DrawMeMaybe/ros2_ws/install/ur_moveit_config/share/colcon-core/packages/ur_moveit_config)
[0.777s] Level 1:colcon.colcon_core.environment:create_environment_scripts_only(ur_moveit_config)
[0.777s] Level 1:colcon.colcon_core.environment:checking '/home/rosrunner/DrawMeMaybe/ros2_ws/install/ur_moveit_config' for CMake module files
[0.777s] Level 1:colcon.colcon_core.environment:checking '/home/rosrunner/DrawMeMaybe/ros2_ws/install/ur_moveit_config' for CMake config files
[0.777s] Level 1:colcon.colcon_core.shell:create_environment_hook('ur_moveit_config', 'cmake_prefix_path')
[0.777s] INFO:colcon.colcon_core.shell:Creating environment hook '/home/rosrunner/DrawMeMaybe/ros2_ws/install/ur_moveit_config/share/ur_moveit_config/hook/cmake_prefix_path.ps1'
[0.777s] INFO:colcon.colcon_core.shell:Creating environment descriptor '/home/rosrunner/DrawMeMaybe/ros2_ws/install/ur_moveit_config/share/ur_moveit_config/hook/cmake_prefix_path.dsv'
[0.777s] INFO:colcon.colcon_core.shell:Creating environment hook '/home/rosrunner/DrawMeMaybe/ros2_ws/install/ur_moveit_config/share/ur_moveit_config/hook/cmake_prefix_path.sh'
[0.778s] Level 1:colcon.colcon_core.environment:checking '/home/rosrunner/DrawMeMaybe/ros2_ws/install/ur_moveit_config/bin'
[0.778s] Level 1:colcon.colcon_core.environment:checking '/home/rosrunner/DrawMeMaybe/ros2_ws/install/ur_moveit_config/lib/pkgconfig/ur_moveit_config.pc'
[0.778s] Level 1:colcon.colcon_core.environment:checking '/home/rosrunner/DrawMeMaybe/ros2_ws/install/ur_moveit_config/lib/python3.10/site-packages'
[0.778s] Level 1:colcon.colcon_core.environment:checking '/home/rosrunner/DrawMeMaybe/ros2_ws/install/ur_moveit_config/bin'
[0.778s] INFO:colcon.colcon_core.shell:Creating package script '/home/rosrunner/DrawMeMaybe/ros2_ws/install/ur_moveit_config/share/ur_moveit_config/package.ps1'
[0.778s] INFO:colcon.colcon_core.shell:Creating package descriptor '/home/rosrunner/DrawMeMaybe/ros2_ws/install/ur_moveit_config/share/ur_moveit_config/package.dsv'
[0.778s] INFO:colcon.colcon_core.shell:Creating package script '/home/rosrunner/DrawMeMaybe/ros2_ws/install/ur_moveit_config/share/ur_moveit_config/package.sh'
[0.778s] INFO:colcon.colcon_core.shell:Creating package script '/home/rosrunner/DrawMeMaybe/ros2_ws/install/ur_moveit_config/share/ur_moveit_config/package.bash'
[0.778s] INFO:colcon.colcon_core.shell:Creating package script '/home/rosrunner/DrawMeMaybe/ros2_ws/install/ur_moveit_config/share/ur_moveit_config/package.zsh'
[0.779s] Level 1:colcon.colcon_core.environment:create_file_with_runtime_dependencies(/home/rosrunner/DrawMeMaybe/ros2_ws/install/ur_moveit_config/share/colcon-core/packages/ur_moveit_config)
[0.780s] DEBUG:colcon.colcon_core.event_handler.log_command:Invoking command in '/home/rosrunner/DrawMeMaybe/ros2_ws/build/ur_controllers': AMENT_PREFIX_PATH=/home/rosrunner/DrawMeMaybe/ros2_ws/install/ur_dashboard_msgs:${AMENT_PREFIX_PATH} CMAKE_PREFIX_PATH=/home/rosrunner/DrawMeMaybe/ros2_ws/install/ur_dashboard_msgs:/opt/ros/humble LD_LIBRARY_PATH=/home/rosrunner/DrawMeMaybe/ros2_ws/install/ur_dashboard_msgs/lib:${LD_LIBRARY_PATH} PYTHONPATH=/home/rosrunner/DrawMeMaybe/ros2_ws/install/ur_dashboard_msgs/local/lib/python3.10/dist-packages:${PYTHONPATH} /usr/bin/cmake /home/rosrunner/DrawMeMaybe/ros2_ws/src/ur_ros2_driver/ur_controllers -DCMAKE_INSTALL_PREFIX=/home/rosrunner/DrawMeMaybe/ros2_ws/install/ur_controllers
[0.840s] DEBUG:colcon.colcon_core.event_handler.log_command:Invoked command in '/home/rosrunner/DrawMeMaybe/ros2_ws/build/ur_controllers' returned '1': AMENT_PREFIX_PATH=/home/rosrunner/DrawMeMaybe/ros2_ws/install/ur_dashboard_msgs:${AMENT_PREFIX_PATH} CMAKE_PREFIX_PATH=/home/rosrunner/DrawMeMaybe/ros2_ws/install/ur_dashboard_msgs:/opt/ros/humble LD_LIBRARY_PATH=/home/rosrunner/DrawMeMaybe/ros2_ws/install/ur_dashboard_msgs/lib:${LD_LIBRARY_PATH} PYTHONPATH=/home/rosrunner/DrawMeMaybe/ros2_ws/install/ur_dashboard_msgs/local/lib/python3.10/dist-packages:${PYTHONPATH} /usr/bin/cmake /home/rosrunner/DrawMeMaybe/ros2_ws/src/ur_ros2_driver/ur_controllers -DCMAKE_INSTALL_PREFIX=/home/rosrunner/DrawMeMaybe/ros2_ws/install/ur_controllers
[0.844s] Level 1:colcon.colcon_core.environment:create_environment_scripts_only(ur_controllers)
[0.844s] Level 1:colcon.colcon_core.environment:checking '/home/rosrunner/DrawMeMaybe/ros2_ws/install/ur_controllers' for CMake module files
[0.845s] Level 1:colcon.colcon_core.environment:checking '/home/rosrunner/DrawMeMaybe/ros2_ws/install/ur_controllers' for CMake config files
[0.845s] Level 1:colcon.colcon_core.environment:checking '/home/rosrunner/DrawMeMaybe/ros2_ws/install/ur_controllers/bin'
[0.845s] Level 1:colcon.colcon_core.environment:checking '/home/rosrunner/DrawMeMaybe/ros2_ws/install/ur_controllers/lib/pkgconfig/ur_controllers.pc'
[0.845s] Level 1:colcon.colcon_core.environment:checking '/home/rosrunner/DrawMeMaybe/ros2_ws/install/ur_controllers/lib/python3.10/site-packages'
[0.845s] Level 1:colcon.colcon_core.environment:checking '/home/rosrunner/DrawMeMaybe/ros2_ws/install/ur_controllers/bin'
[0.845s] INFO:colcon.colcon_core.shell:Creating package script '/home/rosrunner/DrawMeMaybe/ros2_ws/install/ur_controllers/share/ur_controllers/package.ps1'
[0.845s] INFO:colcon.colcon_core.shell:Creating package descriptor '/home/rosrunner/DrawMeMaybe/ros2_ws/install/ur_controllers/share/ur_controllers/package.dsv'
[0.846s] INFO:colcon.colcon_core.shell:Creating package script '/home/rosrunner/DrawMeMaybe/ros2_ws/install/ur_controllers/share/ur_controllers/package.sh'
[0.846s] INFO:colcon.colcon_core.shell:Creating package script '/home/rosrunner/DrawMeMaybe/ros2_ws/install/ur_controllers/share/ur_controllers/package.bash'
[0.846s] INFO:colcon.colcon_core.shell:Creating package script '/home/rosrunner/DrawMeMaybe/ros2_ws/install/ur_controllers/share/ur_controllers/package.zsh'
[0.846s] Level 1:colcon.colcon_core.environment:create_file_with_runtime_dependencies(/home/rosrunner/DrawMeMaybe/ros2_ws/install/ur_controllers/share/colcon-core/packages/ur_controllers)
[0.856s] DEBUG:colcon.colcon_parallel_executor.executor.parallel:closing loop
[0.856s] DEBUG:colcon.colcon_parallel_executor.executor.parallel:loop closed
[0.856s] DEBUG:colcon.colcon_parallel_executor.executor.parallel:run_until_complete finished with '1'
[0.856s] DEBUG:colcon.colcon_core.event_reactor:joining thread
[0.858s] INFO:colcon.colcon_core.plugin_system:Skipping extension 'colcon_notification.desktop_notification.terminal_notifier': Not used on non-Darwin systems
[0.858s] INFO:colcon.colcon_core.plugin_system:Skipping extension 'colcon_notification.desktop_notification.win32': Not used on non-Windows systems
[0.858s] INFO:colcon.colcon_notification.desktop_notification:Sending desktop notification using 'notify2'
[0.863s] DEBUG:colcon.colcon_core.event_reactor:joined thread
[0.863s] INFO:colcon.colcon_core.shell:Creating prefix script '/home/rosrunner/DrawMeMaybe/ros2_ws/install/local_setup.ps1'
[0.863s] INFO:colcon.colcon_core.shell:Creating prefix util module '/home/rosrunner/DrawMeMaybe/ros2_ws/install/_local_setup_util_ps1.py'
[0.864s] INFO:colcon.colcon_core.shell:Creating prefix chain script '/home/rosrunner/DrawMeMaybe/ros2_ws/install/setup.ps1'
[0.864s] INFO:colcon.colcon_core.shell:Creating prefix script '/home/rosrunner/DrawMeMaybe/ros2_ws/install/local_setup.sh'
[0.864s] INFO:colcon.colcon_core.shell:Creating prefix util module '/home/rosrunner/DrawMeMaybe/ros2_ws/install/_local_setup_util_sh.py'
[0.865s] INFO:colcon.colcon_core.shell:Creating prefix chain script '/home/rosrunner/DrawMeMaybe/ros2_ws/install/setup.sh'
[0.865s] INFO:colcon.colcon_core.shell:Creating prefix script '/home/rosrunner/DrawMeMaybe/ros2_ws/install/local_setup.bash'
[0.865s] INFO:colcon.colcon_core.shell:Creating prefix chain script '/home/rosrunner/DrawMeMaybe/ros2_ws/install/setup.bash'
[0.865s] INFO:colcon.colcon_core.shell:Creating prefix script '/home/rosrunner/DrawMeMaybe/ros2_ws/install/local_setup.zsh'
[0.865s] INFO:colcon.colcon_core.shell:Creating prefix chain script '/home/rosrunner/DrawMeMaybe/ros2_ws/install/setup.zsh'
