[0.003s] Invoking command in '/home/rosrunner/DrawMeMaybe/ros2_ws/build/ur_controllers': AMENT_PREFIX_PATH=/home/rosrunner/DrawMeMaybe/ros2_ws/install/ur_dashboard_msgs:${AMENT_PREFIX_PATH} CMAKE_PREFIX_PATH=/home/rosrunner/DrawMeMaybe/ros2_ws/install/ur_dashboard_msgs:/opt/ros/humble LD_LIBRARY_PATH=/home/rosrunner/DrawMeMaybe/ros2_ws/install/ur_dashboard_msgs/lib:${LD_LIBRARY_PATH} PYTHONPATH=/home/rosrunner/DrawMeMaybe/ros2_ws/install/ur_dashboard_msgs/local/lib/python3.10/dist-packages:${PYTHONPATH} /usr/bin/cmake /home/rosrunner/DrawMeMaybe/ros2_ws/src/ur_ros2_driver/ur_controllers -DCMAKE_INSTALL_PREFIX=/home/rosrunner/DrawMeMaybe/ros2_ws/install/ur_controllers
[0.007s] -- Found ament_cmake: 1.3.12 (/opt/ros/humble/share/ament_cmake/cmake)
[0.055s] -- Override CMake install command with custom implementation using symlinks instead of copying resources
[0.058s] -- Found angles: 1.15.0 (/opt/ros/humble/share/angles/cmake)
[0.058s] -- Found controller_interface: 2.52.0 (/opt/ros/humble/share/controller_interface/cmake)
[0.072s] -- Found rosidl_generator_c: 3.1.7 (/opt/ros/humble/share/rosidl_generator_c/cmake)
[0.073s] -- Found rosidl_adapter: 3.1.7 (/opt/ros/humble/share/rosidl_adapter/cmake)
[0.076s] -- Found rosidl_generator_cpp: 3.1.7 (/opt/ros/humble/share/rosidl_generator_cpp/cmake)
[0.080s] -- Using all available rosidl_typesupport_c: rosidl_typesupport_fastrtps_c;rosidl_typesupport_introspection_c
[0.085s] -- Using all available rosidl_typesupport_cpp: rosidl_typesupport_fastrtps_cpp;rosidl_typesupport_introspection_cpp
[0.180s] -- Found rmw_implementation_cmake: 6.1.2 (/opt/ros/humble/share/rmw_implementation_cmake/cmake)
[0.181s] -- Found rmw_fastrtps_cpp: 6.2.9 (/opt/ros/humble/share/rmw_fastrtps_cpp/cmake)
[0.194s] -- Found TinyXML2 via Config file: TinyXML2_DIR-NOTFOUND
[0.221s] -- Found OpenSSL: /usr/lib/x86_64-linux-gnu/libcrypto.so (found version "3.0.2")  
[0.223s] -- Found TinyXML2 via Config file: TinyXML2_DIR-NOTFOUND
[0.229s] -- Found FastRTPS: /opt/ros/humble/include  
[0.230s] -- Found TinyXML2 via Config file: TinyXML2_DIR-NOTFOUND
[0.234s] -- Found TinyXML2 via Config file: TinyXML2_DIR-NOTFOUND
[0.237s] -- Using RMW implementation 'rmw_fastrtps_cpp' as default
[0.242s] -- Looking for pthread.h
[0.271s] -- Looking for pthread.h - found
[0.271s] -- Performing Test CMAKE_HAVE_LIBC_PTHREAD
[0.299s] -- Performing Test CMAKE_HAVE_LIBC_PTHREAD - Success
[0.300s] -- Found Threads: TRUE  
[0.322s] -- Found joint_trajectory_controller: 2.50.1 (/opt/ros/humble/share/joint_trajectory_controller/cmake)
[0.355s] -- Found std_srvs: 4.9.0 (/opt/ros/humble/share/std_srvs/cmake)
[0.360s] -- Found tf2_geometry_msgs: 0.25.16 (/opt/ros/humble/share/tf2_geometry_msgs/cmake)
[0.364s] -- Found eigen3_cmake_module: 0.1.1 (/opt/ros/humble/share/eigen3_cmake_module/cmake)
[0.365s] -- Found Eigen3: TRUE (found version "3.4.0") 
[0.365s] -- Ensuring Eigen3 include directory is part of orocos-kdl CMake target
[0.393s] -- Found ur_dashboard_msgs: 2.10.0 (/home/rosrunner/DrawMeMaybe/ros2_ws/install/ur_dashboard_msgs/share/ur_dashboard_msgs/cmake)
[0.402s] [31mCMake Error at CMakeLists.txt:24 (find_package):
[0.402s]   By not providing "Findur_msgs.cmake" in CMAKE_MODULE_PATH this project has
[0.402s]   asked CMake to find a package configuration file provided by "ur_msgs", but
[0.402s]   CMake did not find one.
[0.402s] 
[0.403s]   Could not find a package configuration file provided by "ur_msgs" with any
[0.403s]   of the following names:
[0.403s] 
[0.403s]     ur_msgsConfig.cmake
[0.403s]     ur_msgs-config.cmake
[0.403s] 
[0.403s]   Add the installation prefix of "ur_msgs" to CMAKE_PREFIX_PATH or set
[0.403s]   "ur_msgs_DIR" to a directory containing one of the above files.  If
[0.403s]   "ur_msgs" provides a separate development package or SDK, be sure it has
[0.403s]   been installed.
[0.403s] 
[0.403s] [0m
[0.403s] -- Configuring incomplete, errors occurred!
[0.403s] See also "/home/rosrunner/DrawMeMaybe/ros2_ws/build/ur_controllers/CMakeFiles/CMakeOutput.log".
[0.407s] Invoked command in '/home/rosrunner/DrawMeMaybe/ros2_ws/build/ur_controllers' returned '1': AMENT_PREFIX_PATH=/home/rosrunner/DrawMeMaybe/ros2_ws/install/ur_dashboard_msgs:${AMENT_PREFIX_PATH} CMAKE_PREFIX_PATH=/home/rosrunner/DrawMeMaybe/ros2_ws/install/ur_dashboard_msgs:/opt/ros/humble LD_LIBRARY_PATH=/home/rosrunner/DrawMeMaybe/ros2_ws/install/ur_dashboard_msgs/lib:${LD_LIBRARY_PATH} PYTHONPATH=/home/rosrunner/DrawMeMaybe/ros2_ws/install/ur_dashboard_msgs/local/lib/python3.10/dist-packages:${PYTHONPATH} /usr/bin/cmake /home/rosrunner/DrawMeMaybe/ros2_ws/src/ur_ros2_driver/ur_controllers -DCMAKE_INSTALL_PREFIX=/home/rosrunner/DrawMeMaybe/ros2_ws/install/ur_controllers
