[0.005s] Invoking command in '/home/rosrunner/DrawMeMaybe/ros2_ws/build/ur_bringup': AMENT_PREFIX_PATH=/home/rosrunner/DrawMeMaybe/ros2_ws/install/ur_controllers:/home/rosrunner/DrawMeMaybe/ros2_ws/install/ur_description:/home/rosrunner/DrawMeMaybe/ros2_ws/install/ur_dashboard_msgs:${AMENT_PREFIX_PATH} CMAKE_PREFIX_PATH=/home/rosrunner/DrawMeMaybe/ros2_ws/install/ur_controllers:/home/rosrunner/DrawMeMaybe/ros2_ws/install/ur_description:/home/rosrunner/DrawMeMaybe/ros2_ws/install/ur_dashboard_msgs:/opt/ros/humble LD_LIBRARY_PATH=/home/rosrunner/DrawMeMaybe/ros2_ws/install/ur_controllers/lib:/home/rosrunner/DrawMeMaybe/ros2_ws/install/ur_dashboard_msgs/lib:${LD_LIBRARY_PATH} PYTHONPATH=/home/rosrunner/DrawMeMaybe/ros2_ws/install/ur_dashboard_msgs/local/lib/python3.10/dist-packages:${PYTHONPATH} /usr/bin/cmake /home/rosrunner/DrawMeMaybe/ros2_ws/src/ur_ros2_driver/ur_bringup -DCMAKE_INSTALL_PREFIX=/home/rosrunner/DrawMeMaybe/ros2_ws/install/ur_bringup
[0.026s] -- The C compiler identification is GNU 11.4.0
[0.047s] -- The CXX compiler identification is GNU 11.4.0
[0.050s] -- Detecting C compiler ABI info
[0.076s] -- Detecting C compiler ABI info - done
[0.079s] -- Check for working C compiler: /usr/bin/cc - skipped
[0.079s] -- Detecting C compile features
[0.079s] -- Detecting C compile features - done
[0.080s] -- Detecting CXX compiler ABI info
[0.111s] -- Detecting CXX compiler ABI info - done
[0.113s] -- Check for working CXX compiler: /usr/bin/c++ - skipped
[0.114s] -- Detecting CXX compile features
[0.114s] -- Detecting CXX compile features - done
[0.115s] -- Found ament_cmake: 1.3.12 (/opt/ros/humble/share/ament_cmake/cmake)
[0.175s] -- Found Python3: /usr/bin/python3 (found version "3.10.12") found components: Interpreter 
[0.236s] -- Configuring done
[0.237s] -- Generating done
[0.237s] -- Build files have been written to: /home/rosrunner/DrawMeMaybe/ros2_ws/build/ur_bringup
[0.239s] Invoked command in '/home/rosrunner/DrawMeMaybe/ros2_ws/build/ur_bringup' returned '0': AMENT_PREFIX_PATH=/home/rosrunner/DrawMeMaybe/ros2_ws/install/ur_controllers:/home/rosrunner/DrawMeMaybe/ros2_ws/install/ur_description:/home/rosrunner/DrawMeMaybe/ros2_ws/install/ur_dashboard_msgs:${AMENT_PREFIX_PATH} CMAKE_PREFIX_PATH=/home/rosrunner/DrawMeMaybe/ros2_ws/install/ur_controllers:/home/rosrunner/DrawMeMaybe/ros2_ws/install/ur_description:/home/rosrunner/DrawMeMaybe/ros2_ws/install/ur_dashboard_msgs:/opt/ros/humble LD_LIBRARY_PATH=/home/rosrunner/DrawMeMaybe/ros2_ws/install/ur_controllers/lib:/home/rosrunner/DrawMeMaybe/ros2_ws/install/ur_dashboard_msgs/lib:${LD_LIBRARY_PATH} PYTHONPATH=/home/rosrunner/DrawMeMaybe/ros2_ws/install/ur_dashboard_msgs/local/lib/python3.10/dist-packages:${PYTHONPATH} /usr/bin/cmake /home/rosrunner/DrawMeMaybe/ros2_ws/src/ur_ros2_driver/ur_bringup -DCMAKE_INSTALL_PREFIX=/home/rosrunner/DrawMeMaybe/ros2_ws/install/ur_bringup
[0.240s] Invoking command in '/home/rosrunner/DrawMeMaybe/ros2_ws/build/ur_bringup': AMENT_PREFIX_PATH=/home/rosrunner/DrawMeMaybe/ros2_ws/install/ur_controllers:/home/rosrunner/DrawMeMaybe/ros2_ws/install/ur_description:/home/rosrunner/DrawMeMaybe/ros2_ws/install/ur_dashboard_msgs:${AMENT_PREFIX_PATH} CMAKE_PREFIX_PATH=/home/rosrunner/DrawMeMaybe/ros2_ws/install/ur_controllers:/home/rosrunner/DrawMeMaybe/ros2_ws/install/ur_description:/home/rosrunner/DrawMeMaybe/ros2_ws/install/ur_dashboard_msgs:/opt/ros/humble LD_LIBRARY_PATH=/home/rosrunner/DrawMeMaybe/ros2_ws/install/ur_controllers/lib:/home/rosrunner/DrawMeMaybe/ros2_ws/install/ur_dashboard_msgs/lib:${LD_LIBRARY_PATH} PYTHONPATH=/home/rosrunner/DrawMeMaybe/ros2_ws/install/ur_dashboard_msgs/local/lib/python3.10/dist-packages:${PYTHONPATH} /usr/bin/cmake --build /home/rosrunner/DrawMeMaybe/ros2_ws/build/ur_bringup -- -j24 -l24
[0.255s] Invoked command in '/home/rosrunner/DrawMeMaybe/ros2_ws/build/ur_bringup' returned '0': AMENT_PREFIX_PATH=/home/rosrunner/DrawMeMaybe/ros2_ws/install/ur_controllers:/home/rosrunner/DrawMeMaybe/ros2_ws/install/ur_description:/home/rosrunner/DrawMeMaybe/ros2_ws/install/ur_dashboard_msgs:${AMENT_PREFIX_PATH} CMAKE_PREFIX_PATH=/home/rosrunner/DrawMeMaybe/ros2_ws/install/ur_controllers:/home/rosrunner/DrawMeMaybe/ros2_ws/install/ur_description:/home/rosrunner/DrawMeMaybe/ros2_ws/install/ur_dashboard_msgs:/opt/ros/humble LD_LIBRARY_PATH=/home/rosrunner/DrawMeMaybe/ros2_ws/install/ur_controllers/lib:/home/rosrunner/DrawMeMaybe/ros2_ws/install/ur_dashboard_msgs/lib:${LD_LIBRARY_PATH} PYTHONPATH=/home/rosrunner/DrawMeMaybe/ros2_ws/install/ur_dashboard_msgs/local/lib/python3.10/dist-packages:${PYTHONPATH} /usr/bin/cmake --build /home/rosrunner/DrawMeMaybe/ros2_ws/build/ur_bringup -- -j24 -l24
[0.256s] Invoking command in '/home/rosrunner/DrawMeMaybe/ros2_ws/build/ur_bringup': AMENT_PREFIX_PATH=/home/rosrunner/DrawMeMaybe/ros2_ws/install/ur_controllers:/home/rosrunner/DrawMeMaybe/ros2_ws/install/ur_description:/home/rosrunner/DrawMeMaybe/ros2_ws/install/ur_dashboard_msgs:${AMENT_PREFIX_PATH} CMAKE_PREFIX_PATH=/home/rosrunner/DrawMeMaybe/ros2_ws/install/ur_controllers:/home/rosrunner/DrawMeMaybe/ros2_ws/install/ur_description:/home/rosrunner/DrawMeMaybe/ros2_ws/install/ur_dashboard_msgs:/opt/ros/humble LD_LIBRARY_PATH=/home/rosrunner/DrawMeMaybe/ros2_ws/install/ur_controllers/lib:/home/rosrunner/DrawMeMaybe/ros2_ws/install/ur_dashboard_msgs/lib:${LD_LIBRARY_PATH} PYTHONPATH=/home/rosrunner/DrawMeMaybe/ros2_ws/install/ur_dashboard_msgs/local/lib/python3.10/dist-packages:${PYTHONPATH} /usr/bin/cmake --install /home/rosrunner/DrawMeMaybe/ros2_ws/build/ur_bringup
[0.258s] -- Install configuration: ""
[0.258s] -- Installing: /home/rosrunner/DrawMeMaybe/ros2_ws/install/ur_bringup/share/ur_bringup/config
[0.258s] -- Installing: /home/rosrunner/DrawMeMaybe/ros2_ws/install/ur_bringup/share/ur_bringup/config/ur_controllers.yaml
[0.258s] -- Installing: /home/rosrunner/DrawMeMaybe/ros2_ws/install/ur_bringup/share/ur_bringup/config/ur3e_update_rate.yaml
[0.258s] -- Installing: /home/rosrunner/DrawMeMaybe/ros2_ws/install/ur_bringup/share/ur_bringup/config/ur10_update_rate.yaml
[0.258s] -- Installing: /home/rosrunner/DrawMeMaybe/ros2_ws/install/ur_bringup/share/ur_bringup/config/ur8long_update_rate.yaml
[0.258s] -- Installing: /home/rosrunner/DrawMeMaybe/ros2_ws/install/ur_bringup/share/ur_bringup/config/test_velocity_goal_publishers_config.yaml
[0.258s] -- Installing: /home/rosrunner/DrawMeMaybe/ros2_ws/install/ur_bringup/share/ur_bringup/config/ur5_update_rate.yaml
[0.258s] -- Installing: /home/rosrunner/DrawMeMaybe/ros2_ws/install/ur_bringup/share/ur_bringup/config/test_goal_publishers_config.yaml
[0.258s] -- Installing: /home/rosrunner/DrawMeMaybe/ros2_ws/install/ur_bringup/share/ur_bringup/config/ur18_update_rate.yaml
[0.258s] -- Installing: /home/rosrunner/DrawMeMaybe/ros2_ws/install/ur_bringup/share/ur_bringup/config/ur10e_update_rate.yaml
[0.258s] -- Installing: /home/rosrunner/DrawMeMaybe/ros2_ws/install/ur_bringup/share/ur_bringup/config/ur16e_update_rate.yaml
[0.258s] -- Installing: /home/rosrunner/DrawMeMaybe/ros2_ws/install/ur_bringup/share/ur_bringup/config/ur5e_update_rate.yaml
[0.258s] -- Installing: /home/rosrunner/DrawMeMaybe/ros2_ws/install/ur_bringup/share/ur_bringup/config/ur3_update_rate.yaml
[0.258s] -- Installing: /home/rosrunner/DrawMeMaybe/ros2_ws/install/ur_bringup/share/ur_bringup/launch
[0.258s] -- Installing: /home/rosrunner/DrawMeMaybe/ros2_ws/install/ur_bringup/share/ur_bringup/launch/ur10.launch.py
[0.258s] -- Installing: /home/rosrunner/DrawMeMaybe/ros2_ws/install/ur_bringup/share/ur_bringup/launch/ur_dashboard_client.launch.py
[0.258s] -- Installing: /home/rosrunner/DrawMeMaybe/ros2_ws/install/ur_bringup/share/ur_bringup/launch/ur5e.launch.py
[0.258s] -- Installing: /home/rosrunner/DrawMeMaybe/ros2_ws/install/ur_bringup/share/ur_bringup/launch/ur20.launch.py
[0.259s] -- Installing: /home/rosrunner/DrawMeMaybe/ros2_ws/install/ur_bringup/share/ur_bringup/launch/test_forward_velocity_controller.launch.py
[0.259s] -- Installing: /home/rosrunner/DrawMeMaybe/ros2_ws/install/ur_bringup/share/ur_bringup/launch/ur16e.launch.py
[0.259s] -- Installing: /home/rosrunner/DrawMeMaybe/ros2_ws/install/ur_bringup/share/ur_bringup/launch/ur18.launch.py
[0.259s] -- Installing: /home/rosrunner/DrawMeMaybe/ros2_ws/install/ur_bringup/share/ur_bringup/launch/ur12e.launch.py
[0.259s] -- Installing: /home/rosrunner/DrawMeMaybe/ros2_ws/install/ur_bringup/share/ur_bringup/launch/ur30.launch.py
[0.259s] -- Installing: /home/rosrunner/DrawMeMaybe/ros2_ws/install/ur_bringup/share/ur_bringup/launch/test_joint_trajectory_controller.launch.py
[0.259s] -- Installing: /home/rosrunner/DrawMeMaybe/ros2_ws/install/ur_bringup/share/ur_bringup/launch/ur8long.launch.py
[0.259s] -- Installing: /home/rosrunner/DrawMeMaybe/ros2_ws/install/ur_bringup/share/ur_bringup/launch/ur15.launch.py
[0.259s] -- Installing: /home/rosrunner/DrawMeMaybe/ros2_ws/install/ur_bringup/share/ur_bringup/launch/ur5.launch.py
[0.259s] -- Installing: /home/rosrunner/DrawMeMaybe/ros2_ws/install/ur_bringup/share/ur_bringup/launch/ur3.launch.py
[0.259s] -- Installing: /home/rosrunner/DrawMeMaybe/ros2_ws/install/ur_bringup/share/ur_bringup/launch/ur7e.launch.py
[0.259s] -- Installing: /home/rosrunner/DrawMeMaybe/ros2_ws/install/ur_bringup/share/ur_bringup/launch/test_scaled_joint_trajectory_controller.launch.py
[0.259s] -- Installing: /home/rosrunner/DrawMeMaybe/ros2_ws/install/ur_bringup/share/ur_bringup/launch/ur10e.launch.py
[0.259s] -- Installing: /home/rosrunner/DrawMeMaybe/ros2_ws/install/ur_bringup/share/ur_bringup/launch/ur_control.launch.py
[0.259s] -- Installing: /home/rosrunner/DrawMeMaybe/ros2_ws/install/ur_bringup/share/ur_bringup/launch/ur3e.launch.py
[0.259s] -- Installing: /home/rosrunner/DrawMeMaybe/ros2_ws/install/ur_bringup/lib/ur_bringup/start_ursim.sh
[0.259s] -- Installing: /home/rosrunner/DrawMeMaybe/ros2_ws/install/ur_bringup/share/ament_index/resource_index/package_run_dependencies/ur_bringup
[0.259s] -- Installing: /home/rosrunner/DrawMeMaybe/ros2_ws/install/ur_bringup/share/ament_index/resource_index/parent_prefix_path/ur_bringup
[0.259s] -- Installing: /home/rosrunner/DrawMeMaybe/ros2_ws/install/ur_bringup/share/ur_bringup/environment/ament_prefix_path.sh
[0.259s] -- Installing: /home/rosrunner/DrawMeMaybe/ros2_ws/install/ur_bringup/share/ur_bringup/environment/ament_prefix_path.dsv
[0.259s] -- Installing: /home/rosrunner/DrawMeMaybe/ros2_ws/install/ur_bringup/share/ur_bringup/environment/path.sh
[0.259s] -- Installing: /home/rosrunner/DrawMeMaybe/ros2_ws/install/ur_bringup/share/ur_bringup/environment/path.dsv
[0.259s] -- Installing: /home/rosrunner/DrawMeMaybe/ros2_ws/install/ur_bringup/share/ur_bringup/local_setup.bash
[0.259s] -- Installing: /home/rosrunner/DrawMeMaybe/ros2_ws/install/ur_bringup/share/ur_bringup/local_setup.sh
[0.259s] -- Installing: /home/rosrunner/DrawMeMaybe/ros2_ws/install/ur_bringup/share/ur_bringup/local_setup.zsh
[0.259s] -- Installing: /home/rosrunner/DrawMeMaybe/ros2_ws/install/ur_bringup/share/ur_bringup/local_setup.dsv
[0.259s] -- Installing: /home/rosrunner/DrawMeMaybe/ros2_ws/install/ur_bringup/share/ur_bringup/package.dsv
[0.259s] -- Installing: /home/rosrunner/DrawMeMaybe/ros2_ws/install/ur_bringup/share/ament_index/resource_index/packages/ur_bringup
[0.259s] -- Installing: /home/rosrunner/DrawMeMaybe/ros2_ws/install/ur_bringup/share/ur_bringup/cmake/ur_bringupConfig.cmake
[0.260s] -- Installing: /home/rosrunner/DrawMeMaybe/ros2_ws/install/ur_bringup/share/ur_bringup/cmake/ur_bringupConfig-version.cmake
[0.260s] -- Installing: /home/rosrunner/DrawMeMaybe/ros2_ws/install/ur_bringup/share/ur_bringup/package.xml
[0.260s] Invoked command in '/home/rosrunner/DrawMeMaybe/ros2_ws/build/ur_bringup' returned '0': AMENT_PREFIX_PATH=/home/rosrunner/DrawMeMaybe/ros2_ws/install/ur_controllers:/home/rosrunner/DrawMeMaybe/ros2_ws/install/ur_description:/home/rosrunner/DrawMeMaybe/ros2_ws/install/ur_dashboard_msgs:${AMENT_PREFIX_PATH} CMAKE_PREFIX_PATH=/home/rosrunner/DrawMeMaybe/ros2_ws/install/ur_controllers:/home/rosrunner/DrawMeMaybe/ros2_ws/install/ur_description:/home/rosrunner/DrawMeMaybe/ros2_ws/install/ur_dashboard_msgs:/opt/ros/humble LD_LIBRARY_PATH=/home/rosrunner/DrawMeMaybe/ros2_ws/install/ur_controllers/lib:/home/rosrunner/DrawMeMaybe/ros2_ws/install/ur_dashboard_msgs/lib:${LD_LIBRARY_PATH} PYTHONPATH=/home/rosrunner/DrawMeMaybe/ros2_ws/install/ur_dashboard_msgs/local/lib/python3.10/dist-packages:${PYTHONPATH} /usr/bin/cmake --install /home/rosrunner/DrawMeMaybe/ros2_ws/build/ur_bringup
