[0.008s] Invoking command in '/home/rosrunner/DrawMeMaybe/ros2_ws/build/ur_description': /usr/bin/cmake /home/rosrunner/DrawMeMaybe/ros2_ws/src/ur_description -DAMENT_CMAKE_SYMLINK_INSTALL=1 -DCMAKE_INSTALL_PREFIX=/home/rosrunner/DrawMeMaybe/ros2_ws/install/ur_description
[0.068s] -- The C compiler identification is GNU 11.4.0
[0.108s] -- The CXX compiler identification is GNU 11.4.0
[0.113s] -- Detecting C compiler ABI info
[0.144s] -- Detecting C compiler ABI info - done
[0.147s] -- Check for working C compiler: /usr/bin/cc - skipped
[0.147s] -- Detecting C compile features
[0.147s] -- Detecting C compile features - done
[0.149s] -- Detecting CXX compiler ABI info
[0.178s] -- Detecting CXX compiler ABI info - done
[0.181s] -- Check for working CXX compiler: /usr/bin/c++ - skipped
[0.181s] -- Detecting CXX compile features
[0.181s] -- Detecting CXX compile features - done
[0.188s] [31mCMake Error at CMakeLists.txt:4 (find_package):
[0.188s]   By not providing "Findament_cmake.cmake" in CMAKE_MODULE_PATH this project
[0.188s]   has asked CMake to find a package configuration file provided by
[0.188s]   "ament_cmake", but CMake did not find one.
[0.189s] 
[0.189s]   Could not find a package configuration file provided by "ament_cmake" with
[0.189s]   any of the following names:
[0.189s] 
[0.189s]     ament_cmakeConfig.cmake
[0.189s]     ament_cmake-config.cmake
[0.189s] 
[0.189s]   Add the installation prefix of "ament_cmake" to CMAKE_PREFIX_PATH or set
[0.189s]   "ament_cmake_DIR" to a directory containing one of the above files.  If
[0.189s]   "ament_cmake" provides a separate development package or SDK, be sure it
[0.189s]   has been installed.
[0.189s] 
[0.189s] [0m
[0.189s] -- Configuring incomplete, errors occurred!
[0.189s] See also "/home/rosrunner/DrawMeMaybe/ros2_ws/build/ur_description/CMakeFiles/CMakeOutput.log".
[0.190s] Invoked command in '/home/rosrunner/DrawMeMaybe/ros2_ws/build/ur_description' returned '1': /usr/bin/cmake /home/rosrunner/DrawMeMaybe/ros2_ws/src/ur_description -DAMENT_CMAKE_SYMLINK_INSTALL=1 -DCMAKE_INSTALL_PREFIX=/home/rosrunner/DrawMeMaybe/ros2_ws/install/ur_description
