[0.005s] Invoking command in '/home/rosrunner/DrawMeMaybe/ros2_ws/build/ur_dashboard_msgs': CMAKE_PREFIX_PATH=/opt/ros/humble /usr/bin/cmake /home/rosrunner/DrawMeMaybe/ros2_ws/src/ur_ros2_driver/ur_dashboard_msgs -DAMENT_CMAKE_SYMLINK_INSTALL=1 -DCMAKE_INSTALL_PREFIX=/home/rosrunner/DrawMeMaybe/ros2_ws/install/ur_dashboard_msgs
[0.013s] -- Found ament_cmake: 1.3.12 (/opt/ros/humble/share/ament_cmake/cmake)
[0.078s] -- Found Python3: /usr/bin/python3 (found version "3.10.12") found components: Interpreter 
[0.106s] -- Override CMake install command with custom implementation using symlinks instead of copying resources
[0.119s] -- Found rosidl_default_generators: 1.2.0 (/opt/ros/humble/share/rosidl_default_generators/cmake)
[0.121s] -- Using all available rosidl_typesupport_c: rosidl_typesupport_fastrtps_c;rosidl_typesupport_introspection_c
[0.124s] -- Found rosidl_adapter: 3.1.7 (/opt/ros/humble/share/rosidl_adapter/cmake)
[0.144s] -- Using all available rosidl_typesupport_cpp: rosidl_typesupport_fastrtps_cpp;rosidl_typesupport_introspection_cpp
[0.160s] -- Found action_msgs: 1.2.2 (/opt/ros/humble/share/action_msgs/cmake)
[0.329s] -- Found ament_cmake_ros: 0.10.0 (/opt/ros/humble/share/ament_cmake_ros/cmake)
[0.414s] -- Using all available rosidl_typesupport_c: rosidl_typesupport_fastrtps_c;rosidl_typesupport_introspection_c
[0.521s] -- Using all available rosidl_typesupport_cpp: rosidl_typesupport_fastrtps_cpp;rosidl_typesupport_introspection_cpp
[0.532s] -- Found PythonInterp: /usr/bin/python3 (found suitable version "3.10.12", minimum required is "3.6") 
[0.532s] -- Found python_cmake_module: 0.10.0 (/opt/ros/humble/share/python_cmake_module/cmake)
[0.544s] -- Found PythonLibs: /usr/lib/x86_64-linux-gnu/libpython3.10.so (found suitable version "3.10.12", minimum required is "3.5") 
[0.544s] -- Using PYTHON_EXECUTABLE: /usr/bin/python3
[0.545s] -- Using PYTHON_INCLUDE_DIRS: /usr/include/python3.10
[0.545s] -- Using PYTHON_LIBRARIES: /usr/lib/x86_64-linux-gnu/libpython3.10.so
[0.553s] -- Found PythonExtra: .so  
[0.574s] -- Configuring done
[0.593s] -- Generating done
[0.598s] -- Build files have been written to: /home/rosrunner/DrawMeMaybe/ros2_ws/build/ur_dashboard_msgs
[0.602s] Invoked command in '/home/rosrunner/DrawMeMaybe/ros2_ws/build/ur_dashboard_msgs' returned '0': CMAKE_PREFIX_PATH=/opt/ros/humble /usr/bin/cmake /home/rosrunner/DrawMeMaybe/ros2_ws/src/ur_ros2_driver/ur_dashboard_msgs -DAMENT_CMAKE_SYMLINK_INSTALL=1 -DCMAKE_INSTALL_PREFIX=/home/rosrunner/DrawMeMaybe/ros2_ws/install/ur_dashboard_msgs
[0.602s] Invoking command in '/home/rosrunner/DrawMeMaybe/ros2_ws/build/ur_dashboard_msgs': CMAKE_PREFIX_PATH=/opt/ros/humble /usr/bin/cmake --build /home/rosrunner/DrawMeMaybe/ros2_ws/build/ur_dashboard_msgs -- -j24 -l24
[0.619s] [  1%] [34m[1mGenerating C code for ROS interfaces[0m
[0.623s] [  1%] [34m[1mGenerating C++ code for ROS interfaces[0m
[0.626s] [  1%] Built target ament_cmake_python_symlink_ur_dashboard_msgs
[0.710s] running egg_info
[0.710s] creating ur_dashboard_msgs.egg-info
[0.710s] writing ur_dashboard_msgs.egg-info/PKG-INFO
[0.710s] writing dependency_links to ur_dashboard_msgs.egg-info/dependency_links.txt
[0.710s] writing top-level names to ur_dashboard_msgs.egg-info/top_level.txt
[0.710s] writing manifest file 'ur_dashboard_msgs.egg-info/SOURCES.txt'
[0.711s] reading manifest file 'ur_dashboard_msgs.egg-info/SOURCES.txt'
[0.712s] writing manifest file 'ur_dashboard_msgs.egg-info/SOURCES.txt'
[0.723s] [  1%] Built target ament_cmake_python_build_ur_dashboard_msgs_egg
[1.206s] [  2%] [32mBuilding C object CMakeFiles/ur_dashboard_msgs__rosidl_generator_c.dir/rosidl_generator_c/ur_dashboard_msgs/msg/detail/robot_mode__functions.c.o[0m
[1.206s] [  2%] [32mBuilding C object CMakeFiles/ur_dashboard_msgs__rosidl_generator_c.dir/rosidl_generator_c/ur_dashboard_msgs/msg/detail/program_state__functions.c.o[0m
[1.206s] [  2%] [32mBuilding C object CMakeFiles/ur_dashboard_msgs__rosidl_generator_c.dir/rosidl_generator_c/ur_dashboard_msgs/srv/detail/add_to_log__functions.c.o[0m
[1.206s] [  4%] [32mBuilding C object CMakeFiles/ur_dashboard_msgs__rosidl_generator_c.dir/rosidl_generator_c/ur_dashboard_msgs/srv/detail/get_loaded_program__functions.c.o[0m
[1.206s] [  4%] [32mBuilding C object CMakeFiles/ur_dashboard_msgs__rosidl_generator_c.dir/rosidl_generator_c/ur_dashboard_msgs/srv/detail/get_program_state__functions.c.o[0m
[1.206s] [  5%] [32mBuilding C object CMakeFiles/ur_dashboard_msgs__rosidl_generator_c.dir/rosidl_generator_c/ur_dashboard_msgs/msg/detail/safety_mode__functions.c.o[0m
[1.207s] [  5%] [32mBuilding C object CMakeFiles/ur_dashboard_msgs__rosidl_generator_c.dir/rosidl_generator_c/ur_dashboard_msgs/srv/detail/load__functions.c.o[0m
[1.207s] [  6%] [32mBuilding C object CMakeFiles/ur_dashboard_msgs__rosidl_generator_c.dir/rosidl_generator_c/ur_dashboard_msgs/srv/detail/get_safety_mode__functions.c.o[0m
[1.207s] [  7%] [32mBuilding C object CMakeFiles/ur_dashboard_msgs__rosidl_generator_c.dir/rosidl_generator_c/ur_dashboard_msgs/srv/detail/is_program_saved__functions.c.o[0m
[1.207s] [  8%] [32mBuilding C object CMakeFiles/ur_dashboard_msgs__rosidl_generator_c.dir/rosidl_generator_c/ur_dashboard_msgs/srv/detail/popup__functions.c.o[0m
[1.207s] [  8%] [32mBuilding C object CMakeFiles/ur_dashboard_msgs__rosidl_generator_c.dir/rosidl_generator_c/ur_dashboard_msgs/srv/detail/get_robot_mode__functions.c.o[0m
[1.207s] [  8%] Built target ur_dashboard_msgs__cpp
[1.207s] [  9%] [32mBuilding C object CMakeFiles/ur_dashboard_msgs__rosidl_generator_c.dir/rosidl_generator_c/ur_dashboard_msgs/srv/detail/is_program_running__functions.c.o[0m
[1.207s] [ 10%] [32mBuilding C object CMakeFiles/ur_dashboard_msgs__rosidl_generator_c.dir/rosidl_generator_c/ur_dashboard_msgs/srv/detail/raw_request__functions.c.o[0m
[1.207s] [ 10%] [32mBuilding C object CMakeFiles/ur_dashboard_msgs__rosidl_generator_c.dir/rosidl_generator_c/ur_dashboard_msgs/srv/detail/is_in_remote_control__functions.c.o[0m
[1.207s] [ 11%] [32mBuilding C object CMakeFiles/ur_dashboard_msgs__rosidl_generator_c.dir/rosidl_generator_c/ur_dashboard_msgs/action/detail/set_mode__functions.c.o[0m
[1.212s] [ 12%] [34m[1mGenerating C++ type support for eProsima Fast-RTPS[0m
[1.212s] [ 13%] [34m[1mGenerating C++ type support dispatch for ROS interfaces[0m
[1.212s] [ 13%] [34m[1mGenerating C++ introspection for ROS interfaces[0m
[1.279s] [ 14%] [32m[1mLinking C shared library libur_dashboard_msgs__rosidl_generator_c.so[0m
[1.296s] [ 14%] Built target ur_dashboard_msgs__rosidl_generator_c
[1.300s] [ 16%] [34m[1mGenerating C type support dispatch for ROS interfaces[0m
[1.300s] [ 16%] [34m[1mGenerating C introspection for ROS interfaces[0m
[1.300s] [ 17%] [34m[1mGenerating C type support for eProsima Fast-RTPS[0m
[1.569s] [ 18%] [32mBuilding CXX object CMakeFiles/ur_dashboard_msgs__rosidl_typesupport_cpp.dir/rosidl_typesupport_cpp/ur_dashboard_msgs/msg/safety_mode__type_support.cpp.o[0m
[1.570s] [ 18%] [32mBuilding CXX object CMakeFiles/ur_dashboard_msgs__rosidl_typesupport_cpp.dir/rosidl_typesupport_cpp/ur_dashboard_msgs/msg/robot_mode__type_support.cpp.o[0m
[1.570s] [ 19%] [32mBuilding CXX object CMakeFiles/ur_dashboard_msgs__rosidl_typesupport_cpp.dir/rosidl_typesupport_cpp/ur_dashboard_msgs/msg/program_state__type_support.cpp.o[0m
[1.570s] [ 20%] [32mBuilding CXX object CMakeFiles/ur_dashboard_msgs__rosidl_typesupport_cpp.dir/rosidl_typesupport_cpp/ur_dashboard_msgs/srv/add_to_log__type_support.cpp.o[0m
[1.570s] [ 21%] [32mBuilding CXX object CMakeFiles/ur_dashboard_msgs__rosidl_typesupport_cpp.dir/rosidl_typesupport_cpp/ur_dashboard_msgs/srv/get_robot_mode__type_support.cpp.o[0m
[1.570s] [ 22%] [32mBuilding CXX object CMakeFiles/ur_dashboard_msgs__rosidl_typesupport_cpp.dir/rosidl_typesupport_cpp/ur_dashboard_msgs/srv/get_loaded_program__type_support.cpp.o[0m
[1.570s] [ 22%] [32mBuilding CXX object CMakeFiles/ur_dashboard_msgs__rosidl_typesupport_cpp.dir/rosidl_typesupport_cpp/ur_dashboard_msgs/srv/get_program_state__type_support.cpp.o[0m
[1.571s] [ 23%] [32mBuilding CXX object CMakeFiles/ur_dashboard_msgs__rosidl_typesupport_cpp.dir/rosidl_typesupport_cpp/ur_dashboard_msgs/srv/is_program_running__type_support.cpp.o[0m
[1.571s] [ 23%] [32mBuilding CXX object CMakeFiles/ur_dashboard_msgs__rosidl_typesupport_cpp.dir/rosidl_typesupport_cpp/ur_dashboard_msgs/srv/is_program_saved__type_support.cpp.o[0m
[1.571s] [ 24%] [32mBuilding CXX object CMakeFiles/ur_dashboard_msgs__rosidl_typesupport_cpp.dir/rosidl_typesupport_cpp/ur_dashboard_msgs/srv/get_safety_mode__type_support.cpp.o[0m
[1.571s] [ 24%] [32mBuilding CXX object CMakeFiles/ur_dashboard_msgs__rosidl_typesupport_cpp.dir/rosidl_typesupport_cpp/ur_dashboard_msgs/srv/popup__type_support.cpp.o[0m
[1.572s] [ 26%] [32mBuilding CXX object CMakeFiles/ur_dashboard_msgs__rosidl_typesupport_cpp.dir/rosidl_typesupport_cpp/ur_dashboard_msgs/srv/load__type_support.cpp.o[0m
[1.572s] [ 26%] [32mBuilding CXX object CMakeFiles/ur_dashboard_msgs__rosidl_typesupport_cpp.dir/rosidl_typesupport_cpp/ur_dashboard_msgs/action/set_mode__type_support.cpp.o[0m
[1.572s] [ 26%] [32mBuilding CXX object CMakeFiles/ur_dashboard_msgs__rosidl_typesupport_cpp.dir/rosidl_typesupport_cpp/ur_dashboard_msgs/srv/raw_request__type_support.cpp.o[0m
[1.572s] [ 27%] [32mBuilding CXX object CMakeFiles/ur_dashboard_msgs__rosidl_typesupport_cpp.dir/rosidl_typesupport_cpp/ur_dashboard_msgs/srv/is_in_remote_control__type_support.cpp.o[0m
[1.678s] [ 28%] [32mBuilding CXX object CMakeFiles/ur_dashboard_msgs__rosidl_typesupport_c.dir/rosidl_typesupport_c/ur_dashboard_msgs/msg/program_state__type_support.cpp.o[0m
[1.678s] [ 28%] [32mBuilding CXX object CMakeFiles/ur_dashboard_msgs__rosidl_typesupport_c.dir/rosidl_typesupport_c/ur_dashboard_msgs/srv/get_loaded_program__type_support.cpp.o[0m
[1.678s] [ 29%] [32mBuilding CXX object CMakeFiles/ur_dashboard_msgs__rosidl_typesupport_c.dir/rosidl_typesupport_c/ur_dashboard_msgs/msg/robot_mode__type_support.cpp.o[0m
[1.678s] [ 29%] [32mBuilding CXX object CMakeFiles/ur_dashboard_msgs__rosidl_typesupport_c.dir/rosidl_typesupport_c/ur_dashboard_msgs/srv/add_to_log__type_support.cpp.o[0m
[1.682s] [ 30%] [32mBuilding CXX object CMakeFiles/ur_dashboard_msgs__rosidl_typesupport_c.dir/rosidl_typesupport_c/ur_dashboard_msgs/msg/safety_mode__type_support.cpp.o[0m
[1.697s] [ 31%] [32mBuilding CXX object CMakeFiles/ur_dashboard_msgs__rosidl_typesupport_c.dir/rosidl_typesupport_c/ur_dashboard_msgs/srv/get_program_state__type_support.cpp.o[0m
[1.699s] [ 32%] [32mBuilding CXX object CMakeFiles/ur_dashboard_msgs__rosidl_typesupport_c.dir/rosidl_typesupport_c/ur_dashboard_msgs/srv/get_robot_mode__type_support.cpp.o[0m
[1.701s] [ 32%] [32mBuilding CXX object CMakeFiles/ur_dashboard_msgs__rosidl_typesupport_c.dir/rosidl_typesupport_c/ur_dashboard_msgs/srv/get_safety_mode__type_support.cpp.o[0m
[1.711s] [ 33%] [32mBuilding CXX object CMakeFiles/ur_dashboard_msgs__rosidl_typesupport_c.dir/rosidl_typesupport_c/ur_dashboard_msgs/srv/is_program_running__type_support.cpp.o[0m
[1.711s] [ 34%] [32mBuilding CXX object CMakeFiles/ur_dashboard_msgs__rosidl_typesupport_c.dir/rosidl_typesupport_c/ur_dashboard_msgs/srv/is_program_saved__type_support.cpp.o[0m
[1.724s] [ 34%] [32mBuilding CXX object CMakeFiles/ur_dashboard_msgs__rosidl_typesupport_c.dir/rosidl_typesupport_c/ur_dashboard_msgs/srv/load__type_support.cpp.o[0m
[1.725s] [ 35%] [32mBuilding CXX object CMakeFiles/ur_dashboard_msgs__rosidl_typesupport_c.dir/rosidl_typesupport_c/ur_dashboard_msgs/srv/popup__type_support.cpp.o[0m
[1.726s] [ 36%] [32mBuilding CXX object CMakeFiles/ur_dashboard_msgs__rosidl_typesupport_c.dir/rosidl_typesupport_c/ur_dashboard_msgs/srv/raw_request__type_support.cpp.o[0m
[1.730s] [ 37%] [32mBuilding CXX object CMakeFiles/ur_dashboard_msgs__rosidl_typesupport_c.dir/rosidl_typesupport_c/ur_dashboard_msgs/srv/is_in_remote_control__type_support.cpp.o[0m
[1.730s] [ 37%] [32mBuilding CXX object CMakeFiles/ur_dashboard_msgs__rosidl_typesupport_c.dir/rosidl_typesupport_c/ur_dashboard_msgs/action/set_mode__type_support.cpp.o[0m
[1.743s] [ 38%] [32mBuilding CXX object CMakeFiles/ur_dashboard_msgs__rosidl_typesupport_introspection_cpp.dir/rosidl_typesupport_introspection_cpp/ur_dashboard_msgs/srv/detail/get_loaded_program__type_support.cpp.o[0m
[1.743s] [ 39%] [32mBuilding CXX object CMakeFiles/ur_dashboard_msgs__rosidl_typesupport_introspection_cpp.dir/rosidl_typesupport_introspection_cpp/ur_dashboard_msgs/srv/detail/add_to_log__type_support.cpp.o[0m
[1.743s] [ 39%] [32mBuilding CXX object CMakeFiles/ur_dashboard_msgs__rosidl_typesupport_introspection_cpp.dir/rosidl_typesupport_introspection_cpp/ur_dashboard_msgs/msg/detail/safety_mode__type_support.cpp.o[0m
[1.743s] [ 39%] [32mBuilding CXX object CMakeFiles/ur_dashboard_msgs__rosidl_typesupport_introspection_cpp.dir/rosidl_typesupport_introspection_cpp/ur_dashboard_msgs/srv/detail/get_robot_mode__type_support.cpp.o[0m
[1.744s] [ 41%] [32mBuilding CXX object CMakeFiles/ur_dashboard_msgs__rosidl_typesupport_introspection_cpp.dir/rosidl_typesupport_introspection_cpp/ur_dashboard_msgs/srv/detail/get_program_state__type_support.cpp.o[0m
[1.744s] [ 41%] [32mBuilding CXX object CMakeFiles/ur_dashboard_msgs__rosidl_typesupport_introspection_cpp.dir/rosidl_typesupport_introspection_cpp/ur_dashboard_msgs/msg/detail/robot_mode__type_support.cpp.o[0m
[1.744s] [ 42%] [32mBuilding CXX object CMakeFiles/ur_dashboard_msgs__rosidl_typesupport_introspection_cpp.dir/rosidl_typesupport_introspection_cpp/ur_dashboard_msgs/srv/detail/get_safety_mode__type_support.cpp.o[0m
[1.744s] [ 43%] [32mBuilding CXX object CMakeFiles/ur_dashboard_msgs__rosidl_typesupport_introspection_cpp.dir/rosidl_typesupport_introspection_cpp/ur_dashboard_msgs/msg/detail/program_state__type_support.cpp.o[0m
[1.744s] [ 44%] [32mBuilding CXX object CMakeFiles/ur_dashboard_msgs__rosidl_typesupport_introspection_cpp.dir/rosidl_typesupport_introspection_cpp/ur_dashboard_msgs/srv/detail/is_program_running__type_support.cpp.o[0m
[1.744s] [ 43%] [32mBuilding CXX object CMakeFiles/ur_dashboard_msgs__rosidl_typesupport_introspection_cpp.dir/rosidl_typesupport_introspection_cpp/ur_dashboard_msgs/srv/detail/is_program_saved__type_support.cpp.o[0m
[1.744s] [ 46%] [32mBuilding CXX object CMakeFiles/ur_dashboard_msgs__rosidl_typesupport_introspection_cpp.dir/rosidl_typesupport_introspection_cpp/ur_dashboard_msgs/action/detail/set_mode__type_support.cpp.o[0m
[1.744s] [ 46%] [32mBuilding CXX object CMakeFiles/ur_dashboard_msgs__rosidl_typesupport_introspection_cpp.dir/rosidl_typesupport_introspection_cpp/ur_dashboard_msgs/srv/detail/load__type_support.cpp.o[0m
[1.744s] [ 47%] [32mBuilding CXX object CMakeFiles/ur_dashboard_msgs__rosidl_typesupport_introspection_cpp.dir/rosidl_typesupport_introspection_cpp/ur_dashboard_msgs/srv/detail/popup__type_support.cpp.o[0m
[1.744s] [ 47%] [32mBuilding CXX object CMakeFiles/ur_dashboard_msgs__rosidl_typesupport_introspection_cpp.dir/rosidl_typesupport_introspection_cpp/ur_dashboard_msgs/srv/detail/raw_request__type_support.cpp.o[0m
[1.745s] [ 48%] [32mBuilding CXX object CMakeFiles/ur_dashboard_msgs__rosidl_typesupport_introspection_cpp.dir/rosidl_typesupport_introspection_cpp/ur_dashboard_msgs/srv/detail/is_in_remote_control__type_support.cpp.o[0m
[1.757s] [ 49%] [32m[1mLinking CXX shared library libur_dashboard_msgs__rosidl_typesupport_c.so[0m
[1.785s] [ 49%] Built target ur_dashboard_msgs__rosidl_typesupport_c
[1.843s] [ 50%] [32mBuilding CXX object CMakeFiles/ur_dashboard_msgs__rosidl_typesupport_fastrtps_cpp.dir/rosidl_typesupport_fastrtps_cpp/ur_dashboard_msgs/srv/detail/dds_fastrtps/get_program_state__type_support.cpp.o[0m
[1.843s] [ 50%] [32mBuilding CXX object CMakeFiles/ur_dashboard_msgs__rosidl_typesupport_fastrtps_cpp.dir/rosidl_typesupport_fastrtps_cpp/ur_dashboard_msgs/msg/detail/dds_fastrtps/safety_mode__type_support.cpp.o[0m
[1.843s] [ 51%] [32mBuilding CXX object CMakeFiles/ur_dashboard_msgs__rosidl_typesupport_fastrtps_cpp.dir/rosidl_typesupport_fastrtps_cpp/ur_dashboard_msgs/msg/detail/dds_fastrtps/program_state__type_support.cpp.o[0m
[1.843s] [ 51%] [32mBuilding CXX object CMakeFiles/ur_dashboard_msgs__rosidl_typesupport_fastrtps_cpp.dir/rosidl_typesupport_fastrtps_cpp/ur_dashboard_msgs/srv/detail/dds_fastrtps/add_to_log__type_support.cpp.o[0m
[1.843s] [ 52%] [32mBuilding CXX object CMakeFiles/ur_dashboard_msgs__rosidl_typesupport_fastrtps_cpp.dir/rosidl_typesupport_fastrtps_cpp/ur_dashboard_msgs/msg/detail/dds_fastrtps/robot_mode__type_support.cpp.o[0m
[1.845s] [ 53%] [32mBuilding CXX object CMakeFiles/ur_dashboard_msgs__rosidl_typesupport_fastrtps_cpp.dir/rosidl_typesupport_fastrtps_cpp/ur_dashboard_msgs/srv/detail/dds_fastrtps/get_loaded_program__type_support.cpp.o[0m
[1.855s] [ 54%] [32m[1mLinking CXX shared library libur_dashboard_msgs__rosidl_typesupport_cpp.so[0m
[1.885s] [ 54%] Built target ur_dashboard_msgs__rosidl_typesupport_cpp
[1.890s] [ 55%] [32mBuilding CXX object CMakeFiles/ur_dashboard_msgs__rosidl_typesupport_fastrtps_cpp.dir/rosidl_typesupport_fastrtps_cpp/ur_dashboard_msgs/srv/detail/dds_fastrtps/get_robot_mode__type_support.cpp.o[0m
[1.949s] [ 56%] [32mBuilding CXX object CMakeFiles/ur_dashboard_msgs__rosidl_typesupport_fastrtps_cpp.dir/rosidl_typesupport_fastrtps_cpp/ur_dashboard_msgs/srv/detail/dds_fastrtps/get_safety_mode__type_support.cpp.o[0m
[1.952s] [ 56%] [32mBuilding CXX object CMakeFiles/ur_dashboard_msgs__rosidl_typesupport_fastrtps_cpp.dir/rosidl_typesupport_fastrtps_cpp/ur_dashboard_msgs/srv/detail/dds_fastrtps/is_program_running__type_support.cpp.o[0m
[1.956s] [ 57%] [32mBuilding CXX object CMakeFiles/ur_dashboard_msgs__rosidl_typesupport_fastrtps_cpp.dir/rosidl_typesupport_fastrtps_cpp/ur_dashboard_msgs/srv/detail/dds_fastrtps/is_program_saved__type_support.cpp.o[0m
[1.963s] [ 58%] [32mBuilding CXX object CMakeFiles/ur_dashboard_msgs__rosidl_typesupport_fastrtps_cpp.dir/rosidl_typesupport_fastrtps_cpp/ur_dashboard_msgs/srv/detail/dds_fastrtps/load__type_support.cpp.o[0m
[1.965s] [ 58%] [32mBuilding CXX object CMakeFiles/ur_dashboard_msgs__rosidl_typesupport_fastrtps_cpp.dir/rosidl_typesupport_fastrtps_cpp/ur_dashboard_msgs/srv/detail/dds_fastrtps/raw_request__type_support.cpp.o[0m
[1.965s] [ 59%] [32mBuilding CXX object CMakeFiles/ur_dashboard_msgs__rosidl_typesupport_fastrtps_cpp.dir/rosidl_typesupport_fastrtps_cpp/ur_dashboard_msgs/srv/detail/dds_fastrtps/popup__type_support.cpp.o[0m
[1.967s] [ 60%] [32mBuilding CXX object CMakeFiles/ur_dashboard_msgs__rosidl_typesupport_fastrtps_cpp.dir/rosidl_typesupport_fastrtps_cpp/ur_dashboard_msgs/action/detail/dds_fastrtps/set_mode__type_support.cpp.o[0m
[1.967s] [ 61%] [32mBuilding CXX object CMakeFiles/ur_dashboard_msgs__rosidl_typesupport_fastrtps_cpp.dir/rosidl_typesupport_fastrtps_cpp/ur_dashboard_msgs/srv/detail/dds_fastrtps/is_in_remote_control__type_support.cpp.o[0m
[1.976s] [ 61%] [32mBuilding C object CMakeFiles/ur_dashboard_msgs__rosidl_typesupport_introspection_c.dir/rosidl_typesupport_introspection_c/ur_dashboard_msgs/msg/detail/robot_mode__type_support.c.o[0m
[1.976s] [ 62%] [32mBuilding C object CMakeFiles/ur_dashboard_msgs__rosidl_typesupport_introspection_c.dir/rosidl_typesupport_introspection_c/ur_dashboard_msgs/msg/detail/program_state__type_support.c.o[0m
[1.976s] [ 63%] [32mBuilding C object CMakeFiles/ur_dashboard_msgs__rosidl_typesupport_introspection_c.dir/rosidl_typesupport_introspection_c/ur_dashboard_msgs/msg/detail/safety_mode__type_support.c.o[0m
[1.977s] [ 64%] [32mBuilding C object CMakeFiles/ur_dashboard_msgs__rosidl_typesupport_introspection_c.dir/rosidl_typesupport_introspection_c/ur_dashboard_msgs/srv/detail/add_to_log__type_support.c.o[0m
[1.977s] [ 65%] [32mBuilding C object CMakeFiles/ur_dashboard_msgs__rosidl_typesupport_introspection_c.dir/rosidl_typesupport_introspection_c/ur_dashboard_msgs/srv/detail/get_robot_mode__type_support.c.o[0m
[1.977s] [ 65%] [32mBuilding C object CMakeFiles/ur_dashboard_msgs__rosidl_typesupport_introspection_c.dir/rosidl_typesupport_introspection_c/ur_dashboard_msgs/srv/detail/get_program_state__type_support.c.o[0m
[1.978s] [ 66%] [32mBuilding C object CMakeFiles/ur_dashboard_msgs__rosidl_typesupport_introspection_c.dir/rosidl_typesupport_introspection_c/ur_dashboard_msgs/srv/detail/get_loaded_program__type_support.c.o[0m
[1.987s] [ 67%] [32mBuilding CXX object CMakeFiles/ur_dashboard_msgs__rosidl_typesupport_fastrtps_c.dir/rosidl_typesupport_fastrtps_c/ur_dashboard_msgs/msg/detail/program_state__type_support_c.cpp.o[0m
[1.999s] [ 67%] [32mBuilding CXX object CMakeFiles/ur_dashboard_msgs__rosidl_typesupport_fastrtps_c.dir/rosidl_typesupport_fastrtps_c/ur_dashboard_msgs/msg/detail/robot_mode__type_support_c.cpp.o[0m
[1.999s] [ 68%] [32mBuilding C object CMakeFiles/ur_dashboard_msgs__rosidl_typesupport_introspection_c.dir/rosidl_typesupport_introspection_c/ur_dashboard_msgs/srv/detail/get_safety_mode__type_support.c.o[0m
[2.000s] [ 69%] [32mBuilding CXX object CMakeFiles/ur_dashboard_msgs__rosidl_typesupport_fastrtps_c.dir/rosidl_typesupport_fastrtps_c/ur_dashboard_msgs/msg/detail/safety_mode__type_support_c.cpp.o[0m
[2.000s] [ 70%] [32mBuilding CXX object CMakeFiles/ur_dashboard_msgs__rosidl_typesupport_fastrtps_c.dir/rosidl_typesupport_fastrtps_c/ur_dashboard_msgs/srv/detail/add_to_log__type_support_c.cpp.o[0m
[2.001s] [ 71%] [32mBuilding CXX object CMakeFiles/ur_dashboard_msgs__rosidl_typesupport_fastrtps_c.dir/rosidl_typesupport_fastrtps_c/ur_dashboard_msgs/srv/detail/get_program_state__type_support_c.cpp.o[0m
[2.001s] [ 71%] [32mBuilding CXX object CMakeFiles/ur_dashboard_msgs__rosidl_typesupport_fastrtps_c.dir/rosidl_typesupport_fastrtps_c/ur_dashboard_msgs/srv/detail/get_loaded_program__type_support_c.cpp.o[0m
[2.004s] [ 71%] [32mBuilding C object CMakeFiles/ur_dashboard_msgs__rosidl_typesupport_introspection_c.dir/rosidl_typesupport_introspection_c/ur_dashboard_msgs/srv/detail/is_program_running__type_support.c.o[0m
[2.026s] [ 72%] [32mBuilding C object CMakeFiles/ur_dashboard_msgs__rosidl_typesupport_introspection_c.dir/rosidl_typesupport_introspection_c/ur_dashboard_msgs/srv/detail/is_program_saved__type_support.c.o[0m
[2.033s] [ 73%] [32mBuilding C object CMakeFiles/ur_dashboard_msgs__rosidl_typesupport_introspection_c.dir/rosidl_typesupport_introspection_c/ur_dashboard_msgs/srv/detail/load__type_support.c.o[0m
[2.053s] [ 73%] [32mBuilding C object CMakeFiles/ur_dashboard_msgs__rosidl_typesupport_introspection_c.dir/rosidl_typesupport_introspection_c/ur_dashboard_msgs/srv/detail/popup__type_support.c.o[0m
[2.059s] [ 74%] [32mBuilding CXX object CMakeFiles/ur_dashboard_msgs__rosidl_typesupport_fastrtps_c.dir/rosidl_typesupport_fastrtps_c/ur_dashboard_msgs/srv/detail/get_robot_mode__type_support_c.cpp.o[0m
[2.081s] [ 76%] [32mBuilding C object CMakeFiles/ur_dashboard_msgs__rosidl_typesupport_introspection_c.dir/rosidl_typesupport_introspection_c/ur_dashboard_msgs/srv/detail/raw_request__type_support.c.o[0m
[2.081s] [ 76%] [32mBuilding CXX object CMakeFiles/ur_dashboard_msgs__rosidl_typesupport_fastrtps_c.dir/rosidl_typesupport_fastrtps_c/ur_dashboard_msgs/srv/detail/get_safety_mode__type_support_c.cpp.o[0m
[2.081s] [ 76%] [32mBuilding C object CMakeFiles/ur_dashboard_msgs__rosidl_typesupport_introspection_c.dir/rosidl_typesupport_introspection_c/ur_dashboard_msgs/srv/detail/is_in_remote_control__type_support.c.o[0m
[2.081s] [ 77%] [32mBuilding CXX object CMakeFiles/ur_dashboard_msgs__rosidl_typesupport_fastrtps_c.dir/rosidl_typesupport_fastrtps_c/ur_dashboard_msgs/srv/detail/is_program_running__type_support_c.cpp.o[0m
[2.095s] [ 78%] [32mBuilding CXX object CMakeFiles/ur_dashboard_msgs__rosidl_typesupport_fastrtps_c.dir/rosidl_typesupport_fastrtps_c/ur_dashboard_msgs/srv/detail/is_program_saved__type_support_c.cpp.o[0m
[2.095s] [ 79%] [32mBuilding CXX object CMakeFiles/ur_dashboard_msgs__rosidl_typesupport_fastrtps_c.dir/rosidl_typesupport_fastrtps_c/ur_dashboard_msgs/srv/detail/load__type_support_c.cpp.o[0m
[2.098s] [ 79%] [32mBuilding CXX object CMakeFiles/ur_dashboard_msgs__rosidl_typesupport_fastrtps_c.dir/rosidl_typesupport_fastrtps_c/ur_dashboard_msgs/srv/detail/popup__type_support_c.cpp.o[0m
[2.099s] [ 80%] [32m[1mLinking CXX shared library libur_dashboard_msgs__rosidl_typesupport_introspection_cpp.so[0m
[2.106s] [ 81%] [32mBuilding CXX object CMakeFiles/ur_dashboard_msgs__rosidl_typesupport_fastrtps_c.dir/rosidl_typesupport_fastrtps_c/ur_dashboard_msgs/srv/detail/raw_request__type_support_c.cpp.o[0m
[2.108s] [ 82%] [32mBuilding C object CMakeFiles/ur_dashboard_msgs__rosidl_typesupport_introspection_c.dir/rosidl_typesupport_introspection_c/ur_dashboard_msgs/action/detail/set_mode__type_support.c.o[0m
[2.139s] [ 83%] [32mBuilding CXX object CMakeFiles/ur_dashboard_msgs__rosidl_typesupport_fastrtps_c.dir/rosidl_typesupport_fastrtps_c/ur_dashboard_msgs/srv/detail/is_in_remote_control__type_support_c.cpp.o[0m
[2.143s] [ 83%] [32m[1mLinking C shared library libur_dashboard_msgs__rosidl_typesupport_introspection_c.so[0m
[2.159s] [ 83%] Built target ur_dashboard_msgs__rosidl_typesupport_introspection_cpp
[2.164s] [ 83%] [32mBuilding CXX object CMakeFiles/ur_dashboard_msgs__rosidl_typesupport_fastrtps_c.dir/rosidl_typesupport_fastrtps_c/ur_dashboard_msgs/action/detail/set_mode__type_support_c.cpp.o[0m
[2.177s] [ 83%] Built target ur_dashboard_msgs__rosidl_typesupport_introspection_c
[2.270s] [ 83%] [32m[1mLinking CXX shared library libur_dashboard_msgs__rosidl_typesupport_fastrtps_cpp.so[0m
[2.303s] [ 83%] Built target ur_dashboard_msgs__rosidl_typesupport_fastrtps_cpp
[2.323s] [ 84%] [32m[1mLinking CXX shared library libur_dashboard_msgs__rosidl_typesupport_fastrtps_c.so[0m
[2.354s] [ 84%] Built target ur_dashboard_msgs__rosidl_typesupport_fastrtps_c
[2.362s] [ 84%] Built target ur_dashboard_msgs
[2.370s] [ 85%] [34m[1mGenerating Python code for ROS interfaces[0m
[3.412s] [ 85%] Built target ur_dashboard_msgs__py
[3.419s] [ 85%] [32mBuilding C object CMakeFiles/ur_dashboard_msgs__rosidl_generator_py.dir/rosidl_generator_py/ur_dashboard_msgs/msg/_program_state_s.c.o[0m
[3.419s] [ 86%] [32mBuilding C object CMakeFiles/ur_dashboard_msgs__rosidl_generator_py.dir/rosidl_generator_py/ur_dashboard_msgs/msg/_robot_mode_s.c.o[0m
[3.419s] [ 86%] [32mBuilding C object CMakeFiles/ur_dashboard_msgs__rosidl_generator_py.dir/rosidl_generator_py/ur_dashboard_msgs/srv/_get_loaded_program_s.c.o[0m
[3.419s] [ 88%] [32mBuilding C object CMakeFiles/ur_dashboard_msgs__rosidl_generator_py.dir/rosidl_generator_py/ur_dashboard_msgs/srv/_get_robot_mode_s.c.o[0m
[3.419s] [ 88%] [32mBuilding C object CMakeFiles/ur_dashboard_msgs__rosidl_generator_py.dir/rosidl_generator_py/ur_dashboard_msgs/srv/_get_program_state_s.c.o[0m
[3.420s] [ 88%] [32mBuilding C object CMakeFiles/ur_dashboard_msgs__rosidl_generator_py.dir/rosidl_generator_py/ur_dashboard_msgs/srv/_get_safety_mode_s.c.o[0m
[3.420s] [ 89%] [32mBuilding C object CMakeFiles/ur_dashboard_msgs__rosidl_generator_py.dir/rosidl_generator_py/ur_dashboard_msgs/srv/_is_program_saved_s.c.o[0m
[3.420s] [ 90%] [32mBuilding C object CMakeFiles/ur_dashboard_msgs__rosidl_generator_py.dir/rosidl_generator_py/ur_dashboard_msgs/srv/_add_to_log_s.c.o[0m
[3.420s] [ 91%] [32mBuilding C object CMakeFiles/ur_dashboard_msgs__rosidl_generator_py.dir/rosidl_generator_py/ur_dashboard_msgs/srv/_raw_request_s.c.o[0m
[3.420s] [ 93%] [32mBuilding C object CMakeFiles/ur_dashboard_msgs__rosidl_generator_py.dir/rosidl_generator_py/ur_dashboard_msgs/msg/_safety_mode_s.c.o[0m
[3.420s] [ 93%] [32mBuilding C object CMakeFiles/ur_dashboard_msgs__rosidl_generator_py.dir/rosidl_generator_py/ur_dashboard_msgs/srv/_is_in_remote_control_s.c.o[0m
[3.420s] [ 94%] [32mBuilding C object CMakeFiles/ur_dashboard_msgs__rosidl_generator_py.dir/rosidl_generator_py/ur_dashboard_msgs/srv/_is_program_running_s.c.o[0m
[3.420s] [ 94%] [32mBuilding C object CMakeFiles/ur_dashboard_msgs__rosidl_generator_py.dir/rosidl_generator_py/ur_dashboard_msgs/srv/_load_s.c.o[0m
[3.420s] [ 95%] [32mBuilding C object CMakeFiles/ur_dashboard_msgs__rosidl_generator_py.dir/rosidl_generator_py/ur_dashboard_msgs/srv/_popup_s.c.o[0m
[3.421s] [ 95%] [32mBuilding C object CMakeFiles/ur_dashboard_msgs__rosidl_generator_py.dir/rosidl_generator_py/ur_dashboard_msgs/action/_set_mode_s.c.o[0m
[3.528s] [ 96%] [32m[1mLinking C shared library rosidl_generator_py/ur_dashboard_msgs/libur_dashboard_msgs__rosidl_generator_py.so[0m
[3.545s] [ 96%] Built target ur_dashboard_msgs__rosidl_generator_py
[3.552s] [ 98%] [32mBuilding C object CMakeFiles/ur_dashboard_msgs__rosidl_typesupport_fastrtps_c__pyext.dir/rosidl_generator_py/ur_dashboard_msgs/_ur_dashboard_msgs_s.ep.rosidl_typesupport_fastrtps_c.c.o[0m
[3.552s] [ 98%] [32mBuilding C object CMakeFiles/ur_dashboard_msgs__rosidl_typesupport_introspection_c__pyext.dir/rosidl_generator_py/ur_dashboard_msgs/_ur_dashboard_msgs_s.ep.rosidl_typesupport_introspection_c.c.o[0m
[3.552s] [ 99%] [32mBuilding C object CMakeFiles/ur_dashboard_msgs__rosidl_typesupport_c__pyext.dir/rosidl_generator_py/ur_dashboard_msgs/_ur_dashboard_msgs_s.ep.rosidl_typesupport_c.c.o[0m
[3.626s] [ 99%] [32m[1mLinking C shared library rosidl_generator_py/ur_dashboard_msgs/ur_dashboard_msgs_s__rosidl_typesupport_fastrtps_c.cpython-310-x86_64-linux-gnu.so[0m
[3.626s] [ 99%] [32m[1mLinking C shared library rosidl_generator_py/ur_dashboard_msgs/ur_dashboard_msgs_s__rosidl_typesupport_c.cpython-310-x86_64-linux-gnu.so[0m
[3.627s] [100%] [32m[1mLinking C shared library rosidl_generator_py/ur_dashboard_msgs/ur_dashboard_msgs_s__rosidl_typesupport_introspection_c.cpython-310-x86_64-linux-gnu.so[0m
[3.641s] [100%] Built target ur_dashboard_msgs__rosidl_typesupport_fastrtps_c__pyext
[3.642s] [100%] Built target ur_dashboard_msgs__rosidl_typesupport_c__pyext
[3.642s] [100%] Built target ur_dashboard_msgs__rosidl_typesupport_introspection_c__pyext
[3.647s] Invoked command in '/home/rosrunner/DrawMeMaybe/ros2_ws/build/ur_dashboard_msgs' returned '0': CMAKE_PREFIX_PATH=/opt/ros/humble /usr/bin/cmake --build /home/rosrunner/DrawMeMaybe/ros2_ws/build/ur_dashboard_msgs -- -j24 -l24
[3.648s] Invoking command in '/home/rosrunner/DrawMeMaybe/ros2_ws/build/ur_dashboard_msgs': CMAKE_PREFIX_PATH=/opt/ros/humble /usr/bin/cmake --install /home/rosrunner/DrawMeMaybe/ros2_ws/build/ur_dashboard_msgs
[3.650s] -- Install configuration: ""
[3.651s] -- Execute custom install script
[3.651s] -- Symlinking: /home/rosrunner/DrawMeMaybe/ros2_ws/install/ur_dashboard_msgs/share/ament_index/resource_index/rosidl_interfaces/ur_dashboard_msgs
[3.654s] -- Symlinking: /home/rosrunner/DrawMeMaybe/ros2_ws/install/ur_dashboard_msgs/include/ur_dashboard_msgs/ur_dashboard_msgs/action/detail/set_mode__functions.h
[3.657s] -- Symlinking: /home/rosrunner/DrawMeMaybe/ros2_ws/install/ur_dashboard_msgs/include/ur_dashboard_msgs/ur_dashboard_msgs/action/detail/set_mode__struct.h
[3.659s] -- Symlinking: /home/rosrunner/DrawMeMaybe/ros2_ws/install/ur_dashboard_msgs/include/ur_dashboard_msgs/ur_dashboard_msgs/action/detail/set_mode__type_support.h
[3.662s] -- Symlinking: /home/rosrunner/DrawMeMaybe/ros2_ws/install/ur_dashboard_msgs/include/ur_dashboard_msgs/ur_dashboard_msgs/action/set_mode.h
[3.665s] -- Symlinking: /home/rosrunner/DrawMeMaybe/ros2_ws/install/ur_dashboard_msgs/include/ur_dashboard_msgs/ur_dashboard_msgs/msg/detail/program_state__functions.h
[3.667s] -- Symlinking: /home/rosrunner/DrawMeMaybe/ros2_ws/install/ur_dashboard_msgs/include/ur_dashboard_msgs/ur_dashboard_msgs/msg/detail/program_state__struct.h
[3.670s] -- Symlinking: /home/rosrunner/DrawMeMaybe/ros2_ws/install/ur_dashboard_msgs/include/ur_dashboard_msgs/ur_dashboard_msgs/msg/detail/program_state__type_support.h
[3.673s] -- Symlinking: /home/rosrunner/DrawMeMaybe/ros2_ws/install/ur_dashboard_msgs/include/ur_dashboard_msgs/ur_dashboard_msgs/msg/detail/robot_mode__functions.h
[3.676s] -- Symlinking: /home/rosrunner/DrawMeMaybe/ros2_ws/install/ur_dashboard_msgs/include/ur_dashboard_msgs/ur_dashboard_msgs/msg/detail/robot_mode__struct.h
[3.678s] -- Symlinking: /home/rosrunner/DrawMeMaybe/ros2_ws/install/ur_dashboard_msgs/include/ur_dashboard_msgs/ur_dashboard_msgs/msg/detail/robot_mode__type_support.h
[3.681s] -- Symlinking: /home/rosrunner/DrawMeMaybe/ros2_ws/install/ur_dashboard_msgs/include/ur_dashboard_msgs/ur_dashboard_msgs/msg/detail/safety_mode__functions.h
[3.684s] -- Symlinking: /home/rosrunner/DrawMeMaybe/ros2_ws/install/ur_dashboard_msgs/include/ur_dashboard_msgs/ur_dashboard_msgs/msg/detail/safety_mode__struct.h
[3.687s] -- Symlinking: /home/rosrunner/DrawMeMaybe/ros2_ws/install/ur_dashboard_msgs/include/ur_dashboard_msgs/ur_dashboard_msgs/msg/detail/safety_mode__type_support.h
[3.689s] -- Symlinking: /home/rosrunner/DrawMeMaybe/ros2_ws/install/ur_dashboard_msgs/include/ur_dashboard_msgs/ur_dashboard_msgs/msg/program_state.h
[3.692s] -- Symlinking: /home/rosrunner/DrawMeMaybe/ros2_ws/install/ur_dashboard_msgs/include/ur_dashboard_msgs/ur_dashboard_msgs/msg/robot_mode.h
[3.695s] -- Symlinking: /home/rosrunner/DrawMeMaybe/ros2_ws/install/ur_dashboard_msgs/include/ur_dashboard_msgs/ur_dashboard_msgs/msg/rosidl_generator_c__visibility_control.h
[3.697s] -- Symlinking: /home/rosrunner/DrawMeMaybe/ros2_ws/install/ur_dashboard_msgs/include/ur_dashboard_msgs/ur_dashboard_msgs/msg/safety_mode.h
[3.700s] -- Symlinking: /home/rosrunner/DrawMeMaybe/ros2_ws/install/ur_dashboard_msgs/include/ur_dashboard_msgs/ur_dashboard_msgs/srv/add_to_log.h
[3.703s] -- Symlinking: /home/rosrunner/DrawMeMaybe/ros2_ws/install/ur_dashboard_msgs/include/ur_dashboard_msgs/ur_dashboard_msgs/srv/detail/add_to_log__functions.h
[3.706s] -- Symlinking: /home/rosrunner/DrawMeMaybe/ros2_ws/install/ur_dashboard_msgs/include/ur_dashboard_msgs/ur_dashboard_msgs/srv/detail/add_to_log__struct.h
[3.708s] -- Symlinking: /home/rosrunner/DrawMeMaybe/ros2_ws/install/ur_dashboard_msgs/include/ur_dashboard_msgs/ur_dashboard_msgs/srv/detail/add_to_log__type_support.h
[3.711s] -- Symlinking: /home/rosrunner/DrawMeMaybe/ros2_ws/install/ur_dashboard_msgs/include/ur_dashboard_msgs/ur_dashboard_msgs/srv/detail/get_loaded_program__functions.h
[3.714s] -- Symlinking: /home/rosrunner/DrawMeMaybe/ros2_ws/install/ur_dashboard_msgs/include/ur_dashboard_msgs/ur_dashboard_msgs/srv/detail/get_loaded_program__struct.h
[3.717s] -- Symlinking: /home/rosrunner/DrawMeMaybe/ros2_ws/install/ur_dashboard_msgs/include/ur_dashboard_msgs/ur_dashboard_msgs/srv/detail/get_loaded_program__type_support.h
[3.719s] -- Symlinking: /home/rosrunner/DrawMeMaybe/ros2_ws/install/ur_dashboard_msgs/include/ur_dashboard_msgs/ur_dashboard_msgs/srv/detail/get_program_state__functions.h
[3.722s] -- Symlinking: /home/rosrunner/DrawMeMaybe/ros2_ws/install/ur_dashboard_msgs/include/ur_dashboard_msgs/ur_dashboard_msgs/srv/detail/get_program_state__struct.h
[3.725s] -- Symlinking: /home/rosrunner/DrawMeMaybe/ros2_ws/install/ur_dashboard_msgs/include/ur_dashboard_msgs/ur_dashboard_msgs/srv/detail/get_program_state__type_support.h
[3.728s] -- Symlinking: /home/rosrunner/DrawMeMaybe/ros2_ws/install/ur_dashboard_msgs/include/ur_dashboard_msgs/ur_dashboard_msgs/srv/detail/get_robot_mode__functions.h
[3.730s] -- Symlinking: /home/rosrunner/DrawMeMaybe/ros2_ws/install/ur_dashboard_msgs/include/ur_dashboard_msgs/ur_dashboard_msgs/srv/detail/get_robot_mode__struct.h
[3.733s] -- Symlinking: /home/rosrunner/DrawMeMaybe/ros2_ws/install/ur_dashboard_msgs/include/ur_dashboard_msgs/ur_dashboard_msgs/srv/detail/get_robot_mode__type_support.h
[3.736s] -- Symlinking: /home/rosrunner/DrawMeMaybe/ros2_ws/install/ur_dashboard_msgs/include/ur_dashboard_msgs/ur_dashboard_msgs/srv/detail/get_safety_mode__functions.h
[3.739s] -- Symlinking: /home/rosrunner/DrawMeMaybe/ros2_ws/install/ur_dashboard_msgs/include/ur_dashboard_msgs/ur_dashboard_msgs/srv/detail/get_safety_mode__struct.h
[3.742s] -- Symlinking: /home/rosrunner/DrawMeMaybe/ros2_ws/install/ur_dashboard_msgs/include/ur_dashboard_msgs/ur_dashboard_msgs/srv/detail/get_safety_mode__type_support.h
[3.744s] -- Symlinking: /home/rosrunner/DrawMeMaybe/ros2_ws/install/ur_dashboard_msgs/include/ur_dashboard_msgs/ur_dashboard_msgs/srv/detail/is_in_remote_control__functions.h
[3.747s] -- Symlinking: /home/rosrunner/DrawMeMaybe/ros2_ws/install/ur_dashboard_msgs/include/ur_dashboard_msgs/ur_dashboard_msgs/srv/detail/is_in_remote_control__struct.h
[3.750s] -- Symlinking: /home/rosrunner/DrawMeMaybe/ros2_ws/install/ur_dashboard_msgs/include/ur_dashboard_msgs/ur_dashboard_msgs/srv/detail/is_in_remote_control__type_support.h
[3.753s] -- Symlinking: /home/rosrunner/DrawMeMaybe/ros2_ws/install/ur_dashboard_msgs/include/ur_dashboard_msgs/ur_dashboard_msgs/srv/detail/is_program_running__functions.h
[3.755s] -- Symlinking: /home/rosrunner/DrawMeMaybe/ros2_ws/install/ur_dashboard_msgs/include/ur_dashboard_msgs/ur_dashboard_msgs/srv/detail/is_program_running__struct.h
[3.758s] -- Symlinking: /home/rosrunner/DrawMeMaybe/ros2_ws/install/ur_dashboard_msgs/include/ur_dashboard_msgs/ur_dashboard_msgs/srv/detail/is_program_running__type_support.h
[3.761s] -- Symlinking: /home/rosrunner/DrawMeMaybe/ros2_ws/install/ur_dashboard_msgs/include/ur_dashboard_msgs/ur_dashboard_msgs/srv/detail/is_program_saved__functions.h
[3.764s] -- Symlinking: /home/rosrunner/DrawMeMaybe/ros2_ws/install/ur_dashboard_msgs/include/ur_dashboard_msgs/ur_dashboard_msgs/srv/detail/is_program_saved__struct.h
[3.767s] -- Symlinking: /home/rosrunner/DrawMeMaybe/ros2_ws/install/ur_dashboard_msgs/include/ur_dashboard_msgs/ur_dashboard_msgs/srv/detail/is_program_saved__type_support.h
[3.769s] -- Symlinking: /home/rosrunner/DrawMeMaybe/ros2_ws/install/ur_dashboard_msgs/include/ur_dashboard_msgs/ur_dashboard_msgs/srv/detail/load__functions.h
[3.772s] -- Symlinking: /home/rosrunner/DrawMeMaybe/ros2_ws/install/ur_dashboard_msgs/include/ur_dashboard_msgs/ur_dashboard_msgs/srv/detail/load__struct.h
[3.775s] -- Symlinking: /home/rosrunner/DrawMeMaybe/ros2_ws/install/ur_dashboard_msgs/include/ur_dashboard_msgs/ur_dashboard_msgs/srv/detail/load__type_support.h
[3.778s] -- Symlinking: /home/rosrunner/DrawMeMaybe/ros2_ws/install/ur_dashboard_msgs/include/ur_dashboard_msgs/ur_dashboard_msgs/srv/detail/popup__functions.h
[3.781s] -- Symlinking: /home/rosrunner/DrawMeMaybe/ros2_ws/install/ur_dashboard_msgs/include/ur_dashboard_msgs/ur_dashboard_msgs/srv/detail/popup__struct.h
[3.783s] -- Symlinking: /home/rosrunner/DrawMeMaybe/ros2_ws/install/ur_dashboard_msgs/include/ur_dashboard_msgs/ur_dashboard_msgs/srv/detail/popup__type_support.h
[3.786s] -- Symlinking: /home/rosrunner/DrawMeMaybe/ros2_ws/install/ur_dashboard_msgs/include/ur_dashboard_msgs/ur_dashboard_msgs/srv/detail/raw_request__functions.h
[3.789s] -- Symlinking: /home/rosrunner/DrawMeMaybe/ros2_ws/install/ur_dashboard_msgs/include/ur_dashboard_msgs/ur_dashboard_msgs/srv/detail/raw_request__struct.h
[3.792s] -- Symlinking: /home/rosrunner/DrawMeMaybe/ros2_ws/install/ur_dashboard_msgs/include/ur_dashboard_msgs/ur_dashboard_msgs/srv/detail/raw_request__type_support.h
[3.794s] -- Symlinking: /home/rosrunner/DrawMeMaybe/ros2_ws/install/ur_dashboard_msgs/include/ur_dashboard_msgs/ur_dashboard_msgs/srv/get_loaded_program.h
[3.797s] -- Symlinking: /home/rosrunner/DrawMeMaybe/ros2_ws/install/ur_dashboard_msgs/include/ur_dashboard_msgs/ur_dashboard_msgs/srv/get_program_state.h
[3.800s] -- Symlinking: /home/rosrunner/DrawMeMaybe/ros2_ws/install/ur_dashboard_msgs/include/ur_dashboard_msgs/ur_dashboard_msgs/srv/get_robot_mode.h
[3.803s] -- Symlinking: /home/rosrunner/DrawMeMaybe/ros2_ws/install/ur_dashboard_msgs/include/ur_dashboard_msgs/ur_dashboard_msgs/srv/get_safety_mode.h
[3.805s] -- Symlinking: /home/rosrunner/DrawMeMaybe/ros2_ws/install/ur_dashboard_msgs/include/ur_dashboard_msgs/ur_dashboard_msgs/srv/is_in_remote_control.h
[3.808s] -- Symlinking: /home/rosrunner/DrawMeMaybe/ros2_ws/install/ur_dashboard_msgs/include/ur_dashboard_msgs/ur_dashboard_msgs/srv/is_program_running.h
[3.811s] -- Symlinking: /home/rosrunner/DrawMeMaybe/ros2_ws/install/ur_dashboard_msgs/include/ur_dashboard_msgs/ur_dashboard_msgs/srv/is_program_saved.h
[3.814s] -- Symlinking: /home/rosrunner/DrawMeMaybe/ros2_ws/install/ur_dashboard_msgs/include/ur_dashboard_msgs/ur_dashboard_msgs/srv/load.h
[3.817s] -- Symlinking: /home/rosrunner/DrawMeMaybe/ros2_ws/install/ur_dashboard_msgs/include/ur_dashboard_msgs/ur_dashboard_msgs/srv/popup.h
[3.820s] -- Symlinking: /home/rosrunner/DrawMeMaybe/ros2_ws/install/ur_dashboard_msgs/include/ur_dashboard_msgs/ur_dashboard_msgs/srv/raw_request.h
[3.823s] -- Symlinking: /home/rosrunner/DrawMeMaybe/ros2_ws/install/ur_dashboard_msgs/share/ur_dashboard_msgs/environment/library_path.sh
[3.826s] -- Symlinking: /home/rosrunner/DrawMeMaybe/ros2_ws/install/ur_dashboard_msgs/share/ur_dashboard_msgs/environment/library_path.dsv
[3.829s] -- Symlinking: /home/rosrunner/DrawMeMaybe/ros2_ws/install/ur_dashboard_msgs/include/ur_dashboard_msgs/ur_dashboard_msgs/action/detail/set_mode__rosidl_typesupport_fastrtps_c.h
[3.831s] -- Symlinking: /home/rosrunner/DrawMeMaybe/ros2_ws/install/ur_dashboard_msgs/include/ur_dashboard_msgs/ur_dashboard_msgs/msg/detail/program_state__rosidl_typesupport_fastrtps_c.h
[3.834s] -- Symlinking: /home/rosrunner/DrawMeMaybe/ros2_ws/install/ur_dashboard_msgs/include/ur_dashboard_msgs/ur_dashboard_msgs/msg/detail/robot_mode__rosidl_typesupport_fastrtps_c.h
[3.837s] -- Symlinking: /home/rosrunner/DrawMeMaybe/ros2_ws/install/ur_dashboard_msgs/include/ur_dashboard_msgs/ur_dashboard_msgs/msg/detail/safety_mode__rosidl_typesupport_fastrtps_c.h
[3.840s] -- Symlinking: /home/rosrunner/DrawMeMaybe/ros2_ws/install/ur_dashboard_msgs/include/ur_dashboard_msgs/ur_dashboard_msgs/msg/rosidl_typesupport_fastrtps_c__visibility_control.h
[3.842s] -- Symlinking: /home/rosrunner/DrawMeMaybe/ros2_ws/install/ur_dashboard_msgs/include/ur_dashboard_msgs/ur_dashboard_msgs/srv/detail/add_to_log__rosidl_typesupport_fastrtps_c.h
[3.845s] -- Symlinking: /home/rosrunner/DrawMeMaybe/ros2_ws/install/ur_dashboard_msgs/include/ur_dashboard_msgs/ur_dashboard_msgs/srv/detail/get_loaded_program__rosidl_typesupport_fastrtps_c.h
[3.848s] -- Symlinking: /home/rosrunner/DrawMeMaybe/ros2_ws/install/ur_dashboard_msgs/include/ur_dashboard_msgs/ur_dashboard_msgs/srv/detail/get_program_state__rosidl_typesupport_fastrtps_c.h
[3.851s] -- Symlinking: /home/rosrunner/DrawMeMaybe/ros2_ws/install/ur_dashboard_msgs/include/ur_dashboard_msgs/ur_dashboard_msgs/srv/detail/get_robot_mode__rosidl_typesupport_fastrtps_c.h
[3.853s] -- Symlinking: /home/rosrunner/DrawMeMaybe/ros2_ws/install/ur_dashboard_msgs/include/ur_dashboard_msgs/ur_dashboard_msgs/srv/detail/get_safety_mode__rosidl_typesupport_fastrtps_c.h
[3.856s] -- Symlinking: /home/rosrunner/DrawMeMaybe/ros2_ws/install/ur_dashboard_msgs/include/ur_dashboard_msgs/ur_dashboard_msgs/srv/detail/is_in_remote_control__rosidl_typesupport_fastrtps_c.h
[3.859s] -- Symlinking: /home/rosrunner/DrawMeMaybe/ros2_ws/install/ur_dashboard_msgs/include/ur_dashboard_msgs/ur_dashboard_msgs/srv/detail/is_program_running__rosidl_typesupport_fastrtps_c.h
[3.861s] -- Symlinking: /home/rosrunner/DrawMeMaybe/ros2_ws/install/ur_dashboard_msgs/include/ur_dashboard_msgs/ur_dashboard_msgs/srv/detail/is_program_saved__rosidl_typesupport_fastrtps_c.h
[3.864s] -- Symlinking: /home/rosrunner/DrawMeMaybe/ros2_ws/install/ur_dashboard_msgs/include/ur_dashboard_msgs/ur_dashboard_msgs/srv/detail/load__rosidl_typesupport_fastrtps_c.h
[3.867s] -- Symlinking: /home/rosrunner/DrawMeMaybe/ros2_ws/install/ur_dashboard_msgs/include/ur_dashboard_msgs/ur_dashboard_msgs/srv/detail/popup__rosidl_typesupport_fastrtps_c.h
[3.870s] -- Symlinking: /home/rosrunner/DrawMeMaybe/ros2_ws/install/ur_dashboard_msgs/include/ur_dashboard_msgs/ur_dashboard_msgs/srv/detail/raw_request__rosidl_typesupport_fastrtps_c.h
[3.874s] -- Symlinking: /home/rosrunner/DrawMeMaybe/ros2_ws/install/ur_dashboard_msgs/include/ur_dashboard_msgs/ur_dashboard_msgs/action/detail/set_mode__rosidl_typesupport_introspection_c.h
[3.876s] -- Symlinking: /home/rosrunner/DrawMeMaybe/ros2_ws/install/ur_dashboard_msgs/include/ur_dashboard_msgs/ur_dashboard_msgs/msg/detail/program_state__rosidl_typesupport_introspection_c.h
[3.879s] -- Symlinking: /home/rosrunner/DrawMeMaybe/ros2_ws/install/ur_dashboard_msgs/include/ur_dashboard_msgs/ur_dashboard_msgs/msg/detail/robot_mode__rosidl_typesupport_introspection_c.h
[3.882s] -- Symlinking: /home/rosrunner/DrawMeMaybe/ros2_ws/install/ur_dashboard_msgs/include/ur_dashboard_msgs/ur_dashboard_msgs/msg/detail/safety_mode__rosidl_typesupport_introspection_c.h
[3.884s] -- Symlinking: /home/rosrunner/DrawMeMaybe/ros2_ws/install/ur_dashboard_msgs/include/ur_dashboard_msgs/ur_dashboard_msgs/msg/rosidl_typesupport_introspection_c__visibility_control.h
[3.887s] -- Symlinking: /home/rosrunner/DrawMeMaybe/ros2_ws/install/ur_dashboard_msgs/include/ur_dashboard_msgs/ur_dashboard_msgs/srv/detail/add_to_log__rosidl_typesupport_introspection_c.h
[3.890s] -- Symlinking: /home/rosrunner/DrawMeMaybe/ros2_ws/install/ur_dashboard_msgs/include/ur_dashboard_msgs/ur_dashboard_msgs/srv/detail/get_loaded_program__rosidl_typesupport_introspection_c.h
[3.893s] -- Symlinking: /home/rosrunner/DrawMeMaybe/ros2_ws/install/ur_dashboard_msgs/include/ur_dashboard_msgs/ur_dashboard_msgs/srv/detail/get_program_state__rosidl_typesupport_introspection_c.h
[3.895s] -- Symlinking: /home/rosrunner/DrawMeMaybe/ros2_ws/install/ur_dashboard_msgs/include/ur_dashboard_msgs/ur_dashboard_msgs/srv/detail/get_robot_mode__rosidl_typesupport_introspection_c.h
[3.898s] -- Symlinking: /home/rosrunner/DrawMeMaybe/ros2_ws/install/ur_dashboard_msgs/include/ur_dashboard_msgs/ur_dashboard_msgs/srv/detail/get_safety_mode__rosidl_typesupport_introspection_c.h
[3.901s] -- Symlinking: /home/rosrunner/DrawMeMaybe/ros2_ws/install/ur_dashboard_msgs/include/ur_dashboard_msgs/ur_dashboard_msgs/srv/detail/is_in_remote_control__rosidl_typesupport_introspection_c.h
[3.904s] -- Symlinking: /home/rosrunner/DrawMeMaybe/ros2_ws/install/ur_dashboard_msgs/include/ur_dashboard_msgs/ur_dashboard_msgs/srv/detail/is_program_running__rosidl_typesupport_introspection_c.h
[3.907s] -- Symlinking: /home/rosrunner/DrawMeMaybe/ros2_ws/install/ur_dashboard_msgs/include/ur_dashboard_msgs/ur_dashboard_msgs/srv/detail/is_program_saved__rosidl_typesupport_introspection_c.h
[3.909s] -- Symlinking: /home/rosrunner/DrawMeMaybe/ros2_ws/install/ur_dashboard_msgs/include/ur_dashboard_msgs/ur_dashboard_msgs/srv/detail/load__rosidl_typesupport_introspection_c.h
[3.912s] -- Symlinking: /home/rosrunner/DrawMeMaybe/ros2_ws/install/ur_dashboard_msgs/include/ur_dashboard_msgs/ur_dashboard_msgs/srv/detail/popup__rosidl_typesupport_introspection_c.h
[3.915s] -- Symlinking: /home/rosrunner/DrawMeMaybe/ros2_ws/install/ur_dashboard_msgs/include/ur_dashboard_msgs/ur_dashboard_msgs/srv/detail/raw_request__rosidl_typesupport_introspection_c.h
[3.918s] -- Symlinking: /home/rosrunner/DrawMeMaybe/ros2_ws/install/ur_dashboard_msgs/include/ur_dashboard_msgs/ur_dashboard_msgs/action/detail/set_mode__builder.hpp
[3.921s] -- Symlinking: /home/rosrunner/DrawMeMaybe/ros2_ws/install/ur_dashboard_msgs/include/ur_dashboard_msgs/ur_dashboard_msgs/action/detail/set_mode__struct.hpp
[3.924s] -- Symlinking: /home/rosrunner/DrawMeMaybe/ros2_ws/install/ur_dashboard_msgs/include/ur_dashboard_msgs/ur_dashboard_msgs/action/detail/set_mode__traits.hpp
[3.927s] -- Symlinking: /home/rosrunner/DrawMeMaybe/ros2_ws/install/ur_dashboard_msgs/include/ur_dashboard_msgs/ur_dashboard_msgs/action/detail/set_mode__type_support.hpp
[3.929s] -- Symlinking: /home/rosrunner/DrawMeMaybe/ros2_ws/install/ur_dashboard_msgs/include/ur_dashboard_msgs/ur_dashboard_msgs/action/set_mode.hpp
[3.932s] -- Symlinking: /home/rosrunner/DrawMeMaybe/ros2_ws/install/ur_dashboard_msgs/include/ur_dashboard_msgs/ur_dashboard_msgs/msg/detail/program_state__builder.hpp
[3.935s] -- Symlinking: /home/rosrunner/DrawMeMaybe/ros2_ws/install/ur_dashboard_msgs/include/ur_dashboard_msgs/ur_dashboard_msgs/msg/detail/program_state__struct.hpp
[3.938s] -- Symlinking: /home/rosrunner/DrawMeMaybe/ros2_ws/install/ur_dashboard_msgs/include/ur_dashboard_msgs/ur_dashboard_msgs/msg/detail/program_state__traits.hpp
[3.940s] -- Symlinking: /home/rosrunner/DrawMeMaybe/ros2_ws/install/ur_dashboard_msgs/include/ur_dashboard_msgs/ur_dashboard_msgs/msg/detail/program_state__type_support.hpp
[3.943s] -- Symlinking: /home/rosrunner/DrawMeMaybe/ros2_ws/install/ur_dashboard_msgs/include/ur_dashboard_msgs/ur_dashboard_msgs/msg/detail/robot_mode__builder.hpp
[3.946s] -- Symlinking: /home/rosrunner/DrawMeMaybe/ros2_ws/install/ur_dashboard_msgs/include/ur_dashboard_msgs/ur_dashboard_msgs/msg/detail/robot_mode__struct.hpp
[3.949s] -- Symlinking: /home/rosrunner/DrawMeMaybe/ros2_ws/install/ur_dashboard_msgs/include/ur_dashboard_msgs/ur_dashboard_msgs/msg/detail/robot_mode__traits.hpp
[3.952s] -- Symlinking: /home/rosrunner/DrawMeMaybe/ros2_ws/install/ur_dashboard_msgs/include/ur_dashboard_msgs/ur_dashboard_msgs/msg/detail/robot_mode__type_support.hpp
[3.954s] -- Symlinking: /home/rosrunner/DrawMeMaybe/ros2_ws/install/ur_dashboard_msgs/include/ur_dashboard_msgs/ur_dashboard_msgs/msg/detail/safety_mode__builder.hpp
[3.958s] -- Symlinking: /home/rosrunner/DrawMeMaybe/ros2_ws/install/ur_dashboard_msgs/include/ur_dashboard_msgs/ur_dashboard_msgs/msg/detail/safety_mode__struct.hpp
[3.960s] -- Symlinking: /home/rosrunner/DrawMeMaybe/ros2_ws/install/ur_dashboard_msgs/include/ur_dashboard_msgs/ur_dashboard_msgs/msg/detail/safety_mode__traits.hpp
[3.963s] -- Symlinking: /home/rosrunner/DrawMeMaybe/ros2_ws/install/ur_dashboard_msgs/include/ur_dashboard_msgs/ur_dashboard_msgs/msg/detail/safety_mode__type_support.hpp
[3.966s] -- Symlinking: /home/rosrunner/DrawMeMaybe/ros2_ws/install/ur_dashboard_msgs/include/ur_dashboard_msgs/ur_dashboard_msgs/msg/program_state.hpp
[3.969s] -- Symlinking: /home/rosrunner/DrawMeMaybe/ros2_ws/install/ur_dashboard_msgs/include/ur_dashboard_msgs/ur_dashboard_msgs/msg/robot_mode.hpp
[3.972s] -- Symlinking: /home/rosrunner/DrawMeMaybe/ros2_ws/install/ur_dashboard_msgs/include/ur_dashboard_msgs/ur_dashboard_msgs/msg/rosidl_generator_cpp__visibility_control.hpp
[3.975s] -- Symlinking: /home/rosrunner/DrawMeMaybe/ros2_ws/install/ur_dashboard_msgs/include/ur_dashboard_msgs/ur_dashboard_msgs/msg/safety_mode.hpp
[3.978s] -- Symlinking: /home/rosrunner/DrawMeMaybe/ros2_ws/install/ur_dashboard_msgs/include/ur_dashboard_msgs/ur_dashboard_msgs/srv/add_to_log.hpp
[3.982s] -- Symlinking: /home/rosrunner/DrawMeMaybe/ros2_ws/install/ur_dashboard_msgs/include/ur_dashboard_msgs/ur_dashboard_msgs/srv/detail/add_to_log__builder.hpp
[3.984s] -- Symlinking: /home/rosrunner/DrawMeMaybe/ros2_ws/install/ur_dashboard_msgs/include/ur_dashboard_msgs/ur_dashboard_msgs/srv/detail/add_to_log__struct.hpp
[3.987s] -- Symlinking: /home/rosrunner/DrawMeMaybe/ros2_ws/install/ur_dashboard_msgs/include/ur_dashboard_msgs/ur_dashboard_msgs/srv/detail/add_to_log__traits.hpp
[3.990s] -- Symlinking: /home/rosrunner/DrawMeMaybe/ros2_ws/install/ur_dashboard_msgs/include/ur_dashboard_msgs/ur_dashboard_msgs/srv/detail/add_to_log__type_support.hpp
[3.993s] -- Symlinking: /home/rosrunner/DrawMeMaybe/ros2_ws/install/ur_dashboard_msgs/include/ur_dashboard_msgs/ur_dashboard_msgs/srv/detail/get_loaded_program__builder.hpp
[3.996s] -- Symlinking: /home/rosrunner/DrawMeMaybe/ros2_ws/install/ur_dashboard_msgs/include/ur_dashboard_msgs/ur_dashboard_msgs/srv/detail/get_loaded_program__struct.hpp
[3.999s] -- Symlinking: /home/rosrunner/DrawMeMaybe/ros2_ws/install/ur_dashboard_msgs/include/ur_dashboard_msgs/ur_dashboard_msgs/srv/detail/get_loaded_program__traits.hpp
[4.001s] -- Symlinking: /home/rosrunner/DrawMeMaybe/ros2_ws/install/ur_dashboard_msgs/include/ur_dashboard_msgs/ur_dashboard_msgs/srv/detail/get_loaded_program__type_support.hpp
[4.004s] -- Symlinking: /home/rosrunner/DrawMeMaybe/ros2_ws/install/ur_dashboard_msgs/include/ur_dashboard_msgs/ur_dashboard_msgs/srv/detail/get_program_state__builder.hpp
[4.007s] -- Symlinking: /home/rosrunner/DrawMeMaybe/ros2_ws/install/ur_dashboard_msgs/include/ur_dashboard_msgs/ur_dashboard_msgs/srv/detail/get_program_state__struct.hpp
[4.009s] -- Symlinking: /home/rosrunner/DrawMeMaybe/ros2_ws/install/ur_dashboard_msgs/include/ur_dashboard_msgs/ur_dashboard_msgs/srv/detail/get_program_state__traits.hpp
[4.012s] -- Symlinking: /home/rosrunner/DrawMeMaybe/ros2_ws/install/ur_dashboard_msgs/include/ur_dashboard_msgs/ur_dashboard_msgs/srv/detail/get_program_state__type_support.hpp
[4.015s] -- Symlinking: /home/rosrunner/DrawMeMaybe/ros2_ws/install/ur_dashboard_msgs/include/ur_dashboard_msgs/ur_dashboard_msgs/srv/detail/get_robot_mode__builder.hpp
[4.018s] -- Symlinking: /home/rosrunner/DrawMeMaybe/ros2_ws/install/ur_dashboard_msgs/include/ur_dashboard_msgs/ur_dashboard_msgs/srv/detail/get_robot_mode__struct.hpp
[4.021s] -- Symlinking: /home/rosrunner/DrawMeMaybe/ros2_ws/install/ur_dashboard_msgs/include/ur_dashboard_msgs/ur_dashboard_msgs/srv/detail/get_robot_mode__traits.hpp
[4.023s] -- Symlinking: /home/rosrunner/DrawMeMaybe/ros2_ws/install/ur_dashboard_msgs/include/ur_dashboard_msgs/ur_dashboard_msgs/srv/detail/get_robot_mode__type_support.hpp
[4.026s] -- Symlinking: /home/rosrunner/DrawMeMaybe/ros2_ws/install/ur_dashboard_msgs/include/ur_dashboard_msgs/ur_dashboard_msgs/srv/detail/get_safety_mode__builder.hpp
[4.029s] -- Symlinking: /home/rosrunner/DrawMeMaybe/ros2_ws/install/ur_dashboard_msgs/include/ur_dashboard_msgs/ur_dashboard_msgs/srv/detail/get_safety_mode__struct.hpp
[4.031s] -- Symlinking: /home/rosrunner/DrawMeMaybe/ros2_ws/install/ur_dashboard_msgs/include/ur_dashboard_msgs/ur_dashboard_msgs/srv/detail/get_safety_mode__traits.hpp
[4.034s] -- Symlinking: /home/rosrunner/DrawMeMaybe/ros2_ws/install/ur_dashboard_msgs/include/ur_dashboard_msgs/ur_dashboard_msgs/srv/detail/get_safety_mode__type_support.hpp
[4.037s] -- Symlinking: /home/rosrunner/DrawMeMaybe/ros2_ws/install/ur_dashboard_msgs/include/ur_dashboard_msgs/ur_dashboard_msgs/srv/detail/is_in_remote_control__builder.hpp
[4.039s] -- Symlinking: /home/rosrunner/DrawMeMaybe/ros2_ws/install/ur_dashboard_msgs/include/ur_dashboard_msgs/ur_dashboard_msgs/srv/detail/is_in_remote_control__struct.hpp
[4.042s] -- Symlinking: /home/rosrunner/DrawMeMaybe/ros2_ws/install/ur_dashboard_msgs/include/ur_dashboard_msgs/ur_dashboard_msgs/srv/detail/is_in_remote_control__traits.hpp
[4.044s] -- Symlinking: /home/rosrunner/DrawMeMaybe/ros2_ws/install/ur_dashboard_msgs/include/ur_dashboard_msgs/ur_dashboard_msgs/srv/detail/is_in_remote_control__type_support.hpp
[4.047s] -- Symlinking: /home/rosrunner/DrawMeMaybe/ros2_ws/install/ur_dashboard_msgs/include/ur_dashboard_msgs/ur_dashboard_msgs/srv/detail/is_program_running__builder.hpp
[4.050s] -- Symlinking: /home/rosrunner/DrawMeMaybe/ros2_ws/install/ur_dashboard_msgs/include/ur_dashboard_msgs/ur_dashboard_msgs/srv/detail/is_program_running__struct.hpp
[4.053s] -- Symlinking: /home/rosrunner/DrawMeMaybe/ros2_ws/install/ur_dashboard_msgs/include/ur_dashboard_msgs/ur_dashboard_msgs/srv/detail/is_program_running__traits.hpp
[4.055s] -- Symlinking: /home/rosrunner/DrawMeMaybe/ros2_ws/install/ur_dashboard_msgs/include/ur_dashboard_msgs/ur_dashboard_msgs/srv/detail/is_program_running__type_support.hpp
[4.058s] -- Symlinking: /home/rosrunner/DrawMeMaybe/ros2_ws/install/ur_dashboard_msgs/include/ur_dashboard_msgs/ur_dashboard_msgs/srv/detail/is_program_saved__builder.hpp
[4.061s] -- Symlinking: /home/rosrunner/DrawMeMaybe/ros2_ws/install/ur_dashboard_msgs/include/ur_dashboard_msgs/ur_dashboard_msgs/srv/detail/is_program_saved__struct.hpp
[4.064s] -- Symlinking: /home/rosrunner/DrawMeMaybe/ros2_ws/install/ur_dashboard_msgs/include/ur_dashboard_msgs/ur_dashboard_msgs/srv/detail/is_program_saved__traits.hpp
[4.067s] -- Symlinking: /home/rosrunner/DrawMeMaybe/ros2_ws/install/ur_dashboard_msgs/include/ur_dashboard_msgs/ur_dashboard_msgs/srv/detail/is_program_saved__type_support.hpp
[4.069s] -- Symlinking: /home/rosrunner/DrawMeMaybe/ros2_ws/install/ur_dashboard_msgs/include/ur_dashboard_msgs/ur_dashboard_msgs/srv/detail/load__builder.hpp
[4.072s] -- Symlinking: /home/rosrunner/DrawMeMaybe/ros2_ws/install/ur_dashboard_msgs/include/ur_dashboard_msgs/ur_dashboard_msgs/srv/detail/load__struct.hpp
[4.075s] -- Symlinking: /home/rosrunner/DrawMeMaybe/ros2_ws/install/ur_dashboard_msgs/include/ur_dashboard_msgs/ur_dashboard_msgs/srv/detail/load__traits.hpp
[4.078s] -- Symlinking: /home/rosrunner/DrawMeMaybe/ros2_ws/install/ur_dashboard_msgs/include/ur_dashboard_msgs/ur_dashboard_msgs/srv/detail/load__type_support.hpp
[4.080s] -- Symlinking: /home/rosrunner/DrawMeMaybe/ros2_ws/install/ur_dashboard_msgs/include/ur_dashboard_msgs/ur_dashboard_msgs/srv/detail/popup__builder.hpp
[4.083s] -- Symlinking: /home/rosrunner/DrawMeMaybe/ros2_ws/install/ur_dashboard_msgs/include/ur_dashboard_msgs/ur_dashboard_msgs/srv/detail/popup__struct.hpp
[4.085s] -- Symlinking: /home/rosrunner/DrawMeMaybe/ros2_ws/install/ur_dashboard_msgs/include/ur_dashboard_msgs/ur_dashboard_msgs/srv/detail/popup__traits.hpp
[4.088s] -- Symlinking: /home/rosrunner/DrawMeMaybe/ros2_ws/install/ur_dashboard_msgs/include/ur_dashboard_msgs/ur_dashboard_msgs/srv/detail/popup__type_support.hpp
[4.092s] -- Symlinking: /home/rosrunner/DrawMeMaybe/ros2_ws/install/ur_dashboard_msgs/include/ur_dashboard_msgs/ur_dashboard_msgs/srv/detail/raw_request__builder.hpp
[4.094s] -- Symlinking: /home/rosrunner/DrawMeMaybe/ros2_ws/install/ur_dashboard_msgs/include/ur_dashboard_msgs/ur_dashboard_msgs/srv/detail/raw_request__struct.hpp
[4.097s] -- Symlinking: /home/rosrunner/DrawMeMaybe/ros2_ws/install/ur_dashboard_msgs/include/ur_dashboard_msgs/ur_dashboard_msgs/srv/detail/raw_request__traits.hpp
[4.100s] -- Symlinking: /home/rosrunner/DrawMeMaybe/ros2_ws/install/ur_dashboard_msgs/include/ur_dashboard_msgs/ur_dashboard_msgs/srv/detail/raw_request__type_support.hpp
[4.103s] -- Symlinking: /home/rosrunner/DrawMeMaybe/ros2_ws/install/ur_dashboard_msgs/include/ur_dashboard_msgs/ur_dashboard_msgs/srv/get_loaded_program.hpp
[4.105s] -- Symlinking: /home/rosrunner/DrawMeMaybe/ros2_ws/install/ur_dashboard_msgs/include/ur_dashboard_msgs/ur_dashboard_msgs/srv/get_program_state.hpp
[4.108s] -- Symlinking: /home/rosrunner/DrawMeMaybe/ros2_ws/install/ur_dashboard_msgs/include/ur_dashboard_msgs/ur_dashboard_msgs/srv/get_robot_mode.hpp
[4.111s] -- Symlinking: /home/rosrunner/DrawMeMaybe/ros2_ws/install/ur_dashboard_msgs/include/ur_dashboard_msgs/ur_dashboard_msgs/srv/get_safety_mode.hpp
[4.115s] -- Symlinking: /home/rosrunner/DrawMeMaybe/ros2_ws/install/ur_dashboard_msgs/include/ur_dashboard_msgs/ur_dashboard_msgs/srv/is_in_remote_control.hpp
[4.118s] -- Symlinking: /home/rosrunner/DrawMeMaybe/ros2_ws/install/ur_dashboard_msgs/include/ur_dashboard_msgs/ur_dashboard_msgs/srv/is_program_running.hpp
[4.121s] -- Symlinking: /home/rosrunner/DrawMeMaybe/ros2_ws/install/ur_dashboard_msgs/include/ur_dashboard_msgs/ur_dashboard_msgs/srv/is_program_saved.hpp
[4.123s] -- Symlinking: /home/rosrunner/DrawMeMaybe/ros2_ws/install/ur_dashboard_msgs/include/ur_dashboard_msgs/ur_dashboard_msgs/srv/load.hpp
[4.126s] -- Symlinking: /home/rosrunner/DrawMeMaybe/ros2_ws/install/ur_dashboard_msgs/include/ur_dashboard_msgs/ur_dashboard_msgs/srv/popup.hpp
[4.129s] -- Symlinking: /home/rosrunner/DrawMeMaybe/ros2_ws/install/ur_dashboard_msgs/include/ur_dashboard_msgs/ur_dashboard_msgs/srv/raw_request.hpp
[4.132s] -- Symlinking: /home/rosrunner/DrawMeMaybe/ros2_ws/install/ur_dashboard_msgs/include/ur_dashboard_msgs/ur_dashboard_msgs/action/detail/set_mode__rosidl_typesupport_fastrtps_cpp.hpp
[4.134s] -- Symlinking: /home/rosrunner/DrawMeMaybe/ros2_ws/install/ur_dashboard_msgs/include/ur_dashboard_msgs/ur_dashboard_msgs/msg/detail/program_state__rosidl_typesupport_fastrtps_cpp.hpp
[4.137s] -- Symlinking: /home/rosrunner/DrawMeMaybe/ros2_ws/install/ur_dashboard_msgs/include/ur_dashboard_msgs/ur_dashboard_msgs/msg/detail/robot_mode__rosidl_typesupport_fastrtps_cpp.hpp
[4.140s] -- Symlinking: /home/rosrunner/DrawMeMaybe/ros2_ws/install/ur_dashboard_msgs/include/ur_dashboard_msgs/ur_dashboard_msgs/msg/detail/safety_mode__rosidl_typesupport_fastrtps_cpp.hpp
[4.143s] -- Symlinking: /home/rosrunner/DrawMeMaybe/ros2_ws/install/ur_dashboard_msgs/include/ur_dashboard_msgs/ur_dashboard_msgs/msg/rosidl_typesupport_fastrtps_cpp__visibility_control.h
[4.145s] -- Symlinking: /home/rosrunner/DrawMeMaybe/ros2_ws/install/ur_dashboard_msgs/include/ur_dashboard_msgs/ur_dashboard_msgs/srv/detail/add_to_log__rosidl_typesupport_fastrtps_cpp.hpp
[4.148s] -- Symlinking: /home/rosrunner/DrawMeMaybe/ros2_ws/install/ur_dashboard_msgs/include/ur_dashboard_msgs/ur_dashboard_msgs/srv/detail/get_loaded_program__rosidl_typesupport_fastrtps_cpp.hpp
[4.151s] -- Symlinking: /home/rosrunner/DrawMeMaybe/ros2_ws/install/ur_dashboard_msgs/include/ur_dashboard_msgs/ur_dashboard_msgs/srv/detail/get_program_state__rosidl_typesupport_fastrtps_cpp.hpp
[4.154s] -- Symlinking: /home/rosrunner/DrawMeMaybe/ros2_ws/install/ur_dashboard_msgs/include/ur_dashboard_msgs/ur_dashboard_msgs/srv/detail/get_robot_mode__rosidl_typesupport_fastrtps_cpp.hpp
[4.157s] -- Symlinking: /home/rosrunner/DrawMeMaybe/ros2_ws/install/ur_dashboard_msgs/include/ur_dashboard_msgs/ur_dashboard_msgs/srv/detail/get_safety_mode__rosidl_typesupport_fastrtps_cpp.hpp
[4.159s] -- Symlinking: /home/rosrunner/DrawMeMaybe/ros2_ws/install/ur_dashboard_msgs/include/ur_dashboard_msgs/ur_dashboard_msgs/srv/detail/is_in_remote_control__rosidl_typesupport_fastrtps_cpp.hpp
[4.162s] -- Symlinking: /home/rosrunner/DrawMeMaybe/ros2_ws/install/ur_dashboard_msgs/include/ur_dashboard_msgs/ur_dashboard_msgs/srv/detail/is_program_running__rosidl_typesupport_fastrtps_cpp.hpp
[4.165s] -- Symlinking: /home/rosrunner/DrawMeMaybe/ros2_ws/install/ur_dashboard_msgs/include/ur_dashboard_msgs/ur_dashboard_msgs/srv/detail/is_program_saved__rosidl_typesupport_fastrtps_cpp.hpp
[4.168s] -- Symlinking: /home/rosrunner/DrawMeMaybe/ros2_ws/install/ur_dashboard_msgs/include/ur_dashboard_msgs/ur_dashboard_msgs/srv/detail/load__rosidl_typesupport_fastrtps_cpp.hpp
[4.171s] -- Symlinking: /home/rosrunner/DrawMeMaybe/ros2_ws/install/ur_dashboard_msgs/include/ur_dashboard_msgs/ur_dashboard_msgs/srv/detail/popup__rosidl_typesupport_fastrtps_cpp.hpp
[4.174s] -- Symlinking: /home/rosrunner/DrawMeMaybe/ros2_ws/install/ur_dashboard_msgs/include/ur_dashboard_msgs/ur_dashboard_msgs/srv/detail/raw_request__rosidl_typesupport_fastrtps_cpp.hpp
[4.177s] -- Symlinking: /home/rosrunner/DrawMeMaybe/ros2_ws/install/ur_dashboard_msgs/include/ur_dashboard_msgs/ur_dashboard_msgs/action/detail/set_mode__rosidl_typesupport_introspection_cpp.hpp
[4.179s] -- Symlinking: /home/rosrunner/DrawMeMaybe/ros2_ws/install/ur_dashboard_msgs/include/ur_dashboard_msgs/ur_dashboard_msgs/msg/detail/program_state__rosidl_typesupport_introspection_cpp.hpp
[4.182s] -- Symlinking: /home/rosrunner/DrawMeMaybe/ros2_ws/install/ur_dashboard_msgs/include/ur_dashboard_msgs/ur_dashboard_msgs/msg/detail/robot_mode__rosidl_typesupport_introspection_cpp.hpp
[4.185s] -- Symlinking: /home/rosrunner/DrawMeMaybe/ros2_ws/install/ur_dashboard_msgs/include/ur_dashboard_msgs/ur_dashboard_msgs/msg/detail/safety_mode__rosidl_typesupport_introspection_cpp.hpp
[4.188s] -- Symlinking: /home/rosrunner/DrawMeMaybe/ros2_ws/install/ur_dashboard_msgs/include/ur_dashboard_msgs/ur_dashboard_msgs/srv/detail/add_to_log__rosidl_typesupport_introspection_cpp.hpp
[4.191s] -- Symlinking: /home/rosrunner/DrawMeMaybe/ros2_ws/install/ur_dashboard_msgs/include/ur_dashboard_msgs/ur_dashboard_msgs/srv/detail/get_loaded_program__rosidl_typesupport_introspection_cpp.hpp
[4.194s] -- Symlinking: /home/rosrunner/DrawMeMaybe/ros2_ws/install/ur_dashboard_msgs/include/ur_dashboard_msgs/ur_dashboard_msgs/srv/detail/get_program_state__rosidl_typesupport_introspection_cpp.hpp
[4.197s] -- Symlinking: /home/rosrunner/DrawMeMaybe/ros2_ws/install/ur_dashboard_msgs/include/ur_dashboard_msgs/ur_dashboard_msgs/srv/detail/get_robot_mode__rosidl_typesupport_introspection_cpp.hpp
[4.200s] -- Symlinking: /home/rosrunner/DrawMeMaybe/ros2_ws/install/ur_dashboard_msgs/include/ur_dashboard_msgs/ur_dashboard_msgs/srv/detail/get_safety_mode__rosidl_typesupport_introspection_cpp.hpp
[4.202s] -- Symlinking: /home/rosrunner/DrawMeMaybe/ros2_ws/install/ur_dashboard_msgs/include/ur_dashboard_msgs/ur_dashboard_msgs/srv/detail/is_in_remote_control__rosidl_typesupport_introspection_cpp.hpp
[4.205s] -- Symlinking: /home/rosrunner/DrawMeMaybe/ros2_ws/install/ur_dashboard_msgs/include/ur_dashboard_msgs/ur_dashboard_msgs/srv/detail/is_program_running__rosidl_typesupport_introspection_cpp.hpp
[4.208s] -- Symlinking: /home/rosrunner/DrawMeMaybe/ros2_ws/install/ur_dashboard_msgs/include/ur_dashboard_msgs/ur_dashboard_msgs/srv/detail/is_program_saved__rosidl_typesupport_introspection_cpp.hpp
[4.211s] -- Symlinking: /home/rosrunner/DrawMeMaybe/ros2_ws/install/ur_dashboard_msgs/include/ur_dashboard_msgs/ur_dashboard_msgs/srv/detail/load__rosidl_typesupport_introspection_cpp.hpp
[4.214s] -- Symlinking: /home/rosrunner/DrawMeMaybe/ros2_ws/install/ur_dashboard_msgs/include/ur_dashboard_msgs/ur_dashboard_msgs/srv/detail/popup__rosidl_typesupport_introspection_cpp.hpp
[4.217s] -- Symlinking: /home/rosrunner/DrawMeMaybe/ros2_ws/install/ur_dashboard_msgs/include/ur_dashboard_msgs/ur_dashboard_msgs/srv/detail/raw_request__rosidl_typesupport_introspection_cpp.hpp
[4.220s] -- Symlinking: /home/rosrunner/DrawMeMaybe/ros2_ws/install/ur_dashboard_msgs/share/ur_dashboard_msgs/environment/pythonpath.sh
[4.224s] -- Symlinking: /home/rosrunner/DrawMeMaybe/ros2_ws/install/ur_dashboard_msgs/share/ur_dashboard_msgs/environment/pythonpath.dsv
[4.227s] -- Symlinking: /home/rosrunner/DrawMeMaybe/ros2_ws/install/ur_dashboard_msgs/local/lib/python3.10/dist-packages/ur_dashboard_msgs-2.10.0-py3.10.egg-info/PKG-INFO
[4.230s] -- Symlinking: /home/rosrunner/DrawMeMaybe/ros2_ws/install/ur_dashboard_msgs/local/lib/python3.10/dist-packages/ur_dashboard_msgs-2.10.0-py3.10.egg-info/SOURCES.txt
[4.233s] -- Symlinking: /home/rosrunner/DrawMeMaybe/ros2_ws/install/ur_dashboard_msgs/local/lib/python3.10/dist-packages/ur_dashboard_msgs-2.10.0-py3.10.egg-info/dependency_links.txt
[4.235s] -- Symlinking: /home/rosrunner/DrawMeMaybe/ros2_ws/install/ur_dashboard_msgs/local/lib/python3.10/dist-packages/ur_dashboard_msgs-2.10.0-py3.10.egg-info/top_level.txt
[4.238s] -- Symlinking: /home/rosrunner/DrawMeMaybe/ros2_ws/install/ur_dashboard_msgs/local/lib/python3.10/dist-packages/ur_dashboard_msgs/__init__.py
[4.241s] -- Symlinking: /home/rosrunner/DrawMeMaybe/ros2_ws/install/ur_dashboard_msgs/local/lib/python3.10/dist-packages/ur_dashboard_msgs/_ur_dashboard_msgs_s.ep.rosidl_typesupport_c.c
[4.244s] -- Symlinking: /home/rosrunner/DrawMeMaybe/ros2_ws/install/ur_dashboard_msgs/local/lib/python3.10/dist-packages/ur_dashboard_msgs/_ur_dashboard_msgs_s.ep.rosidl_typesupport_fastrtps_c.c
[4.247s] -- Symlinking: /home/rosrunner/DrawMeMaybe/ros2_ws/install/ur_dashboard_msgs/local/lib/python3.10/dist-packages/ur_dashboard_msgs/_ur_dashboard_msgs_s.ep.rosidl_typesupport_introspection_c.c
[4.253s] -- Symlinking: /home/rosrunner/DrawMeMaybe/ros2_ws/install/ur_dashboard_msgs/local/lib/python3.10/dist-packages/ur_dashboard_msgs/action/__init__.py
[4.256s] -- Symlinking: /home/rosrunner/DrawMeMaybe/ros2_ws/install/ur_dashboard_msgs/local/lib/python3.10/dist-packages/ur_dashboard_msgs/action/_set_mode.py
[4.259s] -- Symlinking: /home/rosrunner/DrawMeMaybe/ros2_ws/install/ur_dashboard_msgs/local/lib/python3.10/dist-packages/ur_dashboard_msgs/action/_set_mode_s.c
[4.261s] -- Symlinking: /home/rosrunner/DrawMeMaybe/ros2_ws/install/ur_dashboard_msgs/local/lib/python3.10/dist-packages/ur_dashboard_msgs/libur_dashboard_msgs__rosidl_generator_py.so
[4.264s] -- Symlinking: /home/rosrunner/DrawMeMaybe/ros2_ws/install/ur_dashboard_msgs/local/lib/python3.10/dist-packages/ur_dashboard_msgs/msg/__init__.py
[4.267s] -- Symlinking: /home/rosrunner/DrawMeMaybe/ros2_ws/install/ur_dashboard_msgs/local/lib/python3.10/dist-packages/ur_dashboard_msgs/msg/_program_state.py
[4.270s] -- Symlinking: /home/rosrunner/DrawMeMaybe/ros2_ws/install/ur_dashboard_msgs/local/lib/python3.10/dist-packages/ur_dashboard_msgs/msg/_program_state_s.c
[4.273s] -- Symlinking: /home/rosrunner/DrawMeMaybe/ros2_ws/install/ur_dashboard_msgs/local/lib/python3.10/dist-packages/ur_dashboard_msgs/msg/_robot_mode.py
[4.276s] -- Symlinking: /home/rosrunner/DrawMeMaybe/ros2_ws/install/ur_dashboard_msgs/local/lib/python3.10/dist-packages/ur_dashboard_msgs/msg/_robot_mode_s.c
[4.279s] -- Symlinking: /home/rosrunner/DrawMeMaybe/ros2_ws/install/ur_dashboard_msgs/local/lib/python3.10/dist-packages/ur_dashboard_msgs/msg/_safety_mode.py
[4.282s] -- Symlinking: /home/rosrunner/DrawMeMaybe/ros2_ws/install/ur_dashboard_msgs/local/lib/python3.10/dist-packages/ur_dashboard_msgs/msg/_safety_mode_s.c
[4.284s] -- Symlinking: /home/rosrunner/DrawMeMaybe/ros2_ws/install/ur_dashboard_msgs/local/lib/python3.10/dist-packages/ur_dashboard_msgs/srv/__init__.py
[4.287s] -- Symlinking: /home/rosrunner/DrawMeMaybe/ros2_ws/install/ur_dashboard_msgs/local/lib/python3.10/dist-packages/ur_dashboard_msgs/srv/_add_to_log.py
[4.290s] -- Symlinking: /home/rosrunner/DrawMeMaybe/ros2_ws/install/ur_dashboard_msgs/local/lib/python3.10/dist-packages/ur_dashboard_msgs/srv/_add_to_log_s.c
[4.293s] -- Symlinking: /home/rosrunner/DrawMeMaybe/ros2_ws/install/ur_dashboard_msgs/local/lib/python3.10/dist-packages/ur_dashboard_msgs/srv/_get_loaded_program.py
[4.295s] -- Symlinking: /home/rosrunner/DrawMeMaybe/ros2_ws/install/ur_dashboard_msgs/local/lib/python3.10/dist-packages/ur_dashboard_msgs/srv/_get_loaded_program_s.c
[4.298s] -- Symlinking: /home/rosrunner/DrawMeMaybe/ros2_ws/install/ur_dashboard_msgs/local/lib/python3.10/dist-packages/ur_dashboard_msgs/srv/_get_program_state.py
[4.301s] -- Symlinking: /home/rosrunner/DrawMeMaybe/ros2_ws/install/ur_dashboard_msgs/local/lib/python3.10/dist-packages/ur_dashboard_msgs/srv/_get_program_state_s.c
[4.303s] -- Symlinking: /home/rosrunner/DrawMeMaybe/ros2_ws/install/ur_dashboard_msgs/local/lib/python3.10/dist-packages/ur_dashboard_msgs/srv/_get_robot_mode.py
[4.306s] -- Symlinking: /home/rosrunner/DrawMeMaybe/ros2_ws/install/ur_dashboard_msgs/local/lib/python3.10/dist-packages/ur_dashboard_msgs/srv/_get_robot_mode_s.c
[4.309s] -- Symlinking: /home/rosrunner/DrawMeMaybe/ros2_ws/install/ur_dashboard_msgs/local/lib/python3.10/dist-packages/ur_dashboard_msgs/srv/_get_safety_mode.py
[4.311s] -- Symlinking: /home/rosrunner/DrawMeMaybe/ros2_ws/install/ur_dashboard_msgs/local/lib/python3.10/dist-packages/ur_dashboard_msgs/srv/_get_safety_mode_s.c
[4.314s] -- Symlinking: /home/rosrunner/DrawMeMaybe/ros2_ws/install/ur_dashboard_msgs/local/lib/python3.10/dist-packages/ur_dashboard_msgs/srv/_is_in_remote_control.py
[4.317s] -- Symlinking: /home/rosrunner/DrawMeMaybe/ros2_ws/install/ur_dashboard_msgs/local/lib/python3.10/dist-packages/ur_dashboard_msgs/srv/_is_in_remote_control_s.c
[4.319s] -- Symlinking: /home/rosrunner/DrawMeMaybe/ros2_ws/install/ur_dashboard_msgs/local/lib/python3.10/dist-packages/ur_dashboard_msgs/srv/_is_program_running.py
[4.322s] -- Symlinking: /home/rosrunner/DrawMeMaybe/ros2_ws/install/ur_dashboard_msgs/local/lib/python3.10/dist-packages/ur_dashboard_msgs/srv/_is_program_running_s.c
[4.325s] -- Symlinking: /home/rosrunner/DrawMeMaybe/ros2_ws/install/ur_dashboard_msgs/local/lib/python3.10/dist-packages/ur_dashboard_msgs/srv/_is_program_saved.py
[4.328s] -- Symlinking: /home/rosrunner/DrawMeMaybe/ros2_ws/install/ur_dashboard_msgs/local/lib/python3.10/dist-packages/ur_dashboard_msgs/srv/_is_program_saved_s.c
[4.331s] -- Symlinking: /home/rosrunner/DrawMeMaybe/ros2_ws/install/ur_dashboard_msgs/local/lib/python3.10/dist-packages/ur_dashboard_msgs/srv/_load.py
[4.334s] -- Symlinking: /home/rosrunner/DrawMeMaybe/ros2_ws/install/ur_dashboard_msgs/local/lib/python3.10/dist-packages/ur_dashboard_msgs/srv/_load_s.c
[4.336s] -- Symlinking: /home/rosrunner/DrawMeMaybe/ros2_ws/install/ur_dashboard_msgs/local/lib/python3.10/dist-packages/ur_dashboard_msgs/srv/_popup.py
[4.339s] -- Symlinking: /home/rosrunner/DrawMeMaybe/ros2_ws/install/ur_dashboard_msgs/local/lib/python3.10/dist-packages/ur_dashboard_msgs/srv/_popup_s.c
[4.342s] -- Symlinking: /home/rosrunner/DrawMeMaybe/ros2_ws/install/ur_dashboard_msgs/local/lib/python3.10/dist-packages/ur_dashboard_msgs/srv/_raw_request.py
[4.344s] -- Symlinking: /home/rosrunner/DrawMeMaybe/ros2_ws/install/ur_dashboard_msgs/local/lib/python3.10/dist-packages/ur_dashboard_msgs/srv/_raw_request_s.c
[4.347s] -- Symlinking: /home/rosrunner/DrawMeMaybe/ros2_ws/install/ur_dashboard_msgs/local/lib/python3.10/dist-packages/ur_dashboard_msgs/ur_dashboard_msgs_s__rosidl_typesupport_c.cpython-310-x86_64-linux-gnu.so
[4.350s] -- Symlinking: /home/rosrunner/DrawMeMaybe/ros2_ws/install/ur_dashboard_msgs/local/lib/python3.10/dist-packages/ur_dashboard_msgs/ur_dashboard_msgs_s__rosidl_typesupport_fastrtps_c.cpython-310-x86_64-linux-gnu.so
[4.353s] -- Symlinking: /home/rosrunner/DrawMeMaybe/ros2_ws/install/ur_dashboard_msgs/local/lib/python3.10/dist-packages/ur_dashboard_msgs/ur_dashboard_msgs_s__rosidl_typesupport_introspection_c.cpython-310-x86_64-linux-gnu.so
[4.356s] -- Up-to-date symlink: /home/rosrunner/DrawMeMaybe/ros2_ws/install/ur_dashboard_msgs/local/lib/python3.10/dist-packages/ur_dashboard_msgs/ur_dashboard_msgs_s__rosidl_typesupport_fastrtps_c.cpython-310-x86_64-linux-gnu.so
[4.356s] -- Up-to-date symlink: /home/rosrunner/DrawMeMaybe/ros2_ws/install/ur_dashboard_msgs/local/lib/python3.10/dist-packages/ur_dashboard_msgs/ur_dashboard_msgs_s__rosidl_typesupport_introspection_c.cpython-310-x86_64-linux-gnu.so
[4.356s] -- Up-to-date symlink: /home/rosrunner/DrawMeMaybe/ros2_ws/install/ur_dashboard_msgs/local/lib/python3.10/dist-packages/ur_dashboard_msgs/ur_dashboard_msgs_s__rosidl_typesupport_c.cpython-310-x86_64-linux-gnu.so
[4.356s] -- Symlinking: /home/rosrunner/DrawMeMaybe/ros2_ws/install/ur_dashboard_msgs/share/ur_dashboard_msgs/msg/ProgramState.idl
[4.358s] -- Symlinking: /home/rosrunner/DrawMeMaybe/ros2_ws/install/ur_dashboard_msgs/share/ur_dashboard_msgs/msg/RobotMode.idl
[4.361s] -- Symlinking: /home/rosrunner/DrawMeMaybe/ros2_ws/install/ur_dashboard_msgs/share/ur_dashboard_msgs/msg/SafetyMode.idl
[4.364s] -- Symlinking: /home/rosrunner/DrawMeMaybe/ros2_ws/install/ur_dashboard_msgs/share/ur_dashboard_msgs/srv/AddToLog.idl
[4.366s] -- Symlinking: /home/rosrunner/DrawMeMaybe/ros2_ws/install/ur_dashboard_msgs/share/ur_dashboard_msgs/srv/GetLoadedProgram.idl
[4.369s] -- Symlinking: /home/rosrunner/DrawMeMaybe/ros2_ws/install/ur_dashboard_msgs/share/ur_dashboard_msgs/srv/GetProgramState.idl
[4.372s] -- Symlinking: /home/rosrunner/DrawMeMaybe/ros2_ws/install/ur_dashboard_msgs/share/ur_dashboard_msgs/srv/GetRobotMode.idl
[4.375s] -- Symlinking: /home/rosrunner/DrawMeMaybe/ros2_ws/install/ur_dashboard_msgs/share/ur_dashboard_msgs/srv/GetSafetyMode.idl
[4.378s] -- Symlinking: /home/rosrunner/DrawMeMaybe/ros2_ws/install/ur_dashboard_msgs/share/ur_dashboard_msgs/srv/IsProgramRunning.idl
[4.381s] -- Symlinking: /home/rosrunner/DrawMeMaybe/ros2_ws/install/ur_dashboard_msgs/share/ur_dashboard_msgs/srv/IsProgramSaved.idl
[4.383s] -- Symlinking: /home/rosrunner/DrawMeMaybe/ros2_ws/install/ur_dashboard_msgs/share/ur_dashboard_msgs/srv/Load.idl
[4.386s] -- Symlinking: /home/rosrunner/DrawMeMaybe/ros2_ws/install/ur_dashboard_msgs/share/ur_dashboard_msgs/srv/Popup.idl
[4.389s] -- Symlinking: /home/rosrunner/DrawMeMaybe/ros2_ws/install/ur_dashboard_msgs/share/ur_dashboard_msgs/srv/RawRequest.idl
[4.392s] -- Symlinking: /home/rosrunner/DrawMeMaybe/ros2_ws/install/ur_dashboard_msgs/share/ur_dashboard_msgs/srv/IsInRemoteControl.idl
[4.395s] -- Symlinking: /home/rosrunner/DrawMeMaybe/ros2_ws/install/ur_dashboard_msgs/share/ur_dashboard_msgs/action/SetMode.idl
[4.398s] -- Symlinking: /home/rosrunner/DrawMeMaybe/ros2_ws/install/ur_dashboard_msgs/share/ur_dashboard_msgs/msg/ProgramState.msg
[4.400s] -- Symlinking: /home/rosrunner/DrawMeMaybe/ros2_ws/install/ur_dashboard_msgs/share/ur_dashboard_msgs/msg/RobotMode.msg
[4.403s] -- Symlinking: /home/rosrunner/DrawMeMaybe/ros2_ws/install/ur_dashboard_msgs/share/ur_dashboard_msgs/msg/SafetyMode.msg
[4.406s] -- Symlinking: /home/rosrunner/DrawMeMaybe/ros2_ws/install/ur_dashboard_msgs/share/ur_dashboard_msgs/srv/AddToLog.srv
[4.409s] -- Symlinking: /home/rosrunner/DrawMeMaybe/ros2_ws/install/ur_dashboard_msgs/share/ur_dashboard_msgs/srv/AddToLog_Request.msg
[4.412s] -- Symlinking: /home/rosrunner/DrawMeMaybe/ros2_ws/install/ur_dashboard_msgs/share/ur_dashboard_msgs/srv/AddToLog_Response.msg
[4.415s] -- Symlinking: /home/rosrunner/DrawMeMaybe/ros2_ws/install/ur_dashboard_msgs/share/ur_dashboard_msgs/srv/GetLoadedProgram.srv
[4.417s] -- Symlinking: /home/rosrunner/DrawMeMaybe/ros2_ws/install/ur_dashboard_msgs/share/ur_dashboard_msgs/srv/GetLoadedProgram_Request.msg
[4.420s] -- Symlinking: /home/rosrunner/DrawMeMaybe/ros2_ws/install/ur_dashboard_msgs/share/ur_dashboard_msgs/srv/GetLoadedProgram_Response.msg
[4.423s] -- Symlinking: /home/rosrunner/DrawMeMaybe/ros2_ws/install/ur_dashboard_msgs/share/ur_dashboard_msgs/srv/GetProgramState.srv
[4.425s] -- Symlinking: /home/rosrunner/DrawMeMaybe/ros2_ws/install/ur_dashboard_msgs/share/ur_dashboard_msgs/srv/GetProgramState_Request.msg
[4.428s] -- Symlinking: /home/rosrunner/DrawMeMaybe/ros2_ws/install/ur_dashboard_msgs/share/ur_dashboard_msgs/srv/GetProgramState_Response.msg
[4.431s] -- Symlinking: /home/rosrunner/DrawMeMaybe/ros2_ws/install/ur_dashboard_msgs/share/ur_dashboard_msgs/srv/GetRobotMode.srv
[4.434s] -- Symlinking: /home/rosrunner/DrawMeMaybe/ros2_ws/install/ur_dashboard_msgs/share/ur_dashboard_msgs/srv/GetRobotMode_Request.msg
[4.437s] -- Symlinking: /home/rosrunner/DrawMeMaybe/ros2_ws/install/ur_dashboard_msgs/share/ur_dashboard_msgs/srv/GetRobotMode_Response.msg
[4.439s] -- Symlinking: /home/rosrunner/DrawMeMaybe/ros2_ws/install/ur_dashboard_msgs/share/ur_dashboard_msgs/srv/GetSafetyMode.srv
[4.442s] -- Symlinking: /home/rosrunner/DrawMeMaybe/ros2_ws/install/ur_dashboard_msgs/share/ur_dashboard_msgs/srv/GetSafetyMode_Request.msg
[4.445s] -- Symlinking: /home/rosrunner/DrawMeMaybe/ros2_ws/install/ur_dashboard_msgs/share/ur_dashboard_msgs/srv/GetSafetyMode_Response.msg
[4.447s] -- Symlinking: /home/rosrunner/DrawMeMaybe/ros2_ws/install/ur_dashboard_msgs/share/ur_dashboard_msgs/srv/IsProgramRunning.srv
[4.450s] -- Symlinking: /home/rosrunner/DrawMeMaybe/ros2_ws/install/ur_dashboard_msgs/share/ur_dashboard_msgs/srv/IsProgramRunning_Request.msg
[4.452s] -- Symlinking: /home/rosrunner/DrawMeMaybe/ros2_ws/install/ur_dashboard_msgs/share/ur_dashboard_msgs/srv/IsProgramRunning_Response.msg
[4.455s] -- Symlinking: /home/rosrunner/DrawMeMaybe/ros2_ws/install/ur_dashboard_msgs/share/ur_dashboard_msgs/srv/IsProgramSaved.srv
[4.458s] -- Symlinking: /home/rosrunner/DrawMeMaybe/ros2_ws/install/ur_dashboard_msgs/share/ur_dashboard_msgs/srv/IsProgramSaved_Request.msg
[4.461s] -- Symlinking: /home/rosrunner/DrawMeMaybe/ros2_ws/install/ur_dashboard_msgs/share/ur_dashboard_msgs/srv/IsProgramSaved_Response.msg
[4.464s] -- Symlinking: /home/rosrunner/DrawMeMaybe/ros2_ws/install/ur_dashboard_msgs/share/ur_dashboard_msgs/srv/Load.srv
[4.467s] -- Symlinking: /home/rosrunner/DrawMeMaybe/ros2_ws/install/ur_dashboard_msgs/share/ur_dashboard_msgs/srv/Load_Request.msg
[4.469s] -- Symlinking: /home/rosrunner/DrawMeMaybe/ros2_ws/install/ur_dashboard_msgs/share/ur_dashboard_msgs/srv/Load_Response.msg
[4.472s] -- Symlinking: /home/rosrunner/DrawMeMaybe/ros2_ws/install/ur_dashboard_msgs/share/ur_dashboard_msgs/srv/Popup.srv
[4.475s] -- Symlinking: /home/rosrunner/DrawMeMaybe/ros2_ws/install/ur_dashboard_msgs/share/ur_dashboard_msgs/srv/Popup_Request.msg
[4.477s] -- Symlinking: /home/rosrunner/DrawMeMaybe/ros2_ws/install/ur_dashboard_msgs/share/ur_dashboard_msgs/srv/Popup_Response.msg
[4.480s] -- Symlinking: /home/rosrunner/DrawMeMaybe/ros2_ws/install/ur_dashboard_msgs/share/ur_dashboard_msgs/srv/RawRequest.srv
[4.483s] -- Symlinking: /home/rosrunner/DrawMeMaybe/ros2_ws/install/ur_dashboard_msgs/share/ur_dashboard_msgs/srv/RawRequest_Request.msg
[4.485s] -- Symlinking: /home/rosrunner/DrawMeMaybe/ros2_ws/install/ur_dashboard_msgs/share/ur_dashboard_msgs/srv/RawRequest_Response.msg
[4.489s] -- Symlinking: /home/rosrunner/DrawMeMaybe/ros2_ws/install/ur_dashboard_msgs/share/ur_dashboard_msgs/srv/IsInRemoteControl.srv
[4.491s] -- Symlinking: /home/rosrunner/DrawMeMaybe/ros2_ws/install/ur_dashboard_msgs/share/ur_dashboard_msgs/srv/IsInRemoteControl_Request.msg
[4.494s] -- Symlinking: /home/rosrunner/DrawMeMaybe/ros2_ws/install/ur_dashboard_msgs/share/ur_dashboard_msgs/srv/IsInRemoteControl_Response.msg
[4.497s] -- Symlinking: /home/rosrunner/DrawMeMaybe/ros2_ws/install/ur_dashboard_msgs/share/ur_dashboard_msgs/action/SetMode.action
[4.500s] -- Symlinking: /home/rosrunner/DrawMeMaybe/ros2_ws/install/ur_dashboard_msgs/share/ament_index/resource_index/package_run_dependencies/ur_dashboard_msgs
[4.502s] -- Symlinking: /home/rosrunner/DrawMeMaybe/ros2_ws/install/ur_dashboard_msgs/share/ament_index/resource_index/parent_prefix_path/ur_dashboard_msgs
[4.505s] -- Symlinking: /home/rosrunner/DrawMeMaybe/ros2_ws/install/ur_dashboard_msgs/share/ur_dashboard_msgs/environment/ament_prefix_path.sh
[4.508s] -- Symlinking: /home/rosrunner/DrawMeMaybe/ros2_ws/install/ur_dashboard_msgs/share/ur_dashboard_msgs/environment/ament_prefix_path.dsv
[4.510s] -- Symlinking: /home/rosrunner/DrawMeMaybe/ros2_ws/install/ur_dashboard_msgs/share/ur_dashboard_msgs/environment/path.sh
[4.513s] -- Symlinking: /home/rosrunner/DrawMeMaybe/ros2_ws/install/ur_dashboard_msgs/share/ur_dashboard_msgs/environment/path.dsv
[4.516s] -- Symlinking: /home/rosrunner/DrawMeMaybe/ros2_ws/install/ur_dashboard_msgs/share/ur_dashboard_msgs/local_setup.bash
[4.519s] -- Symlinking: /home/rosrunner/DrawMeMaybe/ros2_ws/install/ur_dashboard_msgs/share/ur_dashboard_msgs/local_setup.sh
[4.522s] -- Symlinking: /home/rosrunner/DrawMeMaybe/ros2_ws/install/ur_dashboard_msgs/share/ur_dashboard_msgs/local_setup.zsh
[4.524s] -- Symlinking: /home/rosrunner/DrawMeMaybe/ros2_ws/install/ur_dashboard_msgs/share/ur_dashboard_msgs/local_setup.dsv
[4.527s] -- Symlinking: /home/rosrunner/DrawMeMaybe/ros2_ws/install/ur_dashboard_msgs/share/ur_dashboard_msgs/package.dsv
[4.530s] -- Symlinking: /home/rosrunner/DrawMeMaybe/ros2_ws/install/ur_dashboard_msgs/share/ament_index/resource_index/packages/ur_dashboard_msgs
[4.532s] -- Symlinking: /home/rosrunner/DrawMeMaybe/ros2_ws/install/ur_dashboard_msgs/share/ur_dashboard_msgs/cmake/rosidl_cmake-extras.cmake
[4.535s] -- Symlinking: /home/rosrunner/DrawMeMaybe/ros2_ws/install/ur_dashboard_msgs/share/ur_dashboard_msgs/cmake/ament_cmake_export_dependencies-extras.cmake
[4.538s] -- Symlinking: /home/rosrunner/DrawMeMaybe/ros2_ws/install/ur_dashboard_msgs/share/ur_dashboard_msgs/cmake/ament_cmake_export_include_directories-extras.cmake
[4.540s] -- Symlinking: /home/rosrunner/DrawMeMaybe/ros2_ws/install/ur_dashboard_msgs/share/ur_dashboard_msgs/cmake/ament_cmake_export_libraries-extras.cmake
[4.543s] -- Symlinking: /home/rosrunner/DrawMeMaybe/ros2_ws/install/ur_dashboard_msgs/share/ur_dashboard_msgs/cmake/ament_cmake_export_targets-extras.cmake
[4.545s] -- Symlinking: /home/rosrunner/DrawMeMaybe/ros2_ws/install/ur_dashboard_msgs/share/ur_dashboard_msgs/cmake/rosidl_cmake_export_typesupport_targets-extras.cmake
[4.548s] -- Symlinking: /home/rosrunner/DrawMeMaybe/ros2_ws/install/ur_dashboard_msgs/share/ur_dashboard_msgs/cmake/rosidl_cmake_export_typesupport_libraries-extras.cmake
[4.551s] -- Symlinking: /home/rosrunner/DrawMeMaybe/ros2_ws/install/ur_dashboard_msgs/share/ur_dashboard_msgs/cmake/ur_dashboard_msgsConfig.cmake
[4.554s] -- Symlinking: /home/rosrunner/DrawMeMaybe/ros2_ws/install/ur_dashboard_msgs/share/ur_dashboard_msgs/cmake/ur_dashboard_msgsConfig-version.cmake
[4.557s] -- Symlinking: /home/rosrunner/DrawMeMaybe/ros2_ws/install/ur_dashboard_msgs/share/ur_dashboard_msgs/package.xml
[4.560s] -- Installing: /home/rosrunner/DrawMeMaybe/ros2_ws/install/ur_dashboard_msgs/lib/libur_dashboard_msgs__rosidl_generator_c.so
[4.560s] -- Set runtime path of "/home/rosrunner/DrawMeMaybe/ros2_ws/install/ur_dashboard_msgs/lib/libur_dashboard_msgs__rosidl_generator_c.so" to ""
[4.560s] -- Installing: /home/rosrunner/DrawMeMaybe/ros2_ws/install/ur_dashboard_msgs/lib/libur_dashboard_msgs__rosidl_typesupport_fastrtps_c.so
[4.560s] -- Set runtime path of "/home/rosrunner/DrawMeMaybe/ros2_ws/install/ur_dashboard_msgs/lib/libur_dashboard_msgs__rosidl_typesupport_fastrtps_c.so" to ""
[4.560s] -- Installing: /home/rosrunner/DrawMeMaybe/ros2_ws/install/ur_dashboard_msgs/lib/libur_dashboard_msgs__rosidl_typesupport_introspection_c.so
[4.560s] -- Set runtime path of "/home/rosrunner/DrawMeMaybe/ros2_ws/install/ur_dashboard_msgs/lib/libur_dashboard_msgs__rosidl_typesupport_introspection_c.so" to ""
[4.560s] -- Installing: /home/rosrunner/DrawMeMaybe/ros2_ws/install/ur_dashboard_msgs/lib/libur_dashboard_msgs__rosidl_typesupport_c.so
[4.560s] -- Set runtime path of "/home/rosrunner/DrawMeMaybe/ros2_ws/install/ur_dashboard_msgs/lib/libur_dashboard_msgs__rosidl_typesupport_c.so" to ""
[4.561s] -- Installing: /home/rosrunner/DrawMeMaybe/ros2_ws/install/ur_dashboard_msgs/lib/libur_dashboard_msgs__rosidl_typesupport_fastrtps_cpp.so
[4.561s] -- Set runtime path of "/home/rosrunner/DrawMeMaybe/ros2_ws/install/ur_dashboard_msgs/lib/libur_dashboard_msgs__rosidl_typesupport_fastrtps_cpp.so" to ""
[4.561s] -- Installing: /home/rosrunner/DrawMeMaybe/ros2_ws/install/ur_dashboard_msgs/lib/libur_dashboard_msgs__rosidl_typesupport_introspection_cpp.so
[4.561s] -- Set runtime path of "/home/rosrunner/DrawMeMaybe/ros2_ws/install/ur_dashboard_msgs/lib/libur_dashboard_msgs__rosidl_typesupport_introspection_cpp.so" to ""
[4.561s] -- Installing: /home/rosrunner/DrawMeMaybe/ros2_ws/install/ur_dashboard_msgs/lib/libur_dashboard_msgs__rosidl_typesupport_cpp.so
[4.561s] -- Set runtime path of "/home/rosrunner/DrawMeMaybe/ros2_ws/install/ur_dashboard_msgs/lib/libur_dashboard_msgs__rosidl_typesupport_cpp.so" to ""
[4.585s] Listing '/home/rosrunner/DrawMeMaybe/ros2_ws/install/ur_dashboard_msgs/local/lib/python3.10/dist-packages/ur_dashboard_msgs'...
[4.585s] Compiling '/home/rosrunner/DrawMeMaybe/ros2_ws/install/ur_dashboard_msgs/local/lib/python3.10/dist-packages/ur_dashboard_msgs/__init__.py'...
[4.585s] Listing '/home/rosrunner/DrawMeMaybe/ros2_ws/install/ur_dashboard_msgs/local/lib/python3.10/dist-packages/ur_dashboard_msgs/action'...
[4.585s] Compiling '/home/rosrunner/DrawMeMaybe/ros2_ws/install/ur_dashboard_msgs/local/lib/python3.10/dist-packages/ur_dashboard_msgs/action/__init__.py'...
[4.585s] Compiling '/home/rosrunner/DrawMeMaybe/ros2_ws/install/ur_dashboard_msgs/local/lib/python3.10/dist-packages/ur_dashboard_msgs/action/_set_mode.py'...
[4.585s] Listing '/home/rosrunner/DrawMeMaybe/ros2_ws/install/ur_dashboard_msgs/local/lib/python3.10/dist-packages/ur_dashboard_msgs/msg'...
[4.585s] Compiling '/home/rosrunner/DrawMeMaybe/ros2_ws/install/ur_dashboard_msgs/local/lib/python3.10/dist-packages/ur_dashboard_msgs/msg/__init__.py'...
[4.585s] Compiling '/home/rosrunner/DrawMeMaybe/ros2_ws/install/ur_dashboard_msgs/local/lib/python3.10/dist-packages/ur_dashboard_msgs/msg/_program_state.py'...
[4.585s] Compiling '/home/rosrunner/DrawMeMaybe/ros2_ws/install/ur_dashboard_msgs/local/lib/python3.10/dist-packages/ur_dashboard_msgs/msg/_robot_mode.py'...
[4.585s] Compiling '/home/rosrunner/DrawMeMaybe/ros2_ws/install/ur_dashboard_msgs/local/lib/python3.10/dist-packages/ur_dashboard_msgs/msg/_safety_mode.py'...
[4.585s] Listing '/home/rosrunner/DrawMeMaybe/ros2_ws/install/ur_dashboard_msgs/local/lib/python3.10/dist-packages/ur_dashboard_msgs/srv'...
[4.585s] Compiling '/home/rosrunner/DrawMeMaybe/ros2_ws/install/ur_dashboard_msgs/local/lib/python3.10/dist-packages/ur_dashboard_msgs/srv/__init__.py'...
[4.585s] Compiling '/home/rosrunner/DrawMeMaybe/ros2_ws/install/ur_dashboard_msgs/local/lib/python3.10/dist-packages/ur_dashboard_msgs/srv/_add_to_log.py'...
[4.585s] Compiling '/home/rosrunner/DrawMeMaybe/ros2_ws/install/ur_dashboard_msgs/local/lib/python3.10/dist-packages/ur_dashboard_msgs/srv/_get_loaded_program.py'...
[4.585s] Compiling '/home/rosrunner/DrawMeMaybe/ros2_ws/install/ur_dashboard_msgs/local/lib/python3.10/dist-packages/ur_dashboard_msgs/srv/_get_program_state.py'...
[4.585s] Compiling '/home/rosrunner/DrawMeMaybe/ros2_ws/install/ur_dashboard_msgs/local/lib/python3.10/dist-packages/ur_dashboard_msgs/srv/_get_robot_mode.py'...
[4.585s] Compiling '/home/rosrunner/DrawMeMaybe/ros2_ws/install/ur_dashboard_msgs/local/lib/python3.10/dist-packages/ur_dashboard_msgs/srv/_get_safety_mode.py'...
[4.585s] Compiling '/home/rosrunner/DrawMeMaybe/ros2_ws/install/ur_dashboard_msgs/local/lib/python3.10/dist-packages/ur_dashboard_msgs/srv/_is_in_remote_control.py'...
[4.586s] Compiling '/home/rosrunner/DrawMeMaybe/ros2_ws/install/ur_dashboard_msgs/local/lib/python3.10/dist-packages/ur_dashboard_msgs/srv/_is_program_running.py'...
[4.586s] Compiling '/home/rosrunner/DrawMeMaybe/ros2_ws/install/ur_dashboard_msgs/local/lib/python3.10/dist-packages/ur_dashboard_msgs/srv/_is_program_saved.py'...
[4.586s] Compiling '/home/rosrunner/DrawMeMaybe/ros2_ws/install/ur_dashboard_msgs/local/lib/python3.10/dist-packages/ur_dashboard_msgs/srv/_load.py'...
[4.586s] Compiling '/home/rosrunner/DrawMeMaybe/ros2_ws/install/ur_dashboard_msgs/local/lib/python3.10/dist-packages/ur_dashboard_msgs/srv/_popup.py'...
[4.586s] Compiling '/home/rosrunner/DrawMeMaybe/ros2_ws/install/ur_dashboard_msgs/local/lib/python3.10/dist-packages/ur_dashboard_msgs/srv/_raw_request.py'...
[4.588s] -- Installing: /home/rosrunner/DrawMeMaybe/ros2_ws/install/ur_dashboard_msgs/lib/libur_dashboard_msgs__rosidl_generator_py.so
[4.588s] -- Set runtime path of "/home/rosrunner/DrawMeMaybe/ros2_ws/install/ur_dashboard_msgs/lib/libur_dashboard_msgs__rosidl_generator_py.so" to ""
[4.588s] -- Installing: /home/rosrunner/DrawMeMaybe/ros2_ws/install/ur_dashboard_msgs/share/ur_dashboard_msgs/cmake/export_ur_dashboard_msgs__rosidl_generator_cExport.cmake
[4.588s] -- Installing: /home/rosrunner/DrawMeMaybe/ros2_ws/install/ur_dashboard_msgs/share/ur_dashboard_msgs/cmake/export_ur_dashboard_msgs__rosidl_generator_cExport-noconfig.cmake
[4.588s] -- Installing: /home/rosrunner/DrawMeMaybe/ros2_ws/install/ur_dashboard_msgs/share/ur_dashboard_msgs/cmake/export_ur_dashboard_msgs__rosidl_typesupport_fastrtps_cExport.cmake
[4.588s] -- Installing: /home/rosrunner/DrawMeMaybe/ros2_ws/install/ur_dashboard_msgs/share/ur_dashboard_msgs/cmake/export_ur_dashboard_msgs__rosidl_typesupport_fastrtps_cExport-noconfig.cmake
[4.588s] -- Installing: /home/rosrunner/DrawMeMaybe/ros2_ws/install/ur_dashboard_msgs/share/ur_dashboard_msgs/cmake/ur_dashboard_msgs__rosidl_typesupport_introspection_cExport.cmake
[4.588s] -- Installing: /home/rosrunner/DrawMeMaybe/ros2_ws/install/ur_dashboard_msgs/share/ur_dashboard_msgs/cmake/ur_dashboard_msgs__rosidl_typesupport_introspection_cExport-noconfig.cmake
[4.588s] -- Installing: /home/rosrunner/DrawMeMaybe/ros2_ws/install/ur_dashboard_msgs/share/ur_dashboard_msgs/cmake/ur_dashboard_msgs__rosidl_typesupport_cExport.cmake
[4.588s] -- Installing: /home/rosrunner/DrawMeMaybe/ros2_ws/install/ur_dashboard_msgs/share/ur_dashboard_msgs/cmake/ur_dashboard_msgs__rosidl_typesupport_cExport-noconfig.cmake
[4.588s] -- Installing: /home/rosrunner/DrawMeMaybe/ros2_ws/install/ur_dashboard_msgs/share/ur_dashboard_msgs/cmake/export_ur_dashboard_msgs__rosidl_generator_cppExport.cmake
[4.588s] -- Installing: /home/rosrunner/DrawMeMaybe/ros2_ws/install/ur_dashboard_msgs/share/ur_dashboard_msgs/cmake/export_ur_dashboard_msgs__rosidl_typesupport_fastrtps_cppExport.cmake
[4.588s] -- Installing: /home/rosrunner/DrawMeMaybe/ros2_ws/install/ur_dashboard_msgs/share/ur_dashboard_msgs/cmake/export_ur_dashboard_msgs__rosidl_typesupport_fastrtps_cppExport-noconfig.cmake
[4.588s] -- Installing: /home/rosrunner/DrawMeMaybe/ros2_ws/install/ur_dashboard_msgs/share/ur_dashboard_msgs/cmake/ur_dashboard_msgs__rosidl_typesupport_introspection_cppExport.cmake
[4.588s] -- Installing: /home/rosrunner/DrawMeMaybe/ros2_ws/install/ur_dashboard_msgs/share/ur_dashboard_msgs/cmake/ur_dashboard_msgs__rosidl_typesupport_introspection_cppExport-noconfig.cmake
[4.588s] -- Installing: /home/rosrunner/DrawMeMaybe/ros2_ws/install/ur_dashboard_msgs/share/ur_dashboard_msgs/cmake/ur_dashboard_msgs__rosidl_typesupport_cppExport.cmake
[4.589s] -- Installing: /home/rosrunner/DrawMeMaybe/ros2_ws/install/ur_dashboard_msgs/share/ur_dashboard_msgs/cmake/ur_dashboard_msgs__rosidl_typesupport_cppExport-noconfig.cmake
[4.589s] -- Installing: /home/rosrunner/DrawMeMaybe/ros2_ws/install/ur_dashboard_msgs/share/ur_dashboard_msgs/cmake/export_ur_dashboard_msgs__rosidl_generator_pyExport.cmake
[4.589s] -- Installing: /home/rosrunner/DrawMeMaybe/ros2_ws/install/ur_dashboard_msgs/share/ur_dashboard_msgs/cmake/export_ur_dashboard_msgs__rosidl_generator_pyExport-noconfig.cmake
[4.590s] Invoked command in '/home/rosrunner/DrawMeMaybe/ros2_ws/build/ur_dashboard_msgs' returned '0': CMAKE_PREFIX_PATH=/opt/ros/humble /usr/bin/cmake --install /home/rosrunner/DrawMeMaybe/ros2_ws/build/ur_dashboard_msgs
