[0.003s] Invoking command in '/home/rosrunner/DrawMeMaybe/ros2_ws/build/ur_moveit_config': AMENT_PREFIX_PATH=/home/rosrunner/DrawMeMaybe/ros2_ws/install/ur_description:${AMENT_PREFIX_PATH} CMAKE_PREFIX_PATH=/home/rosrunner/DrawMeMaybe/ros2_ws/install/ur_description:/opt/ros/humble /usr/bin/cmake /home/rosrunner/DrawMeMaybe/ros2_ws/src/ur_ros2_driver/ur_moveit_config -DAMENT_CMAKE_SYMLINK_INSTALL=1 -DCMAKE_INSTALL_PREFIX=/home/rosrunner/DrawMeMaybe/ros2_ws/install/ur_moveit_config
[0.025s] -- The C compiler identification is GNU 11.4.0
[0.048s] -- The CXX compiler identification is GNU 11.4.0
[0.051s] -- Detecting C compiler ABI info
[0.077s] -- Detecting C compiler ABI info - done
[0.080s] -- Check for working C compiler: /usr/bin/cc - skipped
[0.080s] -- Detecting C compile features
[0.080s] -- Detecting C compile features - done
[0.081s] -- Detecting CXX compiler ABI info
[0.125s] -- Detecting CXX compiler ABI info - done
[0.128s] -- Check for working CXX compiler: /usr/bin/c++ - skipped
[0.128s] -- Detecting CXX compile features
[0.129s] -- Detecting CXX compile features - done
[0.129s] -- Found ament_cmake: 1.3.12 (/opt/ros/humble/share/ament_cmake/cmake)
[0.195s] -- Found Python3: /usr/bin/python3 (found version "3.10.12") found components: Interpreter 
[0.221s] -- Override CMake install command with custom implementation using symlinks instead of copying resources
[0.286s] -- Configuring done
[0.287s] -- Generating done
[0.288s] -- Build files have been written to: /home/rosrunner/DrawMeMaybe/ros2_ws/build/ur_moveit_config
[0.290s] Invoked command in '/home/rosrunner/DrawMeMaybe/ros2_ws/build/ur_moveit_config' returned '0': AMENT_PREFIX_PATH=/home/rosrunner/DrawMeMaybe/ros2_ws/install/ur_description:${AMENT_PREFIX_PATH} CMAKE_PREFIX_PATH=/home/rosrunner/DrawMeMaybe/ros2_ws/install/ur_description:/opt/ros/humble /usr/bin/cmake /home/rosrunner/DrawMeMaybe/ros2_ws/src/ur_ros2_driver/ur_moveit_config -DAMENT_CMAKE_SYMLINK_INSTALL=1 -DCMAKE_INSTALL_PREFIX=/home/rosrunner/DrawMeMaybe/ros2_ws/install/ur_moveit_config
[0.291s] Invoking command in '/home/rosrunner/DrawMeMaybe/ros2_ws/build/ur_moveit_config': AMENT_PREFIX_PATH=/home/rosrunner/DrawMeMaybe/ros2_ws/install/ur_description:${AMENT_PREFIX_PATH} CMAKE_PREFIX_PATH=/home/rosrunner/DrawMeMaybe/ros2_ws/install/ur_description:/opt/ros/humble /usr/bin/cmake --build /home/rosrunner/DrawMeMaybe/ros2_ws/build/ur_moveit_config -- -j24 -l24
[0.310s] Built target ament_cmake_python_symlink_ur_moveit_config
[0.392s] running egg_info
[0.392s] creating ur_moveit_config.egg-info
[0.392s] writing ur_moveit_config.egg-info/PKG-INFO
[0.392s] writing dependency_links to ur_moveit_config.egg-info/dependency_links.txt
[0.392s] writing top-level names to ur_moveit_config.egg-info/top_level.txt
[0.392s] writing manifest file 'ur_moveit_config.egg-info/SOURCES.txt'
[0.393s] reading manifest file 'ur_moveit_config.egg-info/SOURCES.txt'
[0.393s] writing manifest file 'ur_moveit_config.egg-info/SOURCES.txt'
[0.404s] Built target ament_cmake_python_build_ur_moveit_config_egg
[0.408s] Invoked command in '/home/rosrunner/DrawMeMaybe/ros2_ws/build/ur_moveit_config' returned '0': AMENT_PREFIX_PATH=/home/rosrunner/DrawMeMaybe/ros2_ws/install/ur_description:${AMENT_PREFIX_PATH} CMAKE_PREFIX_PATH=/home/rosrunner/DrawMeMaybe/ros2_ws/install/ur_description:/opt/ros/humble /usr/bin/cmake --build /home/rosrunner/DrawMeMaybe/ros2_ws/build/ur_moveit_config -- -j24 -l24
[0.409s] Invoking command in '/home/rosrunner/DrawMeMaybe/ros2_ws/build/ur_moveit_config': AMENT_PREFIX_PATH=/home/rosrunner/DrawMeMaybe/ros2_ws/install/ur_description:${AMENT_PREFIX_PATH} CMAKE_PREFIX_PATH=/home/rosrunner/DrawMeMaybe/ros2_ws/install/ur_description:/opt/ros/humble /usr/bin/cmake --install /home/rosrunner/DrawMeMaybe/ros2_ws/build/ur_moveit_config
[0.411s] -- Install configuration: ""
[0.411s] -- Execute custom install script
[0.412s] -- Symlinking: /home/rosrunner/DrawMeMaybe/ros2_ws/install/ur_moveit_config/share/ur_moveit_config/config/controllers.yaml
[0.414s] -- Symlinking: /home/rosrunner/DrawMeMaybe/ros2_ws/install/ur_moveit_config/share/ur_moveit_config/config/joint_limits.yaml
[0.417s] -- Symlinking: /home/rosrunner/DrawMeMaybe/ros2_ws/install/ur_moveit_config/share/ur_moveit_config/config/kinematics.yaml
[0.420s] -- Symlinking: /home/rosrunner/DrawMeMaybe/ros2_ws/install/ur_moveit_config/share/ur_moveit_config/config/ompl_planning.yaml
[0.423s] -- Symlinking: /home/rosrunner/DrawMeMaybe/ros2_ws/install/ur_moveit_config/share/ur_moveit_config/config/ur_servo.yaml
[0.425s] -- Symlinking: /home/rosrunner/DrawMeMaybe/ros2_ws/install/ur_moveit_config/share/ur_moveit_config/launch/ur_moveit.launch.py
[0.428s] -- Symlinking: /home/rosrunner/DrawMeMaybe/ros2_ws/install/ur_moveit_config/share/ur_moveit_config/rviz/view_robot.rviz
[0.430s] -- Symlinking: /home/rosrunner/DrawMeMaybe/ros2_ws/install/ur_moveit_config/share/ur_moveit_config/srdf/ur.srdf.xacro
[0.433s] -- Symlinking: /home/rosrunner/DrawMeMaybe/ros2_ws/install/ur_moveit_config/share/ur_moveit_config/srdf/ur_macro.srdf.xacro
[0.436s] -- Symlinking: /home/rosrunner/DrawMeMaybe/ros2_ws/install/ur_moveit_config/share/ur_moveit_config/environment/pythonpath.sh
[0.438s] -- Symlinking: /home/rosrunner/DrawMeMaybe/ros2_ws/install/ur_moveit_config/share/ur_moveit_config/environment/pythonpath.dsv
[0.441s] -- Symlinking: /home/rosrunner/DrawMeMaybe/ros2_ws/install/ur_moveit_config/local/lib/python3.10/dist-packages/ur_moveit_config-2.10.0-py3.10.egg-info/PKG-INFO
[0.443s] -- Symlinking: /home/rosrunner/DrawMeMaybe/ros2_ws/install/ur_moveit_config/local/lib/python3.10/dist-packages/ur_moveit_config-2.10.0-py3.10.egg-info/SOURCES.txt
[0.446s] -- Symlinking: /home/rosrunner/DrawMeMaybe/ros2_ws/install/ur_moveit_config/local/lib/python3.10/dist-packages/ur_moveit_config-2.10.0-py3.10.egg-info/dependency_links.txt
[0.448s] -- Symlinking: /home/rosrunner/DrawMeMaybe/ros2_ws/install/ur_moveit_config/local/lib/python3.10/dist-packages/ur_moveit_config-2.10.0-py3.10.egg-info/top_level.txt
[0.451s] -- Symlinking: /home/rosrunner/DrawMeMaybe/ros2_ws/install/ur_moveit_config/local/lib/python3.10/dist-packages/ur_moveit_config/__init__.py
[0.454s] -- Symlinking: /home/rosrunner/DrawMeMaybe/ros2_ws/install/ur_moveit_config/local/lib/python3.10/dist-packages/ur_moveit_config/launch_common.py
[0.456s] -- Symlinking: /home/rosrunner/DrawMeMaybe/ros2_ws/install/ur_moveit_config/local/lib/python3.10/dist-packages/launch_common.py
[0.459s] -- Symlinking: /home/rosrunner/DrawMeMaybe/ros2_ws/install/ur_moveit_config/share/ament_index/resource_index/package_run_dependencies/ur_moveit_config
[0.462s] -- Symlinking: /home/rosrunner/DrawMeMaybe/ros2_ws/install/ur_moveit_config/share/ament_index/resource_index/parent_prefix_path/ur_moveit_config
[0.464s] -- Symlinking: /home/rosrunner/DrawMeMaybe/ros2_ws/install/ur_moveit_config/share/ur_moveit_config/environment/ament_prefix_path.sh
[0.468s] -- Symlinking: /home/rosrunner/DrawMeMaybe/ros2_ws/install/ur_moveit_config/share/ur_moveit_config/environment/ament_prefix_path.dsv
[0.471s] -- Symlinking: /home/rosrunner/DrawMeMaybe/ros2_ws/install/ur_moveit_config/share/ur_moveit_config/environment/path.sh
[0.475s] -- Symlinking: /home/rosrunner/DrawMeMaybe/ros2_ws/install/ur_moveit_config/share/ur_moveit_config/environment/path.dsv
[0.479s] -- Symlinking: /home/rosrunner/DrawMeMaybe/ros2_ws/install/ur_moveit_config/share/ur_moveit_config/local_setup.bash
[0.484s] -- Symlinking: /home/rosrunner/DrawMeMaybe/ros2_ws/install/ur_moveit_config/share/ur_moveit_config/local_setup.sh
[0.488s] -- Symlinking: /home/rosrunner/DrawMeMaybe/ros2_ws/install/ur_moveit_config/share/ur_moveit_config/local_setup.zsh
[0.494s] -- Symlinking: /home/rosrunner/DrawMeMaybe/ros2_ws/install/ur_moveit_config/share/ur_moveit_config/local_setup.dsv
[0.498s] -- Symlinking: /home/rosrunner/DrawMeMaybe/ros2_ws/install/ur_moveit_config/share/ur_moveit_config/package.dsv
[0.503s] -- Symlinking: /home/rosrunner/DrawMeMaybe/ros2_ws/install/ur_moveit_config/share/ament_index/resource_index/packages/ur_moveit_config
[0.506s] -- Symlinking: /home/rosrunner/DrawMeMaybe/ros2_ws/install/ur_moveit_config/share/ur_moveit_config/cmake/ur_moveit_configConfig.cmake
[0.511s] -- Symlinking: /home/rosrunner/DrawMeMaybe/ros2_ws/install/ur_moveit_config/share/ur_moveit_config/cmake/ur_moveit_configConfig-version.cmake
[0.516s] -- Symlinking: /home/rosrunner/DrawMeMaybe/ros2_ws/install/ur_moveit_config/share/ur_moveit_config/package.xml
[0.543s] Listing '/home/rosrunner/DrawMeMaybe/ros2_ws/install/ur_moveit_config/local/lib/python3.10/dist-packages/ur_moveit_config'...
[0.543s] Compiling '/home/rosrunner/DrawMeMaybe/ros2_ws/install/ur_moveit_config/local/lib/python3.10/dist-packages/ur_moveit_config/__init__.py'...
[0.543s] Compiling '/home/rosrunner/DrawMeMaybe/ros2_ws/install/ur_moveit_config/local/lib/python3.10/dist-packages/ur_moveit_config/launch_common.py'...
[0.568s] Compiling '/home/rosrunner/DrawMeMaybe/ros2_ws/install/ur_moveit_config/local/lib/python3.10/dist-packages/launch_common.py'...
[0.576s] Invoked command in '/home/rosrunner/DrawMeMaybe/ros2_ws/build/ur_moveit_config' returned '0': AMENT_PREFIX_PATH=/home/rosrunner/DrawMeMaybe/ros2_ws/install/ur_description:${AMENT_PREFIX_PATH} CMAKE_PREFIX_PATH=/home/rosrunner/DrawMeMaybe/ros2_ws/install/ur_description:/opt/ros/humble /usr/bin/cmake --install /home/rosrunner/DrawMeMaybe/ros2_ws/build/ur_moveit_config
