[0.003s] Invoking command in '/home/rosrunner/DrawMeMaybe/ros2_ws/build/ur_moveit_config': AMENT_PREFIX_PATH=/home/rosrunner/DrawMeMaybe/ros2_ws/install/ur_description:${AMENT_PREFIX_PATH} CMAKE_PREFIX_PATH=/home/rosrunner/DrawMeMaybe/ros2_ws/install/ur_description:/opt/ros/humble /usr/bin/cmake /home/rosrunner/DrawMeMaybe/ros2_ws/src/ur_ros2_driver/ur_moveit_config -DCMAKE_INSTALL_PREFIX=/home/rosrunner/DrawMeMaybe/ros2_ws/install/ur_moveit_config
[0.007s] -- Found ament_cmake: 1.3.12 (/opt/ros/humble/share/ament_cmake/cmake)
[0.054s] -- Override CMake install command with custom implementation using symlinks instead of copying resources
[0.110s] -- Configuring done
[0.111s] -- Generating done
[0.112s] -- Build files have been written to: /home/rosrunner/DrawMeMaybe/ros2_ws/build/ur_moveit_config
[0.113s] Invoked command in '/home/rosrunner/DrawMeMaybe/ros2_ws/build/ur_moveit_config' returned '0': AMENT_PREFIX_PATH=/home/rosrunner/DrawMeMaybe/ros2_ws/install/ur_description:${AMENT_PREFIX_PATH} CMAKE_PREFIX_PATH=/home/rosrunner/DrawMeMaybe/ros2_ws/install/ur_description:/opt/ros/humble /usr/bin/cmake /home/rosrunner/DrawMeMaybe/ros2_ws/src/ur_ros2_driver/ur_moveit_config -DCMAKE_INSTALL_PREFIX=/home/rosrunner/DrawMeMaybe/ros2_ws/install/ur_moveit_config
[0.114s] Invoking command in '/home/rosrunner/DrawMeMaybe/ros2_ws/build/ur_moveit_config': AMENT_PREFIX_PATH=/home/rosrunner/DrawMeMaybe/ros2_ws/install/ur_description:${AMENT_PREFIX_PATH} CMAKE_PREFIX_PATH=/home/rosrunner/DrawMeMaybe/ros2_ws/install/ur_description:/opt/ros/humble /usr/bin/cmake --build /home/rosrunner/DrawMeMaybe/ros2_ws/build/ur_moveit_config -- -j24 -l24
[0.133s] Built target ament_cmake_python_symlink_ur_moveit_config
[0.213s] running egg_info
[0.213s] writing ur_moveit_config.egg-info/PKG-INFO
[0.213s] writing dependency_links to ur_moveit_config.egg-info/dependency_links.txt
[0.213s] writing top-level names to ur_moveit_config.egg-info/top_level.txt
[0.214s] reading manifest file 'ur_moveit_config.egg-info/SOURCES.txt'
[0.214s] writing manifest file 'ur_moveit_config.egg-info/SOURCES.txt'
[0.226s] Built target ament_cmake_python_build_ur_moveit_config_egg
[0.230s] Invoked command in '/home/rosrunner/DrawMeMaybe/ros2_ws/build/ur_moveit_config' returned '0': AMENT_PREFIX_PATH=/home/rosrunner/DrawMeMaybe/ros2_ws/install/ur_description:${AMENT_PREFIX_PATH} CMAKE_PREFIX_PATH=/home/rosrunner/DrawMeMaybe/ros2_ws/install/ur_description:/opt/ros/humble /usr/bin/cmake --build /home/rosrunner/DrawMeMaybe/ros2_ws/build/ur_moveit_config -- -j24 -l24
[0.231s] Invoking command in '/home/rosrunner/DrawMeMaybe/ros2_ws/build/ur_moveit_config': AMENT_PREFIX_PATH=/home/rosrunner/DrawMeMaybe/ros2_ws/install/ur_description:${AMENT_PREFIX_PATH} CMAKE_PREFIX_PATH=/home/rosrunner/DrawMeMaybe/ros2_ws/install/ur_description:/opt/ros/humble /usr/bin/cmake --install /home/rosrunner/DrawMeMaybe/ros2_ws/build/ur_moveit_config
[0.234s] -- Install configuration: ""
[0.234s] -- Execute custom install script
[0.234s] -- Up-to-date symlink: /home/rosrunner/DrawMeMaybe/ros2_ws/install/ur_moveit_config/share/ur_moveit_config/config/controllers.yaml
[0.234s] -- Up-to-date symlink: /home/rosrunner/DrawMeMaybe/ros2_ws/install/ur_moveit_config/share/ur_moveit_config/config/joint_limits.yaml
[0.234s] -- Up-to-date symlink: /home/rosrunner/DrawMeMaybe/ros2_ws/install/ur_moveit_config/share/ur_moveit_config/config/kinematics.yaml
[0.234s] -- Up-to-date symlink: /home/rosrunner/DrawMeMaybe/ros2_ws/install/ur_moveit_config/share/ur_moveit_config/config/ompl_planning.yaml
[0.234s] -- Up-to-date symlink: /home/rosrunner/DrawMeMaybe/ros2_ws/install/ur_moveit_config/share/ur_moveit_config/config/ur_servo.yaml
[0.234s] -- Up-to-date symlink: /home/rosrunner/DrawMeMaybe/ros2_ws/install/ur_moveit_config/share/ur_moveit_config/launch/ur_moveit.launch.py
[0.234s] -- Up-to-date symlink: /home/rosrunner/DrawMeMaybe/ros2_ws/install/ur_moveit_config/share/ur_moveit_config/rviz/view_robot.rviz
[0.234s] -- Up-to-date symlink: /home/rosrunner/DrawMeMaybe/ros2_ws/install/ur_moveit_config/share/ur_moveit_config/srdf/ur.srdf.xacro
[0.234s] -- Up-to-date symlink: /home/rosrunner/DrawMeMaybe/ros2_ws/install/ur_moveit_config/share/ur_moveit_config/srdf/ur_macro.srdf.xacro
[0.234s] -- Up-to-date symlink: /home/rosrunner/DrawMeMaybe/ros2_ws/install/ur_moveit_config/share/ur_moveit_config/environment/pythonpath.sh
[0.235s] -- Up-to-date symlink: /home/rosrunner/DrawMeMaybe/ros2_ws/install/ur_moveit_config/share/ur_moveit_config/environment/pythonpath.dsv
[0.235s] -- Up-to-date symlink: /home/rosrunner/DrawMeMaybe/ros2_ws/install/ur_moveit_config/local/lib/python3.10/dist-packages/ur_moveit_config-2.10.0-py3.10.egg-info/PKG-INFO
[0.235s] -- Up-to-date symlink: /home/rosrunner/DrawMeMaybe/ros2_ws/install/ur_moveit_config/local/lib/python3.10/dist-packages/ur_moveit_config-2.10.0-py3.10.egg-info/SOURCES.txt
[0.235s] -- Up-to-date symlink: /home/rosrunner/DrawMeMaybe/ros2_ws/install/ur_moveit_config/local/lib/python3.10/dist-packages/ur_moveit_config-2.10.0-py3.10.egg-info/dependency_links.txt
[0.235s] -- Up-to-date symlink: /home/rosrunner/DrawMeMaybe/ros2_ws/install/ur_moveit_config/local/lib/python3.10/dist-packages/ur_moveit_config-2.10.0-py3.10.egg-info/top_level.txt
[0.235s] -- Up-to-date symlink: /home/rosrunner/DrawMeMaybe/ros2_ws/install/ur_moveit_config/local/lib/python3.10/dist-packages/ur_moveit_config/__init__.py
[0.235s] -- Up-to-date symlink: /home/rosrunner/DrawMeMaybe/ros2_ws/install/ur_moveit_config/local/lib/python3.10/dist-packages/ur_moveit_config/launch_common.py
[0.235s] -- Up-to-date symlink: /home/rosrunner/DrawMeMaybe/ros2_ws/install/ur_moveit_config/local/lib/python3.10/dist-packages/launch_common.py
[0.235s] -- Up-to-date symlink: /home/rosrunner/DrawMeMaybe/ros2_ws/install/ur_moveit_config/share/ament_index/resource_index/package_run_dependencies/ur_moveit_config
[0.235s] -- Up-to-date symlink: /home/rosrunner/DrawMeMaybe/ros2_ws/install/ur_moveit_config/share/ament_index/resource_index/parent_prefix_path/ur_moveit_config
[0.235s] -- Up-to-date symlink: /home/rosrunner/DrawMeMaybe/ros2_ws/install/ur_moveit_config/share/ur_moveit_config/environment/ament_prefix_path.sh
[0.235s] -- Up-to-date symlink: /home/rosrunner/DrawMeMaybe/ros2_ws/install/ur_moveit_config/share/ur_moveit_config/environment/ament_prefix_path.dsv
[0.235s] -- Up-to-date symlink: /home/rosrunner/DrawMeMaybe/ros2_ws/install/ur_moveit_config/share/ur_moveit_config/environment/path.sh
[0.235s] -- Up-to-date symlink: /home/rosrunner/DrawMeMaybe/ros2_ws/install/ur_moveit_config/share/ur_moveit_config/environment/path.dsv
[0.235s] -- Up-to-date symlink: /home/rosrunner/DrawMeMaybe/ros2_ws/install/ur_moveit_config/share/ur_moveit_config/local_setup.bash
[0.235s] -- Up-to-date symlink: /home/rosrunner/DrawMeMaybe/ros2_ws/install/ur_moveit_config/share/ur_moveit_config/local_setup.sh
[0.235s] -- Up-to-date symlink: /home/rosrunner/DrawMeMaybe/ros2_ws/install/ur_moveit_config/share/ur_moveit_config/local_setup.zsh
[0.235s] -- Up-to-date symlink: /home/rosrunner/DrawMeMaybe/ros2_ws/install/ur_moveit_config/share/ur_moveit_config/local_setup.dsv
[0.235s] -- Symlinking: /home/rosrunner/DrawMeMaybe/ros2_ws/install/ur_moveit_config/share/ur_moveit_config/package.dsv
[0.238s] -- Up-to-date symlink: /home/rosrunner/DrawMeMaybe/ros2_ws/install/ur_moveit_config/share/ament_index/resource_index/packages/ur_moveit_config
[0.238s] -- Up-to-date symlink: /home/rosrunner/DrawMeMaybe/ros2_ws/install/ur_moveit_config/share/ur_moveit_config/cmake/ur_moveit_configConfig.cmake
[0.238s] -- Up-to-date symlink: /home/rosrunner/DrawMeMaybe/ros2_ws/install/ur_moveit_config/share/ur_moveit_config/cmake/ur_moveit_configConfig-version.cmake
[0.238s] -- Up-to-date symlink: /home/rosrunner/DrawMeMaybe/ros2_ws/install/ur_moveit_config/share/ur_moveit_config/package.xml
[0.251s] Listing '/home/rosrunner/DrawMeMaybe/ros2_ws/install/ur_moveit_config/local/lib/python3.10/dist-packages/ur_moveit_config'...
[0.273s] Invoked command in '/home/rosrunner/DrawMeMaybe/ros2_ws/build/ur_moveit_config' returned '0': AMENT_PREFIX_PATH=/home/rosrunner/DrawMeMaybe/ros2_ws/install/ur_description:${AMENT_PREFIX_PATH} CMAKE_PREFIX_PATH=/home/rosrunner/DrawMeMaybe/ros2_ws/install/ur_description:/opt/ros/humble /usr/bin/cmake --install /home/rosrunner/DrawMeMaybe/ros2_ws/build/ur_moveit_config
